{"C:\\Users\\Douglas Blumeyer\\workspace\\web-render\\effects\\cmyktooth\\src\\components\\cmyktoothColorSet.ts": {"path":"C:\\Users\\Douglas Blumeyer\\workspace\\web-render\\effects\\cmyktooth\\src\\components\\cmyktoothColorSet.ts","statementMap":{"0":{"start":{"line":1,"column":0},"end":{"line":1,"column":69}},"1":{"start":{"line":3,"column":8},"end":{"line":3,"column":13}},"2":{"start":{"line":3,"column":15},"end":{"line":3,"column":19}},"3":{"start":{"line":3,"column":21},"end":{"line":3,"column":28}},"4":{"start":{"line":3,"column":30},"end":{"line":3,"column":36}},"5":{"start":{"line":3,"column":38},"end":{"line":3,"column":49}},"6":{"start":{"line":5,"column":35},"end":{"line":5,"column":80}},"7":{"start":{"line":7,"column":38},"end":{"line":7,"column":61}},"8":{"start":{"line":10,"column":1},"end":{"line":13,"column":3}},"9":{"start":{"line":10,"column":17},"end":{"line":13,"column":3}},"10":{"start":{"line":15,"column":9},"end":{"line":15,"column":26}}},"fnMap":{"0":{"name":"(anonymous_0)","decl":{"start":{"line":10,"column":1},"end":{"line":10,"column":16}},"loc":{"start":{"line":10,"column":1},"end":{"line":13,"column":3}}}},"branchMap":{},"s":{"0":1,"1":1,"2":1,"3":1,"4":1,"5":1,"6":1,"7":1,"8":1,"9":8,"10":1},"f":{"0":8},"b":{}}
,"C:\\Users\\Douglas Blumeyer\\workspace\\web-render\\effects\\cmyktooth\\src\\components\\cmyktoothTileSize.ts": {"path":"C:\\Users\\Douglas Blumeyer\\workspace\\web-render\\effects\\cmyktooth\\src\\components\\cmyktoothTileSize.ts","statementMap":{"0":{"start":{"line":1,"column":0},"end":{"line":1,"column":58}},"1":{"start":{"line":4,"column":1},"end":{"line":4,"column":60}},"2":{"start":{"line":4,"column":20},"end":{"line":4,"column":60}},"3":{"start":{"line":6,"column":9},"end":{"line":6,"column":26}}},"fnMap":{"0":{"name":"(anonymous_0)","decl":{"start":{"line":4,"column":1},"end":{"line":4,"column":1}},"loc":{"start":{"line":4,"column":9},"end":{"line":4,"column":60}}}},"branchMap":{},"s":{"0":1,"1":1,"2":2,"3":1},"f":{"0":2},"b":{}}
,"C:\\Users\\Douglas Blumeyer\\workspace\\web-render\\effects\\cmyktooth\\src\\view\\cmyktoothOpacity.ts": {"path":"C:\\Users\\Douglas Blumeyer\\workspace\\web-render\\effects\\cmyktooth\\src\\view\\cmyktoothOpacity.ts","statementMap":{"0":{"start":{"line":1,"column":0},"end":{"line":1,"column":44}},"1":{"start":{"line":3,"column":60},"end":{"line":3,"column":61}},"2":{"start":{"line":6,"column":1},"end":{"line":6,"column":97}},"3":{"start":{"line":6,"column":15},"end":{"line":6,"column":97}},"4":{"start":{"line":8,"column":9},"end":{"line":8,"column":25}}},"fnMap":{"0":{"name":"(anonymous_0)","decl":{"start":{"line":6,"column":1},"end":{"line":6,"column":14}},"loc":{"start":{"line":6,"column":1},"end":{"line":6,"column":97}}}},"branchMap":{},"s":{"0":1,"1":1,"2":1,"3":8,"4":1},"f":{"0":8},"b":{}}
,"C:\\Users\\Douglas Blumeyer\\workspace\\web-render\\effects\\cmyktooth\\src\\view\\cmyktoothViewRotationAboutCanvasCenter.ts": {"path":"C:\\Users\\Douglas Blumeyer\\workspace\\web-render\\effects\\cmyktooth\\src\\view\\cmyktoothViewRotationAboutCanvasCenter.ts","statementMap":{"0":{"start":{"line":1,"column":0},"end":{"line":1,"column":60}},"1":{"start":{"line":4,"column":1},"end":{"line":4,"column":100}},"2":{"start":{"line":4,"column":24},"end":{"line":4,"column":100}},"3":{"start":{"line":6,"column":9},"end":{"line":6,"column":47}}},"fnMap":{"0":{"name":"(anonymous_0)","decl":{"start":{"line":4,"column":1},"end":{"line":4,"column":1}},"loc":{"start":{"line":4,"column":11},"end":{"line":4,"column":100}}}},"branchMap":{},"s":{"0":1,"1":1,"2":2,"3":1},"f":{"0":2},"b":{}}
,"C:\\Users\\Douglas Blumeyer\\workspace\\web-render\\effects\\gingham-chevron-continuum\\src\\components\\getDistanceFromHomeAddress.ts": {"path":"C:\\Users\\Douglas Blumeyer\\workspace\\web-render\\effects\\gingham-chevron-continuum\\src\\components\\getDistanceFromHomeAddress.ts","statementMap":{"0":{"start":{"line":1,"column":0},"end":{"line":1,"column":46}},"1":{"start":{"line":4,"column":1},"end":{"line":5,"column":98}},"2":{"start":{"line":4,"column":4},"end":{"line":4,"column":15}},"3":{"start":{"line":5,"column":2},"end":{"line":5,"column":98}},"4":{"start":{"line":5,"column":69},"end":{"line":5,"column":94}},"5":{"start":{"line":7,"column":9},"end":{"line":7,"column":35}}},"fnMap":{"0":{"name":"(anonymous_0)","decl":{"start":{"line":4,"column":1},"end":{"line":4,"column":1}},"loc":{"start":{"line":4,"column":43},"end":{"line":5,"column":98}}},"1":{"name":"(anonymous_1)","decl":{"start":{"line":5,"column":35},"end":{"line":5,"column":35}},"loc":{"start":{"line":5,"column":56},"end":{"line":5,"column":94}}}},"branchMap":{},"s":{"0":1,"1":1,"2":48,"3":48,"4":97,"5":1},"f":{"0":48,"1":97},"b":{}}
,"C:\\Users\\Douglas Blumeyer\\workspace\\web-render\\effects\\gingham-chevron-continuum\\src\\components\\getGinghamChevronContinuumStripePositions.ts": {"path":"C:\\Users\\Douglas Blumeyer\\workspace\\web-render\\effects\\gingham-chevron-continuum\\src\\components\\getGinghamChevronContinuumStripePositions.ts","statementMap":{"0":{"start":{"line":1,"column":0},"end":{"line":10,"column":23}},"1":{"start":{"line":11,"column":0},"end":{"line":11,"column":68}},"2":{"start":{"line":12,"column":0},"end":{"line":12,"column":72}},"3":{"start":{"line":13,"column":0},"end":{"line":13,"column":76}},"4":{"start":{"line":17,"column":1},"end":{"line":26,"column":2}},"5":{"start":{"line":17,"column":4},"end":{"line":17,"column":15}},"6":{"start":{"line":18,"column":8},"end":{"line":21,"column":95}},"7":{"start":{"line":19,"column":3},"end":{"line":19,"column":21}},"8":{"start":{"line":20,"column":3},"end":{"line":20,"column":19}},"9":{"start":{"line":23,"column":42},"end":{"line":23,"column":85}},"10":{"start":{"line":25,"column":2},"end":{"line":25,"column":94}},"11":{"start":{"line":52,"column":9},"end":{"line":52,"column":50}},"12":{"start":{"line":29,"column":1},"end":{"line":50,"column":2}},"13":{"start":{"line":29,"column":4},"end":{"line":29,"column":20}},"14":{"start":{"line":29,"column":22},"end":{"line":29,"column":45}},"15":{"start":{"line":29,"column":47},"end":{"line":29,"column":65}},"16":{"start":{"line":30,"column":44},"end":{"line":30,"column":69}},"17":{"start":{"line":32,"column":2},"end":{"line":47,"column":3}},"18":{"start":{"line":33,"column":42},"end":{"line":37,"column":55}},"19":{"start":{"line":39,"column":3},"end":{"line":41,"column":4}},"20":{"start":{"line":40,"column":4},"end":{"line":40,"column":26}},"21":{"start":{"line":42,"column":3},"end":{"line":46,"column":4}},"22":{"start":{"line":43,"column":39},"end":{"line":43,"column":87}},"23":{"start":{"line":44,"column":40},"end":{"line":44,"column":108}},"24":{"start":{"line":45,"column":4},"end":{"line":45,"column":64}},"25":{"start":{"line":49,"column":2},"end":{"line":49,"column":24}}},"fnMap":{"0":{"name":"(anonymous_0)","decl":{"start":{"line":17,"column":1},"end":{"line":17,"column":1}},"loc":{"start":{"line":17,"column":43},"end":{"line":26,"column":2}}},"1":{"name":"(anonymous_1)","decl":{"start":{"line":29,"column":1},"end":{"line":29,"column":1}},"loc":{"start":{"line":29,"column":93},"end":{"line":50,"column":2}}}},"branchMap":{"0":{"loc":{"start":{"line":39,"column":3},"end":{"line":41,"column":4}},"type":"if","locations":[{"start":{"line":39,"column":3},"end":{"line":41,"column":4}},{"start":{"line":39,"column":3},"end":{"line":41,"column":4}}]},"1":{"loc":{"start":{"line":42,"column":3},"end":{"line":46,"column":4}},"type":"if","locations":[{"start":{"line":42,"column":3},"end":{"line":46,"column":4}},{"start":{"line":42,"column":3},"end":{"line":46,"column":4}}]}},"s":{"0":1,"1":1,"2":1,"3":1,"4":1,"5":41,"6":41,"7":41,"8":41,"9":41,"10":41,"11":1,"12":1,"13":41,"14":41,"15":41,"16":41,"17":41,"18":530,"19":530,"20":40,"21":490,"22":198,"23":198,"24":198,"25":1},"f":{"0":41,"1":41},"b":{"0":[40,490],"1":[198,292]}}
,"C:\\Users\\Douglas Blumeyer\\workspace\\web-render\\effects\\gingham-chevron-continuum\\src\\components\\indexOfFirstStripeCrossingThisTile.ts": {"path":"C:\\Users\\Douglas Blumeyer\\workspace\\web-render\\effects\\gingham-chevron-continuum\\src\\components\\indexOfFirstStripeCrossingThisTile.ts","statementMap":{"0":{"start":{"line":1,"column":0},"end":{"line":1,"column":116}},"1":{"start":{"line":2,"column":0},"end":{"line":2,"column":68}},"2":{"start":{"line":3,"column":0},"end":{"line":3,"column":76}},"3":{"start":{"line":6,"column":1},"end":{"line":25,"column":2}},"4":{"start":{"line":6,"column":4},"end":{"line":6,"column":15}},"5":{"start":{"line":7,"column":8},"end":{"line":10,"column":95}},"6":{"start":{"line":8,"column":3},"end":{"line":8,"column":21}},"7":{"start":{"line":9,"column":3},"end":{"line":9,"column":19}},"8":{"start":{"line":12,"column":2},"end":{"line":22,"column":3}},"9":{"start":{"line":13,"column":34},"end":{"line":17,"column":55}},"10":{"start":{"line":18,"column":9},"end":{"line":18,"column":55}},"11":{"start":{"line":18,"column":11},"end":{"line":18,"column":12}},"12":{"start":{"line":18,"column":14},"end":{"line":18,"column":15}},"13":{"start":{"line":19,"column":3},"end":{"line":21,"column":4}},"14":{"start":{"line":20,"column":4},"end":{"line":20,"column":22}},"15":{"start":{"line":24,"column":2},"end":{"line":24,"column":10}},"16":{"start":{"line":27,"column":9},"end":{"line":27,"column":43}}},"fnMap":{"0":{"name":"(anonymous_0)","decl":{"start":{"line":6,"column":1},"end":{"line":6,"column":1}},"loc":{"start":{"line":6,"column":43},"end":{"line":25,"column":2}}}},"branchMap":{"0":{"loc":{"start":{"line":19,"column":3},"end":{"line":21,"column":4}},"type":"if","locations":[{"start":{"line":19,"column":3},"end":{"line":21,"column":4}},{"start":{"line":19,"column":3},"end":{"line":21,"column":4}}]}},"s":{"0":1,"1":1,"2":1,"3":1,"4":3,"5":3,"6":3,"7":3,"8":3,"9":43,"10":43,"11":43,"12":43,"13":43,"14":2,"15":1,"16":1},"f":{"0":3},"b":{"0":[2,41]}}
,"C:\\Users\\Douglas Blumeyer\\workspace\\web-render\\effects\\gingham-chevron-continuum\\src\\components\\neededStripeCountToCoverGrid.ts": {"path":"C:\\Users\\Douglas Blumeyer\\workspace\\web-render\\effects\\gingham-chevron-continuum\\src\\components\\neededStripeCountToCoverGrid.ts","statementMap":{"0":{"start":{"line":1,"column":0},"end":{"line":1,"column":90}},"1":{"start":{"line":2,"column":0},"end":{"line":2,"column":73}},"2":{"start":{"line":5,"column":1},"end":{"line":14,"column":2}},"3":{"start":{"line":6,"column":8},"end":{"line":9,"column":95}},"4":{"start":{"line":7,"column":3},"end":{"line":7,"column":21}},"5":{"start":{"line":8,"column":3},"end":{"line":8,"column":19}},"6":{"start":{"line":11,"column":27},"end":{"line":11,"column":66}},"7":{"start":{"line":13,"column":2},"end":{"line":13,"column":75}},"8":{"start":{"line":16,"column":9},"end":{"line":16,"column":37}}},"fnMap":{"0":{"name":"(anonymous_0)","decl":{"start":{"line":5,"column":1},"end":{"line":null,"column":-1}},"loc":{"start":{"line":5,"column":1},"end":{"line":14,"column":2}}}},"branchMap":{},"s":{"0":1,"1":1,"2":1,"3":574,"4":574,"5":574,"6":574,"7":574,"8":1},"f":{"0":574},"b":{}}
,"C:\\Users\\Douglas Blumeyer\\workspace\\web-render\\effects\\gingham-chevron-continuum\\src\\components\\realignShapeColorIndicesForGinghamChevronContinuum.ts": {"path":"C:\\Users\\Douglas Blumeyer\\workspace\\web-render\\effects\\gingham-chevron-continuum\\src\\components\\realignShapeColorIndicesForGinghamChevronContinuum.ts","statementMap":{"0":{"start":{"line":3,"column":0},"end":{"line":3,"column":89}},"1":{"start":{"line":4,"column":0},"end":{"line":4,"column":65}},"2":{"start":{"line":5,"column":0},"end":{"line":5,"column":62}},"3":{"start":{"line":6,"column":0},"end":{"line":6,"column":88}},"4":{"start":{"line":9,"column":1},"end":{"line":15,"column":2}},"5":{"start":{"line":9,"column":4},"end":{"line":9,"column":15}},"6":{"start":{"line":9,"column":17},"end":{"line":9,"column":34}},"7":{"start":{"line":10,"column":30},"end":{"line":10,"column":81}},"8":{"start":{"line":12,"column":56},"end":{"line":12,"column":124}},"9":{"start":{"line":14,"column":2},"end":{"line":14,"column":57}},"10":{"start":{"line":17,"column":9},"end":{"line":17,"column":59}}},"fnMap":{"0":{"name":"(anonymous_0)","decl":{"start":{"line":9,"column":1},"end":{"line":9,"column":1}},"loc":{"start":{"line":9,"column":100},"end":{"line":15,"column":2}}}},"branchMap":{"0":{"loc":{"start":{"line":12,"column":77},"end":{"line":12,"column":104}},"type":"cond-expr","locations":[{"start":{"line":12,"column":77},"end":{"line":12,"column":104}},{"start":{"line":12,"column":107},"end":{"line":12,"column":124}}]}},"s":{"0":1,"1":1,"2":1,"3":1,"4":1,"5":2,"6":2,"7":2,"8":2,"9":2,"10":1},"f":{"0":2},"b":{"0":[1,1]}}
,"C:\\Users\\Douglas Blumeyer\\workspace\\web-render\\effects\\gongram\\constants.ts": {"path":"C:\\Users\\Douglas Blumeyer\\workspace\\web-render\\effects\\gongram\\constants.ts","statementMap":{"0":{"start":{"line":1,"column":0},"end":{"line":1,"column":40}},"1":{"start":{"line":4,"column":8},"end":{"line":4,"column":13}},"2":{"start":{"line":4,"column":15},"end":{"line":4,"column":19}},"3":{"start":{"line":4,"column":21},"end":{"line":4,"column":26}},"4":{"start":{"line":4,"column":28},"end":{"line":4,"column":31}},"5":{"start":{"line":4,"column":33},"end":{"line":4,"column":38}},"6":{"start":{"line":6,"column":36},"end":{"line":6,"column":83}},"7":{"start":{"line":14,"column":1},"end":{"line":14,"column":18}},"8":{"start":{"line":8,"column":36},"end":{"line":8,"column":60}},"9":{"start":{"line":15,"column":1},"end":{"line":15,"column":20}},"10":{"start":{"line":10,"column":31},"end":{"line":10,"column":32}},"11":{"start":{"line":13,"column":1},"end":{"line":13,"column":15}}},"fnMap":{},"branchMap":{},"s":{"0":1,"1":1,"2":1,"3":1,"4":1,"5":1,"6":1,"7":1,"8":1,"9":1,"10":1,"11":1},"f":{},"b":{}}
,"C:\\Users\\Douglas Blumeyer\\workspace\\web-render\\effects\\gongram\\src\\components\\gongramSupertile.ts": {"path":"C:\\Users\\Douglas Blumeyer\\workspace\\web-render\\effects\\gongram\\src\\components\\gongramSupertile.ts","statementMap":{"0":{"start":{"line":1,"column":0},"end":{"line":1,"column":46}},"1":{"start":{"line":3,"column":0},"end":{"line":3,"column":65}},"2":{"start":{"line":4,"column":0},"end":{"line":4,"column":68}},"3":{"start":{"line":7,"column":1},"end":{"line":9,"column":75}},"4":{"start":{"line":7,"column":18},"end":{"line":9,"column":75}},"5":{"start":{"line":8,"column":2},"end":{"line":9,"column":73}},"6":{"start":{"line":9,"column":3},"end":{"line":9,"column":72}},"7":{"start":{"line":11,"column":9},"end":{"line":11,"column":25}}},"fnMap":{"0":{"name":"(anonymous_0)","decl":{"start":{"line":7,"column":1},"end":{"line":7,"column":17}},"loc":{"start":{"line":7,"column":1},"end":{"line":9,"column":75}}},"1":{"name":"(anonymous_1)","decl":{"start":{"line":7,"column":65},"end":{"line":7,"column":65}},"loc":{"start":{"line":7,"column":75},"end":{"line":9,"column":73}}},"2":{"name":"(anonymous_2)","decl":{"start":{"line":8,"column":36},"end":{"line":8,"column":36}},"loc":{"start":{"line":8,"column":46},"end":{"line":9,"column":72}}}},"branchMap":{},"s":{"0":1,"1":1,"2":1,"3":1,"4":1,"5":5,"6":25,"7":1},"f":{"0":1,"1":5,"2":25},"b":{}}
,"C:\\Users\\Douglas Blumeyer\\workspace\\web-render\\effects\\gongram\\src\\components\\gongramWeave.ts": {"path":"C:\\Users\\Douglas Blumeyer\\workspace\\web-render\\effects\\gongram\\src\\components\\gongramWeave.ts","statementMap":{"0":{"start":{"line":2,"column":0},"end":{"line":2,"column":65}},"1":{"start":{"line":3,"column":0},"end":{"line":3,"column":68}},"2":{"start":{"line":6,"column":1},"end":{"line":9,"column":3}},"3":{"start":{"line":6,"column":14},"end":{"line":9,"column":3}},"4":{"start":{"line":8,"column":65},"end":{"line":8,"column":105}},"5":{"start":{"line":11,"column":9},"end":{"line":11,"column":21}}},"fnMap":{"0":{"name":"(anonymous_0)","decl":{"start":{"line":6,"column":1},"end":{"line":6,"column":13}},"loc":{"start":{"line":6,"column":1},"end":{"line":9,"column":3}}},"1":{"name":"(anonymous_1)","decl":{"start":{"line":8,"column":42},"end":{"line":8,"column":42}},"loc":{"start":{"line":8,"column":52},"end":{"line":8,"column":105}}}},"branchMap":{},"s":{"0":1,"1":1,"2":1,"3":1,"4":5,"5":1},"f":{"0":1,"1":5},"b":{}}
,"C:\\Users\\Douglas Blumeyer\\workspace\\web-render\\effects\\harmonitooth\\src\\components\\getHarmonicContinuumSegmentStripePositions.ts": {"path":"C:\\Users\\Douglas Blumeyer\\workspace\\web-render\\effects\\harmonitooth\\src\\components\\getHarmonicContinuumSegmentStripePositions.ts","statementMap":{"0":{"start":{"line":1,"column":0},"end":{"line":1,"column":101}},"1":{"start":{"line":2,"column":0},"end":{"line":2,"column":89}},"2":{"start":{"line":5,"column":1},"end":{"line":5,"column":97}},"3":{"start":{"line":5,"column":25},"end":{"line":5,"column":97}},"4":{"start":{"line":16,"column":9},"end":{"line":16,"column":51}},"5":{"start":{"line":8,"column":1},"end":{"line":14,"column":2}},"6":{"start":{"line":8,"column":4},"end":{"line":8,"column":15}},"7":{"start":{"line":8,"column":17},"end":{"line":8,"column":28}},"8":{"start":{"line":9,"column":41},"end":{"line":9,"column":56}},"9":{"start":{"line":10,"column":46},"end":{"line":10,"column":86}},"10":{"start":{"line":11,"column":40},"end":{"line":11,"column":97}},"11":{"start":{"line":13,"column":2},"end":{"line":13,"column":74}}},"fnMap":{"0":{"name":"(anonymous_0)","decl":{"start":{"line":5,"column":1},"end":{"line":5,"column":24}},"loc":{"start":{"line":5,"column":1},"end":{"line":5,"column":97}}},"1":{"name":"(anonymous_1)","decl":{"start":{"line":8,"column":1},"end":{"line":8,"column":1}},"loc":{"start":{"line":8,"column":76},"end":{"line":14,"column":2}}}},"branchMap":{},"s":{"0":1,"1":1,"2":1,"3":1,"4":1,"5":1,"6":9,"7":9,"8":9,"9":9,"10":9,"11":9},"f":{"0":1,"1":9},"b":{}}
,"C:\\Users\\Douglas Blumeyer\\workspace\\web-render\\effects\\harmonitooth\\src\\components\\getHarmonicContinuumStripePositions.ts": {"path":"C:\\Users\\Douglas Blumeyer\\workspace\\web-render\\effects\\harmonitooth\\src\\components\\getHarmonicContinuumStripePositions.ts","statementMap":{"0":{"start":{"line":1,"column":0},"end":{"line":1,"column":101}},"1":{"start":{"line":2,"column":0},"end":{"line":2,"column":71}},"2":{"start":{"line":5,"column":1},"end":{"line":5,"column":90}},"3":{"start":{"line":5,"column":25},"end":{"line":5,"column":90}},"4":{"start":{"line":11,"column":9},"end":{"line":11,"column":44}},"5":{"start":{"line":8,"column":1},"end":{"line":9,"column":78}},"6":{"start":{"line":8,"column":4},"end":{"line":8,"column":15}},"7":{"start":{"line":8,"column":17},"end":{"line":8,"column":28}},"8":{"start":{"line":9,"column":2},"end":{"line":9,"column":78}}},"fnMap":{"0":{"name":"(anonymous_0)","decl":{"start":{"line":5,"column":1},"end":{"line":5,"column":24}},"loc":{"start":{"line":5,"column":1},"end":{"line":5,"column":90}}},"1":{"name":"(anonymous_1)","decl":{"start":{"line":8,"column":1},"end":{"line":8,"column":1}},"loc":{"start":{"line":8,"column":76},"end":{"line":9,"column":78}}}},"branchMap":{},"s":{"0":1,"1":1,"2":1,"3":4,"4":1,"5":1,"6":40,"7":40,"8":40},"f":{"0":4,"1":40},"b":{}}
,"C:\\Users\\Douglas Blumeyer\\workspace\\web-render\\effects\\houndazzle\\src\\constants.ts": {"path":"C:\\Users\\Douglas Blumeyer\\workspace\\web-render\\effects\\houndazzle\\src\\constants.ts","statementMap":{"0":{"start":{"line":1,"column":32},"end":{"line":1,"column":34}},"1":{"start":{"line":5,"column":1},"end":{"line":5,"column":16}},"2":{"start":{"line":2,"column":61},"end":{"line":2,"column":62}},"3":{"start":{"line":6,"column":1},"end":{"line":6,"column":45}}},"fnMap":{},"branchMap":{},"s":{"0":1,"1":1,"2":1,"3":1},"f":{},"b":{}}
,"C:\\Users\\Douglas Blumeyer\\workspace\\web-render\\effects\\houndazzle\\src\\components\\substripe.ts": {"path":"C:\\Users\\Douglas Blumeyer\\workspace\\web-render\\effects\\houndazzle\\src\\components\\substripe.ts","statementMap":{"0":{"start":{"line":1,"column":0},"end":{"line":1,"column":51}},"1":{"start":{"line":2,"column":0},"end":{"line":2,"column":66}},"2":{"start":{"line":6,"column":1},"end":{"line":11,"column":2}},"3":{"start":{"line":7,"column":10},"end":{"line":7,"column":20}},"4":{"start":{"line":7,"column":22},"end":{"line":7,"column":30}},"5":{"start":{"line":7,"column":32},"end":{"line":7,"column":47}},"6":{"start":{"line":7,"column":49},"end":{"line":7,"column":63}},"7":{"start":{"line":7,"column":65},"end":{"line":7,"column":79}},"8":{"start":{"line":7,"column":81},"end":{"line":7,"column":96}},"9":{"start":{"line":8,"column":25},"end":{"line":8,"column":99}},"10":{"start":{"line":9,"column":2},"end":{"line":9,"column":103}},"11":{"start":{"line":10,"column":2},"end":{"line":10,"column":73}},"12":{"start":{"line":13,"column":9},"end":{"line":13,"column":18}}},"fnMap":{"0":{"name":"(anonymous_0)","decl":{"start":{"line":6,"column":1},"end":{"line":6,"column":1}},"loc":{"start":{"line":6,"column":25},"end":{"line":11,"column":2}}}},"branchMap":{},"s":{"0":1,"1":1,"2":1,"3":3,"4":3,"5":3,"6":3,"7":3,"8":3,"9":3,"10":3,"11":3,"12":1},"f":{"0":3},"b":{}}
,"C:\\Users\\Douglas Blumeyer\\workspace\\web-render\\effects\\houndazzle\\src\\components\\substripeTexture.ts": {"path":"C:\\Users\\Douglas Blumeyer\\workspace\\web-render\\effects\\houndazzle\\src\\components\\substripeTexture.ts","statementMap":{"0":{"start":{"line":2,"column":0},"end":{"line":2,"column":65}},"1":{"start":{"line":3,"column":0},"end":{"line":3,"column":91}},"2":{"start":{"line":4,"column":0},"end":{"line":4,"column":38}},"3":{"start":{"line":7,"column":1},"end":{"line":20,"column":2}},"4":{"start":{"line":7,"column":4},"end":{"line":7,"column":19}},"5":{"start":{"line":7,"column":21},"end":{"line":7,"column":36}},"6":{"start":{"line":7,"column":38},"end":{"line":7,"column":48}},"7":{"start":{"line":7,"column":50},"end":{"line":7,"column":58}},"8":{"start":{"line":8,"column":33},"end":{"line":8,"column":95}},"9":{"start":{"line":10,"column":2},"end":{"line":19,"column":4}},"10":{"start":{"line":11,"column":3},"end":{"line":18,"column":5}},"11":{"start":{"line":22,"column":9},"end":{"line":22,"column":25}}},"fnMap":{"0":{"name":"(anonymous_0)","decl":{"start":{"line":7,"column":1},"end":{"line":7,"column":1}},"loc":{"start":{"line":7,"column":82},"end":{"line":20,"column":2}}},"1":{"name":"(anonymous_1)","decl":{"start":{"line":10,"column":35},"end":{"line":10,"column":35}},"loc":{"start":{"line":10,"column":58},"end":{"line":19,"column":3}}}},"branchMap":{},"s":{"0":1,"1":1,"2":1,"3":1,"4":2,"5":2,"6":2,"7":2,"8":2,"9":2,"10":64,"11":1},"f":{"0":2,"1":64},"b":{}}
,"C:\\Users\\Douglas Blumeyer\\workspace\\web-render\\effects\\houndazzle\\src\\space\\index.ts": {"path":"C:\\Users\\Douglas Blumeyer\\workspace\\web-render\\effects\\houndazzle\\src\\space\\index.ts","statementMap":{"0":{"start":{"line":1,"column":0},"end":{"line":1,"column":64}},"1":{"start":{"line":6,"column":1},"end":{"line":6,"column":23}},"2":{"start":{"line":2,"column":0},"end":{"line":2,"column":52}},"3":{"start":{"line":7,"column":1},"end":{"line":7,"column":17}}},"fnMap":{},"branchMap":{},"s":{"0":1,"1":1,"2":1,"3":1},"f":{},"b":{}}
,"C:\\Users\\Douglas Blumeyer\\workspace\\web-render\\effects\\houndazzle\\src\\space\\orientSubstripeOutline.ts": {"path":"C:\\Users\\Douglas Blumeyer\\workspace\\web-render\\effects\\houndazzle\\src\\space\\orientSubstripeOutline.ts","statementMap":{"0":{"start":{"line":1,"column":0},"end":{"line":10,"column":23}},"1":{"start":{"line":13,"column":1},"end":{"line":22,"column":2}},"2":{"start":{"line":13,"column":4},"end":{"line":13,"column":11}},"3":{"start":{"line":13,"column":13},"end":{"line":13,"column":28}},"4":{"start":{"line":13,"column":30},"end":{"line":13,"column":45}},"5":{"start":{"line":13,"column":47},"end":{"line":13,"column":57}},"6":{"start":{"line":13,"column":59},"end":{"line":13,"column":67}},"7":{"start":{"line":14,"column":31},"end":{"line":14,"column":56}},"8":{"start":{"line":15,"column":27},"end":{"line":15,"column":90}},"9":{"start":{"line":17,"column":2},"end":{"line":21,"column":5}},"10":{"start":{"line":17,"column":49},"end":{"line":21,"column":4}},"11":{"start":{"line":24,"column":9},"end":{"line":24,"column":31}}},"fnMap":{"0":{"name":"(anonymous_0)","decl":{"start":{"line":13,"column":1},"end":{"line":13,"column":1}},"loc":{"start":{"line":13,"column":86},"end":{"line":22,"column":2}}},"1":{"name":"(anonymous_1)","decl":{"start":{"line":17,"column":21},"end":{"line":17,"column":21}},"loc":{"start":{"line":17,"column":44},"end":{"line":21,"column":4}}}},"branchMap":{},"s":{"0":1,"1":1,"2":1,"3":1,"4":1,"5":1,"6":1,"7":1,"8":1,"9":1,"10":1,"11":1},"f":{"0":1,"1":1},"b":{}}
,"C:\\Users\\Douglas Blumeyer\\workspace\\web-render\\effects\\houndazzle\\src\\space\\substripeOutline.ts": {"path":"C:\\Users\\Douglas Blumeyer\\workspace\\web-render\\effects\\houndazzle\\src\\space\\substripeOutline.ts","statementMap":{"0":{"start":{"line":1,"column":0},"end":{"line":1,"column":56}},"1":{"start":{"line":2,"column":0},"end":{"line":2,"column":74}},"2":{"start":{"line":5,"column":32},"end":{"line":5,"column":33}},"3":{"start":{"line":6,"column":36},"end":{"line":6,"column":37}},"4":{"start":{"line":7,"column":29},"end":{"line":7,"column":115}},"5":{"start":{"line":10,"column":1},"end":{"line":37,"column":2}},"6":{"start":{"line":10,"column":4},"end":{"line":10,"column":18}},"7":{"start":{"line":10,"column":20},"end":{"line":10,"column":34}},"8":{"start":{"line":10,"column":36},"end":{"line":10,"column":46}},"9":{"start":{"line":10,"column":48},"end":{"line":10,"column":56}},"10":{"start":{"line":11,"column":31},"end":{"line":13,"column":3}},"11":{"start":{"line":14,"column":31},"end":{"line":14,"column":74}},"12":{"start":{"line":16,"column":20},"end":{"line":16,"column":46}},"13":{"start":{"line":17,"column":20},"end":{"line":17,"column":46}},"14":{"start":{"line":19,"column":2},"end":{"line":36,"column":4}},"15":{"start":{"line":39,"column":9},"end":{"line":39,"column":25}}},"fnMap":{"0":{"name":"(anonymous_0)","decl":{"start":{"line":10,"column":1},"end":{"line":10,"column":1}},"loc":{"start":{"line":10,"column":82},"end":{"line":37,"column":2}}}},"branchMap":{},"s":{"0":1,"1":1,"2":1,"3":1,"4":1,"5":1,"6":1,"7":1,"8":1,"9":1,"10":1,"11":1,"12":1,"13":1,"14":1,"15":1},"f":{"0":1},"b":{}}
,"C:\\Users\\Douglas Blumeyer\\workspace\\web-render\\effects\\houndsmorphosis\\src\\components\\getHoundsmorphosisAddressOffset.ts": {"path":"C:\\Users\\Douglas Blumeyer\\workspace\\web-render\\effects\\houndsmorphosis\\src\\components\\getHoundsmorphosisAddressOffset.ts","statementMap":{"0":{"start":{"line":1,"column":0},"end":{"line":1,"column":50}},"1":{"start":{"line":5,"column":1},"end":{"line":20,"column":2}},"2":{"start":{"line":5,"column":4},"end":{"line":5,"column":15}},"3":{"start":{"line":6,"column":32},"end":{"line":6,"column":52}},"4":{"start":{"line":7,"column":32},"end":{"line":7,"column":52}},"5":{"start":{"line":8,"column":10},"end":{"line":8,"column":11}},"6":{"start":{"line":8,"column":13},"end":{"line":8,"column":14}},"7":{"start":{"line":10,"column":2},"end":{"line":13,"column":3}},"8":{"start":{"line":11,"column":3},"end":{"line":11,"column":64}},"9":{"start":{"line":12,"column":3},"end":{"line":12,"column":64}},"10":{"start":{"line":15,"column":2},"end":{"line":17,"column":3}},"11":{"start":{"line":16,"column":3},"end":{"line":16,"column":64}},"12":{"start":{"line":19,"column":2},"end":{"line":19,"column":41}},"13":{"start":{"line":22,"column":9},"end":{"line":22,"column":40}}},"fnMap":{"0":{"name":"(anonymous_0)","decl":{"start":{"line":5,"column":1},"end":{"line":5,"column":1}},"loc":{"start":{"line":5,"column":43},"end":{"line":20,"column":2}}}},"branchMap":{"0":{"loc":{"start":{"line":10,"column":2},"end":{"line":13,"column":3}},"type":"if","locations":[{"start":{"line":10,"column":2},"end":{"line":13,"column":3}},{"start":{"line":10,"column":2},"end":{"line":13,"column":3}}]},"1":{"loc":{"start":{"line":15,"column":2},"end":{"line":17,"column":3}},"type":"if","locations":[{"start":{"line":15,"column":2},"end":{"line":17,"column":3}},{"start":{"line":15,"column":2},"end":{"line":17,"column":3}}]}},"s":{"0":1,"1":1,"2":9,"3":9,"4":9,"5":9,"6":9,"7":9,"8":3,"9":3,"10":9,"11":3,"12":9,"13":1},"f":{"0":9},"b":{"0":[3,6],"1":[3,6]}}
,"C:\\Users\\Douglas Blumeyer\\workspace\\web-render\\effects\\houndsmorphosis\\src\\components\\getHoundsmorphosisTileOriginAndSize.ts": {"path":"C:\\Users\\Douglas Blumeyer\\workspace\\web-render\\effects\\houndsmorphosis\\src\\components\\getHoundsmorphosisTileOriginAndSize.ts","statementMap":{"0":{"start":{"line":1,"column":0},"end":{"line":1,"column":87}},"1":{"start":{"line":2,"column":0},"end":{"line":2,"column":102}},"2":{"start":{"line":5,"column":31},"end":{"line":5,"column":32}},"3":{"start":{"line":8,"column":1},"end":{"line":29,"column":2}},"4":{"start":{"line":8,"column":4},"end":{"line":8,"column":15}},"5":{"start":{"line":9,"column":8},"end":{"line":9,"column":54}},"6":{"start":{"line":9,"column":10},"end":{"line":9,"column":11}},"7":{"start":{"line":9,"column":13},"end":{"line":9,"column":14}},"8":{"start":{"line":10,"column":2},"end":{"line":12,"column":3}},"9":{"start":{"line":11,"column":3},"end":{"line":11,"column":19}},"10":{"start":{"line":14,"column":28},"end":{"line":14,"column":39}},"11":{"start":{"line":15,"column":28},"end":{"line":15,"column":39}},"12":{"start":{"line":17,"column":25},"end":{"line":17,"column":72}},"13":{"start":{"line":19,"column":25},"end":{"line":19,"column":84}},"14":{"start":{"line":20,"column":33},"end":{"line":26,"column":4}},"15":{"start":{"line":28,"column":2},"end":{"line":28,"column":33}},"16":{"start":{"line":53,"column":9},"end":{"line":53,"column":44}},"17":{"start":{"line":32,"column":1},"end":{"line":33,"column":83}},"18":{"start":{"line":32,"column":4},"end":{"line":32,"column":13}},"19":{"start":{"line":32,"column":15},"end":{"line":32,"column":24}},"20":{"start":{"line":32,"column":26},"end":{"line":32,"column":34}},"21":{"start":{"line":33,"column":2},"end":{"line":33,"column":83}},"22":{"start":{"line":36,"column":1},"end":{"line":51,"column":2}},"23":{"start":{"line":36,"column":4},"end":{"line":36,"column":13}},"24":{"start":{"line":36,"column":15},"end":{"line":36,"column":24}},"25":{"start":{"line":36,"column":26},"end":{"line":36,"column":34}},"26":{"start":{"line":36,"column":36},"end":{"line":36,"column":47}},"27":{"start":{"line":36,"column":49},"end":{"line":36,"column":57}},"28":{"start":{"line":37,"column":18},"end":{"line":37,"column":90}},"29":{"start":{"line":38,"column":18},"end":{"line":38,"column":88}},"30":{"start":{"line":40,"column":8},"end":{"line":40,"column":68}},"31":{"start":{"line":40,"column":10},"end":{"line":40,"column":18}},"32":{"start":{"line":40,"column":20},"end":{"line":40,"column":28}},"33":{"start":{"line":41,"column":2},"end":{"line":44,"column":3}},"34":{"start":{"line":42,"column":3},"end":{"line":42,"column":10}},"35":{"start":{"line":43,"column":3},"end":{"line":43,"column":27}},"36":{"start":{"line":45,"column":2},"end":{"line":48,"column":3}},"37":{"start":{"line":46,"column":3},"end":{"line":46,"column":10}},"38":{"start":{"line":47,"column":3},"end":{"line":47,"column":27}},"39":{"start":{"line":50,"column":2},"end":{"line":50,"column":32}}},"fnMap":{"0":{"name":"(anonymous_0)","decl":{"start":{"line":8,"column":1},"end":{"line":8,"column":1}},"loc":{"start":{"line":8,"column":43},"end":{"line":29,"column":2}}},"1":{"name":"(anonymous_1)","decl":{"start":{"line":32,"column":1},"end":{"line":32,"column":1}},"loc":{"start":{"line":32,"column":94},"end":{"line":33,"column":83}}},"2":{"name":"(anonymous_2)","decl":{"start":{"line":36,"column":1},"end":{"line":36,"column":1}},"loc":{"start":{"line":36,"column":92},"end":{"line":51,"column":2}}}},"branchMap":{"0":{"loc":{"start":{"line":10,"column":2},"end":{"line":12,"column":3}},"type":"if","locations":[{"start":{"line":10,"column":2},"end":{"line":12,"column":3}},{"start":{"line":10,"column":2},"end":{"line":12,"column":3}}]},"1":{"loc":{"start":{"line":10,"column":6},"end":{"line":10,"column":13}},"type":"binary-expr","locations":[{"start":{"line":10,"column":6},"end":{"line":10,"column":13}},{"start":{"line":10,"column":17},"end":{"line":10,"column":24}}]},"2":{"loc":{"start":{"line":33,"column":29},"end":{"line":33,"column":60}},"type":"cond-expr","locations":[{"start":{"line":33,"column":29},"end":{"line":33,"column":60}},{"start":{"line":33,"column":63},"end":{"line":33,"column":82}}]},"3":{"loc":{"start":{"line":41,"column":2},"end":{"line":44,"column":3}},"type":"if","locations":[{"start":{"line":41,"column":2},"end":{"line":44,"column":3}},{"start":{"line":41,"column":2},"end":{"line":44,"column":3}}]},"4":{"loc":{"start":{"line":45,"column":2},"end":{"line":48,"column":3}},"type":"if","locations":[{"start":{"line":45,"column":2},"end":{"line":48,"column":3}},{"start":{"line":45,"column":2},"end":{"line":48,"column":3}}]}},"s":{"0":1,"1":1,"2":1,"3":1,"4":196,"5":196,"6":196,"7":196,"8":196,"9":4,"10":192,"11":192,"12":192,"13":192,"14":192,"15":192,"16":1,"17":1,"18":192,"19":192,"20":192,"21":192,"22":1,"23":192,"24":192,"25":192,"26":192,"27":192,"28":192,"29":192,"30":192,"31":192,"32":192,"33":192,"34":96,"35":96,"36":192,"37":96,"38":96,"39":192},"f":{"0":196,"1":192,"2":192},"b":{"0":[4,192],"1":[196,194],"2":[96,96],"3":[96,96],"4":[96,96]}}
,"C:\\Users\\Douglas Blumeyer\\workspace\\web-render\\src\\constants.ts": {"path":"C:\\Users\\Douglas Blumeyer\\workspace\\web-render\\src\\constants.ts","statementMap":{"0":{"start":{"line":6,"column":0},"end":{"line":6,"column":35}},"1":{"start":{"line":8,"column":21},"end":{"line":8,"column":47}},"2":{"start":{"line":35,"column":1},"end":{"line":35,"column":6}},"3":{"start":{"line":9,"column":21},"end":{"line":9,"column":53}},"4":{"start":{"line":36,"column":1},"end":{"line":36,"column":6}},"5":{"start":{"line":10,"column":19},"end":{"line":10,"column":47}},"6":{"start":{"line":37,"column":1},"end":{"line":37,"column":4}},"7":{"start":{"line":11,"column":21},"end":{"line":11,"column":49}},"8":{"start":{"line":38,"column":1},"end":{"line":38,"column":6}},"9":{"start":{"line":12,"column":20},"end":{"line":12,"column":48}},"10":{"start":{"line":39,"column":1},"end":{"line":39,"column":5}},"11":{"start":{"line":13,"column":20},"end":{"line":13,"column":50}},"12":{"start":{"line":40,"column":1},"end":{"line":40,"column":5}},"13":{"start":{"line":14,"column":23},"end":{"line":14,"column":53}},"14":{"start":{"line":41,"column":1},"end":{"line":41,"column":8}},"15":{"start":{"line":15,"column":22},"end":{"line":15,"column":52}},"16":{"start":{"line":42,"column":1},"end":{"line":42,"column":7}},"17":{"start":{"line":17,"column":27},"end":{"line":17,"column":35}},"18":{"start":{"line":43,"column":1},"end":{"line":43,"column":12}},"19":{"start":{"line":18,"column":21},"end":{"line":18,"column":30}},"20":{"start":{"line":44,"column":1},"end":{"line":44,"column":6}},"21":{"start":{"line":20,"column":42},"end":{"line":20,"column":64}},"22":{"start":{"line":45,"column":1},"end":{"line":45,"column":26}},"23":{"start":{"line":21,"column":40},"end":{"line":21,"column":62}},"24":{"start":{"line":46,"column":1},"end":{"line":46,"column":24}},"25":{"start":{"line":23,"column":21},"end":{"line":23,"column":26}},"26":{"start":{"line":52,"column":1},"end":{"line":52,"column":5}},"27":{"start":{"line":25,"column":41},"end":{"line":25,"column":61}},"28":{"start":{"line":47,"column":1},"end":{"line":47,"column":17}},"29":{"start":{"line":27,"column":23},"end":{"line":27,"column":35}},"30":{"start":{"line":49,"column":1},"end":{"line":49,"column":7}},"31":{"start":{"line":29,"column":24},"end":{"line":29,"column":25}},"32":{"start":{"line":50,"column":1},"end":{"line":50,"column":8}},"33":{"start":{"line":30,"column":24},"end":{"line":30,"column":25}},"34":{"start":{"line":51,"column":1},"end":{"line":51,"column":8}},"35":{"start":{"line":32,"column":31},"end":{"line":32,"column":39}},"36":{"start":{"line":48,"column":1},"end":{"line":48,"column":15}}},"fnMap":{},"branchMap":{},"s":{"0":1,"1":1,"2":1,"3":1,"4":1,"5":1,"6":1,"7":1,"8":1,"9":1,"10":1,"11":1,"12":1,"13":1,"14":1,"15":1,"16":1,"17":1,"18":1,"19":1,"20":1,"21":1,"22":1,"23":1,"24":1,"25":1,"26":1,"27":1,"28":1,"29":1,"30":1,"31":1,"32":1,"33":1,"34":1,"35":1,"36":1},"f":{},"b":{}}
,"C:\\Users\\Douglas Blumeyer\\workspace\\web-render\\src\\index.ts": {"path":"C:\\Users\\Douglas Blumeyer\\workspace\\web-render\\src\\index.ts","statementMap":{"0":{"start":{"line":1,"column":0},"end":{"line":1,"column":46}},"1":{"start":{"line":37,"column":1},"end":{"line":37,"column":18}},"2":{"start":{"line":2,"column":0},"end":{"line":24,"column":20}},"3":{"start":{"line":65,"column":1},"end":{"line":65,"column":15}},"4":{"start":{"line":38,"column":1},"end":{"line":38,"column":10}},"5":{"start":{"line":41,"column":1},"end":{"line":41,"column":6}},"6":{"start":{"line":66,"column":1},"end":{"line":66,"column":16}},"7":{"start":{"line":39,"column":1},"end":{"line":39,"column":11}},"8":{"start":{"line":25,"column":0},"end":{"line":25,"column":39}},"9":{"start":{"line":46,"column":1},"end":{"line":46,"column":10}},"10":{"start":{"line":26,"column":0},"end":{"line":26,"column":60}},"11":{"start":{"line":40,"column":1},"end":{"line":40,"column":34}},"12":{"start":{"line":27,"column":0},"end":{"line":27,"column":47}},"13":{"start":{"line":47,"column":1},"end":{"line":47,"column":11}},"14":{"start":{"line":29,"column":0},"end":{"line":29,"column":70}},"15":{"start":{"line":42,"column":1},"end":{"line":42,"column":17}},"16":{"start":{"line":30,"column":0},"end":{"line":30,"column":30}},"17":{"start":{"line":45,"column":1},"end":{"line":45,"column":6}},"18":{"start":{"line":31,"column":0},"end":{"line":31,"column":100}},"19":{"start":{"line":43,"column":1},"end":{"line":43,"column":9}},"20":{"start":{"line":72,"column":1},"end":{"line":72,"column":28}},"21":{"start":{"line":32,"column":0},"end":{"line":32,"column":43}},"22":{"start":{"line":44,"column":1},"end":{"line":44,"column":22}},"23":{"start":{"line":33,"column":0},"end":{"line":33,"column":39}},"24":{"start":{"line":71,"column":1},"end":{"line":71,"column":5}},"25":{"start":{"line":34,"column":0},"end":{"line":34,"column":35}},"26":{"start":{"line":70,"column":1},"end":{"line":70,"column":3}}},"fnMap":{},"branchMap":{},"s":{"0":1,"1":1,"2":1,"3":1,"4":1,"5":1,"6":1,"7":1,"8":1,"9":1,"10":1,"11":1,"12":1,"13":1,"14":1,"15":1,"16":1,"17":1,"18":1,"19":1,"20":1,"21":1,"22":1,"23":1,"24":1,"25":1,"26":1},"f":{},"b":{}}
,"C:\\Users\\Douglas Blumeyer\\workspace\\web-render\\src\\state.ts": {"path":"C:\\Users\\Douglas Blumeyer\\workspace\\web-render\\src\\state.ts","statementMap":{"0":{"start":{"line":1,"column":0},"end":{"line":1,"column":40}},"1":{"start":{"line":2,"column":0},"end":{"line":2,"column":52}},"2":{"start":{"line":4,"column":21},"end":{"line":4,"column":54}},"3":{"start":{"line":6,"column":9},"end":{"line":6,"column":14}}},"fnMap":{},"branchMap":{},"s":{"0":1,"1":1,"2":1,"3":1},"f":{},"b":{}}
,"C:\\Users\\Douglas Blumeyer\\workspace\\web-render\\src\\animation\\animator.ts": {"path":"C:\\Users\\Douglas Blumeyer\\workspace\\web-render\\src\\animation\\animator.ts","statementMap":{"0":{"start":{"line":1,"column":0},"end":{"line":1,"column":31}},"1":{"start":{"line":3,"column":0},"end":{"line":3,"column":57}},"2":{"start":{"line":4,"column":0},"end":{"line":4,"column":62}},"3":{"start":{"line":8,"column":1},"end":{"line":16,"column":2}},"4":{"start":{"line":8,"column":4},"end":{"line":8,"column":13}},"5":{"start":{"line":8,"column":15},"end":{"line":8,"column":32}},"6":{"start":{"line":8,"column":34},"end":{"line":8,"column":55}},"7":{"start":{"line":9,"column":48},"end":{"line":12,"column":4}},"8":{"start":{"line":15,"column":2},"end":{"line":15,"column":73}},"9":{"start":{"line":19,"column":0},"end":{"line":19,"column":23}}},"fnMap":{"0":{"name":"(anonymous_0)","decl":{"start":{"line":8,"column":1},"end":{"line":8,"column":1}},"loc":{"start":{"line":8,"column":73},"end":{"line":16,"column":2}}}},"branchMap":{},"s":{"0":1,"1":1,"2":1,"3":1,"4":3,"5":3,"6":3,"7":3,"8":3,"9":1},"f":{"0":3},"b":{}}
,"C:\\Users\\Douglas Blumeyer\\workspace\\web-render\\src\\animation\\buildAnimationFunction.ts": {"path":"C:\\Users\\Douglas Blumeyer\\workspace\\web-render\\src\\animation\\buildAnimationFunction.ts","statementMap":{"0":{"start":{"line":1,"column":0},"end":{"line":1,"column":32}},"1":{"start":{"line":2,"column":0},"end":{"line":2,"column":64}},"2":{"start":{"line":3,"column":0},"end":{"line":3,"column":31}},"3":{"start":{"line":5,"column":0},"end":{"line":5,"column":81}},"4":{"start":{"line":7,"column":0},"end":{"line":7,"column":53}},"5":{"start":{"line":8,"column":0},"end":{"line":8,"column":40}},"6":{"start":{"line":9,"column":0},"end":{"line":9,"column":36}},"7":{"start":{"line":11,"column":0},"end":{"line":11,"column":42}},"8":{"start":{"line":15,"column":1},"end":{"line":34,"column":3}},"9":{"start":{"line":16,"column":2},"end":{"line":34,"column":3}},"10":{"start":{"line":18,"column":4},"end":{"line":18,"column":28}},"11":{"start":{"line":19,"column":4},"end":{"line":19,"column":24}},"12":{"start":{"line":22,"column":9},"end":{"line":22,"column":108}},"13":{"start":{"line":22,"column":11},"end":{"line":22,"column":21}},"14":{"start":{"line":22,"column":23},"end":{"line":22,"column":36}},"15":{"start":{"line":24,"column":3},"end":{"line":26,"column":4}},"16":{"start":{"line":25,"column":4},"end":{"line":25,"column":10}},"17":{"start":{"line":28,"column":3},"end":{"line":30,"column":4}},"18":{"start":{"line":29,"column":4},"end":{"line":29,"column":52}},"19":{"start":{"line":32,"column":3},"end":{"line":32,"column":81}},"20":{"start":{"line":33,"column":3},"end":{"line":33,"column":68}},"21":{"start":{"line":57,"column":9},"end":{"line":57,"column":31}},"22":{"start":{"line":37,"column":1},"end":{"line":37,"column":79}},"23":{"start":{"line":37,"column":16},"end":{"line":37,"column":79}},"24":{"start":{"line":40,"column":1},"end":{"line":40,"column":65}},"25":{"start":{"line":40,"column":33},"end":{"line":40,"column":65}},"26":{"start":{"line":43,"column":1},"end":{"line":55,"column":2}},"27":{"start":{"line":43,"column":4},"end":{"line":43,"column":24}},"28":{"start":{"line":43,"column":26},"end":{"line":43,"column":39}},"29":{"start":{"line":44,"column":2},"end":{"line":46,"column":3}},"30":{"start":{"line":45,"column":3},"end":{"line":45,"column":10}},"31":{"start":{"line":48,"column":49},"end":{"line":48,"column":93}},"32":{"start":{"line":49,"column":2},"end":{"line":49,"column":39}},"33":{"start":{"line":50,"column":2},"end":{"line":50,"column":68}},"34":{"start":{"line":52,"column":2},"end":{"line":54,"column":3}},"35":{"start":{"line":53,"column":3},"end":{"line":53,"column":16}}},"fnMap":{"0":{"name":"(anonymous_0)","decl":{"start":{"line":15,"column":1},"end":{"line":15,"column":1}},"loc":{"start":{"line":15,"column":38},"end":{"line":34,"column":3}}},"1":{"name":"(anonymous_1)","decl":{"start":{"line":16,"column":2},"end":{"line":null,"column":-1}},"loc":{"start":{"line":16,"column":2},"end":{"line":34,"column":3}}},"2":{"name":"(anonymous_2)","decl":{"start":{"line":37,"column":1},"end":{"line":37,"column":15}},"loc":{"start":{"line":37,"column":1},"end":{"line":37,"column":79}}},"3":{"name":"(anonymous_3)","decl":{"start":{"line":40,"column":1},"end":{"line":40,"column":1}},"loc":{"start":{"line":40,"column":19},"end":{"line":40,"column":65}}},"4":{"name":"(anonymous_4)","decl":{"start":{"line":43,"column":1},"end":{"line":43,"column":1}},"loc":{"start":{"line":43,"column":56},"end":{"line":55,"column":2}}}},"branchMap":{"0":{"loc":{"start":{"line":24,"column":3},"end":{"line":26,"column":4}},"type":"if","locations":[{"start":{"line":24,"column":3},"end":{"line":26,"column":4}},{"start":{"line":24,"column":3},"end":{"line":26,"column":4}}]},"1":{"loc":{"start":{"line":28,"column":3},"end":{"line":30,"column":4}},"type":"if","locations":[{"start":{"line":28,"column":3},"end":{"line":30,"column":4}},{"start":{"line":28,"column":3},"end":{"line":30,"column":4}}]},"2":{"loc":{"start":{"line":37,"column":16},"end":{"line":37,"column":34}},"type":"binary-expr","locations":[{"start":{"line":37,"column":16},"end":{"line":37,"column":34}},{"start":{"line":37,"column":38},"end":{"line":37,"column":79}}]},"3":{"loc":{"start":{"line":44,"column":2},"end":{"line":46,"column":3}},"type":"if","locations":[{"start":{"line":44,"column":2},"end":{"line":46,"column":3}},{"start":{"line":44,"column":2},"end":{"line":46,"column":3}}]},"4":{"loc":{"start":{"line":52,"column":2},"end":{"line":54,"column":3}},"type":"if","locations":[{"start":{"line":52,"column":2},"end":{"line":54,"column":3}},{"start":{"line":52,"column":2},"end":{"line":54,"column":3}}]}},"s":{"0":1,"1":1,"2":1,"3":1,"4":1,"5":1,"6":1,"7":1,"8":1,"9":14,"10":15,"11":15,"12":15,"13":15,"14":15,"15":15,"16":4,"17":11,"18":10,"19":11,"20":11,"21":1,"22":1,"23":15,"24":1,"25":11,"26":1,"27":10,"28":10,"29":10,"30":9,"31":10,"32":10,"33":10,"34":10,"35":4},"f":{"0":14,"1":15,"2":15,"3":11,"4":10},"b":{"0":[4,11],"1":[10,1],"2":[15,8],"3":[9,1],"4":[4,6]}}
,"C:\\Users\\Douglas Blumeyer\\workspace\\web-render\\src\\animation\\buildIntervalFunction.ts": {"path":"C:\\Users\\Douglas Blumeyer\\workspace\\web-render\\src\\animation\\buildIntervalFunction.ts","statementMap":{"0":{"start":{"line":1,"column":0},"end":{"line":1,"column":31}},"1":{"start":{"line":3,"column":0},"end":{"line":3,"column":57}},"2":{"start":{"line":7,"column":1},"end":{"line":14,"column":3}},"3":{"start":{"line":7,"column":4},"end":{"line":7,"column":21}},"4":{"start":{"line":7,"column":23},"end":{"line":7,"column":44}},"5":{"start":{"line":8,"column":2},"end":{"line":14,"column":3}},"6":{"start":{"line":9,"column":3},"end":{"line":9,"column":22}},"7":{"start":{"line":10,"column":3},"end":{"line":13,"column":4}},"8":{"start":{"line":12,"column":4},"end":{"line":12,"column":47}},"9":{"start":{"line":16,"column":9},"end":{"line":16,"column":30}}},"fnMap":{"0":{"name":"(anonymous_0)","decl":{"start":{"line":7,"column":1},"end":{"line":7,"column":1}},"loc":{"start":{"line":7,"column":75},"end":{"line":14,"column":3}}},"1":{"name":"(anonymous_1)","decl":{"start":{"line":8,"column":2},"end":{"line":null,"column":-1}},"loc":{"start":{"line":8,"column":2},"end":{"line":14,"column":3}}}},"branchMap":{"0":{"loc":{"start":{"line":10,"column":3},"end":{"line":13,"column":4}},"type":"if","locations":[{"start":{"line":10,"column":3},"end":{"line":13,"column":4}},{"start":{"line":10,"column":3},"end":{"line":13,"column":4}}]}},"s":{"0":1,"1":1,"2":1,"3":2,"4":2,"5":2,"6":2,"7":2,"8":1,"9":1},"f":{"0":2,"1":2},"b":{"0":[1,1]}}
,"C:\\Users\\Douglas Blumeyer\\workspace\\web-render\\src\\animation\\buildStopConditionFunction.ts": {"path":"C:\\Users\\Douglas Blumeyer\\workspace\\web-render\\src\\animation\\buildStopConditionFunction.ts","statementMap":{"0":{"start":{"line":1,"column":0},"end":{"line":1,"column":31}},"1":{"start":{"line":5,"column":1},"end":{"line":6,"column":46}},"2":{"start":{"line":5,"column":4},"end":{"line":5,"column":12}},"3":{"start":{"line":6,"column":2},"end":{"line":6,"column":46}},"4":{"start":{"line":6,"column":17},"end":{"line":6,"column":46}},"5":{"start":{"line":8,"column":9},"end":{"line":8,"column":35}}},"fnMap":{"0":{"name":"(anonymous_0)","decl":{"start":{"line":5,"column":1},"end":{"line":5,"column":1}},"loc":{"start":{"line":5,"column":35},"end":{"line":6,"column":46}}},"1":{"name":"(anonymous_1)","decl":{"start":{"line":6,"column":2},"end":{"line":6,"column":16}},"loc":{"start":{"line":6,"column":2},"end":{"line":6,"column":46}}}},"branchMap":{},"s":{"0":1,"1":1,"2":1,"3":1,"4":8,"5":1},"f":{"0":1,"1":8},"b":{}}
,"C:\\Users\\Douglas Blumeyer\\workspace\\web-render\\src\\animation\\exportFrame.ts": {"path":"C:\\Users\\Douglas Blumeyer\\workspace\\web-render\\src\\animation\\exportFrame.ts","statementMap":{"0":{"start":{"line":1,"column":0},"end":{"line":1,"column":31}},"1":{"start":{"line":3,"column":0},"end":{"line":3,"column":38}},"2":{"start":{"line":7,"column":1},"end":{"line":7,"column":86}},"3":{"start":{"line":7,"column":13},"end":{"line":7,"column":86}},"4":{"start":{"line":9,"column":9},"end":{"line":9,"column":20}}},"fnMap":{"0":{"name":"(anonymous_0)","decl":{"start":{"line":7,"column":1},"end":{"line":7,"column":12}},"loc":{"start":{"line":7,"column":1},"end":{"line":7,"column":86}}}},"branchMap":{"0":{"loc":{"start":{"line":7,"column":13},"end":{"line":7,"column":35}},"type":"binary-expr","locations":[{"start":{"line":7,"column":13},"end":{"line":7,"column":35}},{"start":{"line":7,"column":39},"end":{"line":7,"column":86}}]}},"s":{"0":1,"1":1,"2":1,"3":1,"4":1},"f":{"0":1},"b":{"0":[1,1]}}
,"C:\\Users\\Douglas Blumeyer\\workspace\\web-render\\src\\animation\\index.ts": {"path":"C:\\Users\\Douglas Blumeyer\\workspace\\web-render\\src\\animation\\index.ts","statementMap":{"0":{"start":{"line":1,"column":0},"end":{"line":1,"column":32}},"1":{"start":{"line":8,"column":1},"end":{"line":8,"column":9}},"2":{"start":{"line":2,"column":0},"end":{"line":2,"column":64}},"3":{"start":{"line":9,"column":1},"end":{"line":9,"column":23}},"4":{"start":{"line":3,"column":0},"end":{"line":3,"column":72}},"5":{"start":{"line":10,"column":1},"end":{"line":10,"column":27}},"6":{"start":{"line":4,"column":0},"end":{"line":4,"column":54}},"7":{"start":{"line":11,"column":1},"end":{"line":11,"column":18}}},"fnMap":{},"branchMap":{},"s":{"0":1,"1":1,"2":1,"3":1,"4":1,"5":1,"6":1,"7":1},"f":{},"b":{}}
,"C:\\Users\\Douglas Blumeyer\\workspace\\web-render\\src\\animation\\saveBlob.ts": {"path":"C:\\Users\\Douglas Blumeyer\\workspace\\web-render\\src\\animation\\saveBlob.ts","statementMap":{"0":{"start":{"line":4,"column":0},"end":{"line":4,"column":60}},"1":{"start":{"line":7,"column":1},"end":{"line":18,"column":2}},"2":{"start":{"line":7,"column":4},"end":{"line":7,"column":8}},"3":{"start":{"line":7,"column":10},"end":{"line":7,"column":14}},"4":{"start":{"line":8,"column":19},"end":{"line":8,"column":51}},"5":{"start":{"line":10,"column":17},"end":{"line":10,"column":44}},"6":{"start":{"line":11,"column":2},"end":{"line":11,"column":30}},"7":{"start":{"line":12,"column":2},"end":{"line":12,"column":31}},"8":{"start":{"line":13,"column":2},"end":{"line":13,"column":14}},"9":{"start":{"line":14,"column":2},"end":{"line":14,"column":19}},"10":{"start":{"line":16,"column":2},"end":{"line":16,"column":11}},"11":{"start":{"line":17,"column":2},"end":{"line":17,"column":33}},"12":{"start":{"line":20,"column":9},"end":{"line":20,"column":17}}},"fnMap":{"0":{"name":"(anonymous_0)","decl":{"start":{"line":7,"column":1},"end":{"line":7,"column":1}},"loc":{"start":{"line":7,"column":50},"end":{"line":18,"column":2}}}},"branchMap":{},"s":{"0":1,"1":1,"2":1,"3":1,"4":1,"5":1,"6":1,"7":1,"8":1,"9":1,"10":1,"11":1,"12":1},"f":{"0":1},"b":{}}
,"C:\\Users\\Douglas Blumeyer\\workspace\\web-render\\src\\animation\\saveFrame.ts": {"path":"C:\\Users\\Douglas Blumeyer\\workspace\\web-render\\src\\animation\\saveFrame.ts","statementMap":{"0":{"start":{"line":2,"column":0},"end":{"line":2,"column":31}},"1":{"start":{"line":3,"column":0},"end":{"line":3,"column":40}},"2":{"start":{"line":4,"column":0},"end":{"line":4,"column":36}},"3":{"start":{"line":5,"column":0},"end":{"line":5,"column":36}},"4":{"start":{"line":8,"column":1},"end":{"line":11,"column":2}},"5":{"start":{"line":9,"column":2},"end":{"line":9,"column":65}},"6":{"start":{"line":10,"column":2},"end":{"line":10,"column":71}},"7":{"start":{"line":13,"column":9},"end":{"line":13,"column":18}}},"fnMap":{"0":{"name":"(anonymous_0)","decl":{"start":{"line":8,"column":1},"end":{"line":8,"column":1}},"loc":{"start":{"line":8,"column":18},"end":{"line":11,"column":2}}}},"branchMap":{},"s":{"0":1,"1":1,"2":1,"3":1,"4":1,"5":2,"6":2,"7":1},"f":{"0":2},"b":{}}
,"C:\\Users\\Douglas Blumeyer\\workspace\\web-render\\src\\animation\\standardAnimation.ts": {"path":"C:\\Users\\Douglas Blumeyer\\workspace\\web-render\\src\\animation\\standardAnimation.ts","statementMap":{"0":{"start":{"line":1,"column":0},"end":{"line":1,"column":44}},"1":{"start":{"line":2,"column":0},"end":{"line":2,"column":31}},"2":{"start":{"line":3,"column":0},"end":{"line":3,"column":40}},"3":{"start":{"line":6,"column":1},"end":{"line":6,"column":84}},"4":{"start":{"line":6,"column":24},"end":{"line":6,"column":84}},"5":{"start":{"line":8,"column":9},"end":{"line":8,"column":26}}},"fnMap":{"0":{"name":"(anonymous_0)","decl":{"start":{"line":6,"column":1},"end":{"line":6,"column":1}},"loc":{"start":{"line":6,"column":11},"end":{"line":6,"column":84}}}},"branchMap":{},"s":{"0":1,"1":1,"2":1,"3":1,"4":4,"5":1},"f":{"0":4},"b":{}}
,"C:\\Users\\Douglas Blumeyer\\workspace\\web-render\\src\\canvas\\clear.ts": {"path":"C:\\Users\\Douglas Blumeyer\\workspace\\web-render\\src\\canvas\\clear.ts","statementMap":{"0":{"start":{"line":2,"column":0},"end":{"line":2,"column":31}},"1":{"start":{"line":3,"column":0},"end":{"line":3,"column":53}},"2":{"start":{"line":7,"column":1},"end":{"line":17,"column":2}},"3":{"start":{"line":8,"column":25},"end":{"line":8,"column":66}},"4":{"start":{"line":9,"column":2},"end":{"line":11,"column":4}},"5":{"start":{"line":10,"column":3},"end":{"line":10,"column":40}},"6":{"start":{"line":13,"column":53},"end":{"line":13,"column":75}},"7":{"start":{"line":14,"column":2},"end":{"line":16,"column":3}},"8":{"start":{"line":15,"column":3},"end":{"line":15,"column":63}},"9":{"start":{"line":24,"column":9},"end":{"line":24,"column":14}},"10":{"start":{"line":20,"column":1},"end":{"line":22,"column":49}},"11":{"start":{"line":20,"column":4},"end":{"line":20,"column":14}},"12":{"start":{"line":20,"column":16},"end":{"line":20,"column":23}},"13":{"start":{"line":22,"column":2},"end":{"line":22,"column":49}}},"fnMap":{"0":{"name":"(anonymous_0)","decl":{"start":{"line":7,"column":1},"end":{"line":null,"column":-1}},"loc":{"start":{"line":7,"column":1},"end":{"line":17,"column":2}}},"1":{"name":"(anonymous_1)","decl":{"start":{"line":9,"column":25},"end":{"line":9,"column":25}},"loc":{"start":{"line":9,"column":42},"end":{"line":11,"column":3}}},"2":{"name":"(anonymous_2)","decl":{"start":{"line":20,"column":1},"end":{"line":20,"column":1}},"loc":{"start":{"line":20,"column":63},"end":{"line":22,"column":49}}}},"branchMap":{"0":{"loc":{"start":{"line":14,"column":2},"end":{"line":16,"column":3}},"type":"if","locations":[{"start":{"line":14,"column":2},"end":{"line":16,"column":3}},{"start":{"line":14,"column":2},"end":{"line":16,"column":3}}]}},"s":{"0":1,"1":1,"2":1,"3":7,"4":7,"5":5,"6":7,"7":7,"8":3,"9":1,"10":1,"11":8,"12":8,"13":8},"f":{"0":7,"1":5,"2":8},"b":{"0":[3,4]}}
,"C:\\Users\\Douglas Blumeyer\\workspace\\web-render\\src\\canvas\\getCurrentContext.ts": {"path":"C:\\Users\\Douglas Blumeyer\\workspace\\web-render\\src\\canvas\\getCurrentContext.ts","statementMap":{"0":{"start":{"line":2,"column":0},"end":{"line":2,"column":31}},"1":{"start":{"line":3,"column":0},"end":{"line":3,"column":40}},"2":{"start":{"line":6,"column":1},"end":{"line":6,"column":64}},"3":{"start":{"line":6,"column":16},"end":{"line":6,"column":64}},"4":{"start":{"line":8,"column":9},"end":{"line":8,"column":26}}},"fnMap":{"0":{"name":"(anonymous_0)","decl":{"start":{"line":6,"column":1},"end":{"line":6,"column":15}},"loc":{"start":{"line":6,"column":1},"end":{"line":6,"column":64}}}},"branchMap":{},"s":{"0":1,"1":1,"2":1,"3":12,"4":1},"f":{"0":12},"b":{}}
,"C:\\Users\\Douglas Blumeyer\\workspace\\web-render\\src\\canvas\\index.ts": {"path":"C:\\Users\\Douglas Blumeyer\\workspace\\web-render\\src\\canvas\\index.ts","statementMap":{"0":{"start":{"line":1,"column":0},"end":{"line":1,"column":30}},"1":{"start":{"line":7,"column":1},"end":{"line":7,"column":6}},"2":{"start":{"line":2,"column":0},"end":{"line":2,"column":54}},"3":{"start":{"line":8,"column":1},"end":{"line":8,"column":18}},"4":{"start":{"line":3,"column":0},"end":{"line":3,"column":46}},"5":{"start":{"line":9,"column":1},"end":{"line":9,"column":14}},"6":{"start":{"line":4,"column":0},"end":{"line":4,"column":50}},"7":{"start":{"line":10,"column":1},"end":{"line":10,"column":16}}},"fnMap":{},"branchMap":{},"s":{"0":1,"1":1,"2":1,"3":1,"4":1,"5":1,"6":1,"7":1},"f":{},"b":{}}
,"C:\\Users\\Douglas Blumeyer\\workspace\\web-render\\src\\canvas\\layerIterator.ts": {"path":"C:\\Users\\Douglas Blumeyer\\workspace\\web-render\\src\\canvas\\layerIterator.ts","statementMap":{"0":{"start":{"line":2,"column":0},"end":{"line":2,"column":53}},"1":{"start":{"line":3,"column":0},"end":{"line":3,"column":52}},"2":{"start":{"line":4,"column":0},"end":{"line":4,"column":40}},"3":{"start":{"line":5,"column":0},"end":{"line":5,"column":36}},"4":{"start":{"line":8,"column":1},"end":{"line":14,"column":2}},"5":{"start":{"line":9,"column":26},"end":{"line":9,"column":65}},"6":{"start":{"line":11,"column":29},"end":{"line":11,"column":53}},"7":{"start":{"line":13,"column":2},"end":{"line":13,"column":40}},"8":{"start":{"line":16,"column":9},"end":{"line":16,"column":22}}},"fnMap":{"0":{"name":"(anonymous_0)","decl":{"start":{"line":8,"column":1},"end":{"line":null,"column":-1}},"loc":{"start":{"line":8,"column":1},"end":{"line":14,"column":2}}}},"branchMap":{},"s":{"0":1,"1":1,"2":1,"3":1,"4":1,"5":6,"6":6,"7":6,"8":1},"f":{"0":6},"b":{}}
,"C:\\Users\\Douglas Blumeyer\\workspace\\web-render\\src\\canvas\\mixDownContexts.ts": {"path":"C:\\Users\\Douglas Blumeyer\\workspace\\web-render\\src\\canvas\\mixDownContexts.ts","statementMap":{"0":{"start":{"line":2,"column":0},"end":{"line":2,"column":31}},"1":{"start":{"line":6,"column":1},"end":{"line":11,"column":2}},"2":{"start":{"line":7,"column":2},"end":{"line":10,"column":4}},"3":{"start":{"line":9,"column":3},"end":{"line":9,"column":83}},"4":{"start":{"line":13,"column":9},"end":{"line":13,"column":24}}},"fnMap":{"0":{"name":"(anonymous_0)","decl":{"start":{"line":6,"column":1},"end":{"line":null,"column":-1}},"loc":{"start":{"line":6,"column":1},"end":{"line":11,"column":2}}},"1":{"name":"(anonymous_1)","decl":{"start":{"line":7,"column":25},"end":{"line":7,"column":25}},"loc":{"start":{"line":7,"column":42},"end":{"line":10,"column":3}}}},"branchMap":{"0":{"loc":{"start":{"line":9,"column":3},"end":{"line":9,"column":25}},"type":"binary-expr","locations":[{"start":{"line":9,"column":3},"end":{"line":9,"column":25}},{"start":{"line":9,"column":29},"end":{"line":9,"column":83}}]}},"s":{"0":1,"1":1,"2":2,"3":6,"4":1},"f":{"0":2,"1":6},"b":{"0":[6,6]}}
,"C:\\Users\\Douglas Blumeyer\\workspace\\web-render\\src\\components\\applySwitcheroo.ts": {"path":"C:\\Users\\Douglas Blumeyer\\workspace\\web-render\\src\\components\\applySwitcheroo.ts","statementMap":{"0":{"start":{"line":1,"column":0},"end":{"line":1,"column":52}},"1":{"start":{"line":2,"column":0},"end":{"line":2,"column":40}},"2":{"start":{"line":3,"column":0},"end":{"line":3,"column":36}},"3":{"start":{"line":6,"column":32},"end":{"line":6,"column":33}},"4":{"start":{"line":9,"column":1},"end":{"line":18,"column":2}},"5":{"start":{"line":9,"column":4},"end":{"line":9,"column":15}},"6":{"start":{"line":9,"column":17},"end":{"line":9,"column":34}},"7":{"start":{"line":10,"column":8},"end":{"line":10,"column":54}},"8":{"start":{"line":10,"column":10},"end":{"line":10,"column":11}},"9":{"start":{"line":10,"column":13},"end":{"line":10,"column":14}},"10":{"start":{"line":11,"column":23},"end":{"line":11,"column":42}},"11":{"start":{"line":12,"column":23},"end":{"line":12,"column":42}},"12":{"start":{"line":13,"column":2},"end":{"line":15,"column":3}},"13":{"start":{"line":14,"column":3},"end":{"line":14,"column":59}},"14":{"start":{"line":17,"column":2},"end":{"line":17,"column":26}},"15":{"start":{"line":20,"column":9},"end":{"line":20,"column":24}}},"fnMap":{"0":{"name":"(anonymous_0)","decl":{"start":{"line":9,"column":1},"end":{"line":9,"column":1}},"loc":{"start":{"line":9,"column":70},"end":{"line":18,"column":2}}}},"branchMap":{"0":{"loc":{"start":{"line":13,"column":2},"end":{"line":15,"column":3}},"type":"if","locations":[{"start":{"line":13,"column":2},"end":{"line":15,"column":3}},{"start":{"line":13,"column":2},"end":{"line":15,"column":3}}]}},"s":{"0":1,"1":1,"2":1,"3":1,"4":1,"5":16,"6":16,"7":16,"8":16,"9":16,"10":16,"11":16,"12":16,"13":4,"14":12,"15":1},"f":{"0":16},"b":{"0":[4,12]}}
,"C:\\Users\\Douglas Blumeyer\\workspace\\web-render\\src\\components\\getShapeColorIndices.ts": {"path":"C:\\Users\\Douglas Blumeyer\\workspace\\web-render\\src\\components\\getShapeColorIndices.ts","statementMap":{"0":{"start":{"line":1,"column":0},"end":{"line":1,"column":78}},"1":{"start":{"line":2,"column":0},"end":{"line":2,"column":66}},"2":{"start":{"line":3,"column":0},"end":{"line":3,"column":40}},"3":{"start":{"line":4,"column":0},"end":{"line":4,"column":36}},"4":{"start":{"line":5,"column":0},"end":{"line":5,"column":50}},"5":{"start":{"line":6,"column":0},"end":{"line":18,"column":15}},"6":{"start":{"line":21,"column":1},"end":{"line":25,"column":2}},"7":{"start":{"line":21,"column":4},"end":{"line":21,"column":15}},"8":{"start":{"line":22,"column":47},"end":{"line":22,"column":74}},"9":{"start":{"line":24,"column":2},"end":{"line":24,"column":73}},"10":{"start":{"line":93,"column":9},"end":{"line":93,"column":29}},"11":{"start":{"line":28,"column":1},"end":{"line":53,"column":2}},"12":{"start":{"line":28,"column":4},"end":{"line":28,"column":15}},"13":{"start":{"line":28,"column":17},"end":{"line":28,"column":34}},"14":{"start":{"line":29,"column":8},"end":{"line":33,"column":85}},"15":{"start":{"line":30,"column":3},"end":{"line":30,"column":12}},"16":{"start":{"line":31,"column":3},"end":{"line":31,"column":13}},"17":{"start":{"line":32,"column":3},"end":{"line":32,"column":29}},"18":{"start":{"line":35,"column":58},"end":{"line":35,"column":75}},"19":{"start":{"line":36,"column":2},"end":{"line":38,"column":3}},"20":{"start":{"line":37,"column":3},"end":{"line":37,"column":85}},"21":{"start":{"line":39,"column":2},"end":{"line":44,"column":3}},"22":{"start":{"line":40,"column":3},"end":{"line":43,"column":5}},"23":{"start":{"line":45,"column":2},"end":{"line":50,"column":3}},"24":{"start":{"line":46,"column":3},"end":{"line":49,"column":5}},"25":{"start":{"line":52,"column":2},"end":{"line":52,"column":39}},"26":{"start":{"line":56,"column":1},"end":{"line":68,"column":2}},"27":{"start":{"line":56,"column":4},"end":{"line":56,"column":15}},"28":{"start":{"line":57,"column":8},"end":{"line":60,"column":85}},"29":{"start":{"line":58,"column":3},"end":{"line":58,"column":16}},"30":{"start":{"line":59,"column":3},"end":{"line":59,"column":17}},"31":{"start":{"line":63,"column":49},"end":{"line":63,"column":118}},"32":{"start":{"line":65,"column":33},"end":{"line":65,"column":102}},"33":{"start":{"line":67,"column":2},"end":{"line":67,"column":47}},"34":{"start":{"line":71,"column":1},"end":{"line":78,"column":2}},"35":{"start":{"line":71,"column":4},"end":{"line":71,"column":17}},"36":{"start":{"line":71,"column":19},"end":{"line":71,"column":30}},"37":{"start":{"line":72,"column":31},"end":{"line":72,"column":71}},"38":{"start":{"line":73,"column":8},"end":{"line":73,"column":54}},"39":{"start":{"line":73,"column":10},"end":{"line":73,"column":11}},"40":{"start":{"line":73,"column":13},"end":{"line":73,"column":14}},"41":{"start":{"line":74,"column":8},"end":{"line":74,"column":68}},"42":{"start":{"line":74,"column":10},"end":{"line":74,"column":17}},"43":{"start":{"line":74,"column":19},"end":{"line":74,"column":26}},"44":{"start":{"line":75,"column":47},"end":{"line":75,"column":101}},"45":{"start":{"line":77,"column":2},"end":{"line":77,"column":69}},"46":{"start":{"line":81,"column":1},"end":{"line":91,"column":2}},"47":{"start":{"line":81,"column":4},"end":{"line":81,"column":17}},"48":{"start":{"line":81,"column":19},"end":{"line":81,"column":30}},"49":{"start":{"line":82,"column":8},"end":{"line":82,"column":71}},"50":{"start":{"line":82,"column":10},"end":{"line":82,"column":14}},"51":{"start":{"line":82,"column":16},"end":{"line":82,"column":23}},"52":{"start":{"line":84,"column":8},"end":{"line":84,"column":54}},"53":{"start":{"line":84,"column":10},"end":{"line":84,"column":11}},"54":{"start":{"line":84,"column":13},"end":{"line":84,"column":14}},"55":{"start":{"line":85,"column":8},"end":{"line":85,"column":68}},"56":{"start":{"line":85,"column":10},"end":{"line":85,"column":17}},"57":{"start":{"line":85,"column":19},"end":{"line":85,"column":26}},"58":{"start":{"line":87,"column":40},"end":{"line":87,"column":112}},"59":{"start":{"line":88,"column":37},"end":{"line":88,"column":106}},"60":{"start":{"line":90,"column":2},"end":{"line":90,"column":58}}},"fnMap":{"0":{"name":"(anonymous_0)","decl":{"start":{"line":21,"column":1},"end":{"line":21,"column":1}},"loc":{"start":{"line":21,"column":35},"end":{"line":25,"column":2}}},"1":{"name":"(anonymous_1)","decl":{"start":{"line":28,"column":1},"end":{"line":28,"column":1}},"loc":{"start":{"line":28,"column":70},"end":{"line":53,"column":2}}},"2":{"name":"(anonymous_2)","decl":{"start":{"line":56,"column":1},"end":{"line":56,"column":1}},"loc":{"start":{"line":56,"column":35},"end":{"line":68,"column":2}}},"3":{"name":"(anonymous_3)","decl":{"start":{"line":71,"column":1},"end":{"line":71,"column":1}},"loc":{"start":{"line":71,"column":70},"end":{"line":78,"column":2}}},"4":{"name":"(anonymous_4)","decl":{"start":{"line":81,"column":1},"end":{"line":81,"column":1}},"loc":{"start":{"line":81,"column":70},"end":{"line":91,"column":2}}}},"branchMap":{"0":{"loc":{"start":{"line":36,"column":2},"end":{"line":38,"column":3}},"type":"if","locations":[{"start":{"line":36,"column":2},"end":{"line":38,"column":3}},{"start":{"line":36,"column":2},"end":{"line":38,"column":3}}]},"1":{"loc":{"start":{"line":39,"column":2},"end":{"line":44,"column":3}},"type":"if","locations":[{"start":{"line":39,"column":2},"end":{"line":44,"column":3}},{"start":{"line":39,"column":2},"end":{"line":44,"column":3}}]},"2":{"loc":{"start":{"line":45,"column":2},"end":{"line":50,"column":3}},"type":"if","locations":[{"start":{"line":45,"column":2},"end":{"line":50,"column":3}},{"start":{"line":45,"column":2},"end":{"line":50,"column":3}}]},"3":{"loc":{"start":{"line":63,"column":91},"end":{"line":63,"column":101}},"type":"cond-expr","locations":[{"start":{"line":63,"column":91},"end":{"line":63,"column":101}},{"start":{"line":63,"column":104},"end":{"line":63,"column":118}}]},"4":{"loc":{"start":{"line":65,"column":49},"end":{"line":65,"column":79}},"type":"cond-expr","locations":[{"start":{"line":65,"column":49},"end":{"line":65,"column":79}},{"start":{"line":65,"column":82},"end":{"line":65,"column":102}}]}},"s":{"0":1,"1":1,"2":1,"3":1,"4":1,"5":1,"6":1,"7":26,"8":26,"9":26,"10":1,"11":1,"12":26,"13":26,"14":26,"15":26,"16":26,"17":26,"18":26,"19":26,"20":1,"21":26,"22":16,"23":26,"24":4,"25":26,"26":1,"27":26,"28":26,"29":26,"30":26,"31":26,"32":26,"33":26,"34":1,"35":18,"36":18,"37":18,"38":18,"39":18,"40":18,"41":18,"42":18,"43":18,"44":18,"45":18,"46":1,"47":8,"48":8,"49":8,"50":8,"51":8,"52":8,"53":8,"54":8,"55":8,"56":8,"57":8,"58":8,"59":8,"60":8},"f":{"0":26,"1":26,"2":26,"3":18,"4":8},"b":{"0":[1,25],"1":[16,10],"2":[4,22],"3":[8,18],"4":[2,24]}}
,"C:\\Users\\Douglas Blumeyer\\workspace\\web-render\\src\\components\\getStandardTileOriginAndSize.ts": {"path":"C:\\Users\\Douglas Blumeyer\\workspace\\web-render\\src\\components\\getStandardTileOriginAndSize.ts","statementMap":{"0":{"start":{"line":1,"column":0},"end":{"line":1,"column":53}},"1":{"start":{"line":2,"column":0},"end":{"line":2,"column":40}},"2":{"start":{"line":3,"column":0},"end":{"line":3,"column":36}},"3":{"start":{"line":7,"column":1},"end":{"line":15,"column":2}},"4":{"start":{"line":7,"column":4},"end":{"line":7,"column":15}},"5":{"start":{"line":8,"column":25},"end":{"line":8,"column":64}},"6":{"start":{"line":9,"column":8},"end":{"line":9,"column":54}},"7":{"start":{"line":9,"column":10},"end":{"line":9,"column":11}},"8":{"start":{"line":9,"column":13},"end":{"line":9,"column":14}},"9":{"start":{"line":11,"column":2},"end":{"line":14,"column":3}},"10":{"start":{"line":17,"column":9},"end":{"line":17,"column":37}}},"fnMap":{"0":{"name":"(anonymous_0)","decl":{"start":{"line":7,"column":1},"end":{"line":7,"column":1}},"loc":{"start":{"line":7,"column":43},"end":{"line":15,"column":2}}}},"branchMap":{},"s":{"0":1,"1":1,"2":1,"3":1,"4":1,"5":1,"6":1,"7":1,"8":1,"9":1,"10":1},"f":{"0":1},"b":{}}
,"C:\\Users\\Douglas Blumeyer\\workspace\\web-render\\src\\components\\getStripePositionsForTile.ts": {"path":"C:\\Users\\Douglas Blumeyer\\workspace\\web-render\\src\\components\\getStripePositionsForTile.ts","statementMap":{"0":{"start":{"line":1,"column":0},"end":{"line":1,"column":77}},"1":{"start":{"line":5,"column":1},"end":{"line":9,"column":2}},"2":{"start":{"line":5,"column":4},"end":{"line":5,"column":15}},"3":{"start":{"line":6,"column":10},"end":{"line":6,"column":28}},"4":{"start":{"line":8,"column":2},"end":{"line":8,"column":44}},"5":{"start":{"line":11,"column":9},"end":{"line":11,"column":34}}},"fnMap":{"0":{"name":"(anonymous_0)","decl":{"start":{"line":5,"column":1},"end":{"line":5,"column":1}},"loc":{"start":{"line":5,"column":49},"end":{"line":9,"column":2}}}},"branchMap":{"0":{"loc":{"start":{"line":5,"column":4},"end":{"line":5,"column":14}},"type":"cond-expr","locations":[{"start":{"line":5,"column":4},"end":{"line":5,"column":14}},{"start":{"line":5,"column":4},"end":{"line":5,"column":14}}]}},"s":{"0":1,"1":1,"2":2,"3":2,"4":2,"5":1},"f":{"0":2},"b":{"0":[1,1]}}
,"C:\\Users\\Douglas Blumeyer\\workspace\\web-render\\src\\components\\getTileOriginAndSize.ts": {"path":"C:\\Users\\Douglas Blumeyer\\workspace\\web-render\\src\\components\\getTileOriginAndSize.ts","statementMap":{"0":{"start":{"line":1,"column":0},"end":{"line":1,"column":53}},"1":{"start":{"line":5,"column":1},"end":{"line":6,"column":70}},"2":{"start":{"line":5,"column":4},"end":{"line":5,"column":15}},"3":{"start":{"line":6,"column":2},"end":{"line":6,"column":70}},"4":{"start":{"line":8,"column":9},"end":{"line":8,"column":29}}},"fnMap":{"0":{"name":"(anonymous_0)","decl":{"start":{"line":5,"column":1},"end":{"line":5,"column":1}},"loc":{"start":{"line":5,"column":43},"end":{"line":6,"column":70}}}},"branchMap":{},"s":{"0":1,"1":1,"2":2,"3":2,"4":1},"f":{"0":2},"b":{}}
,"C:\\Users\\Douglas Blumeyer\\workspace\\web-render\\src\\components\\grid.ts": {"path":"C:\\Users\\Douglas Blumeyer\\workspace\\web-render\\src\\components\\grid.ts","statementMap":{"0":{"start":{"line":1,"column":0},"end":{"line":1,"column":67}},"1":{"start":{"line":2,"column":0},"end":{"line":2,"column":52}},"2":{"start":{"line":3,"column":0},"end":{"line":3,"column":36}},"3":{"start":{"line":5,"column":0},"end":{"line":5,"column":59}},"4":{"start":{"line":6,"column":0},"end":{"line":6,"column":38}},"5":{"start":{"line":8,"column":38},"end":{"line":8,"column":39}},"6":{"start":{"line":11,"column":1},"end":{"line":31,"column":2}},"7":{"start":{"line":12,"column":8},"end":{"line":12,"column":106}},"8":{"start":{"line":12,"column":10},"end":{"line":12,"column":34}},"9":{"start":{"line":12,"column":36},"end":{"line":12,"column":44}},"10":{"start":{"line":14,"column":2},"end":{"line":14,"column":16}},"11":{"start":{"line":15,"column":2},"end":{"line":15,"column":24}},"12":{"start":{"line":17,"column":2},"end":{"line":30,"column":3}},"13":{"start":{"line":18,"column":3},"end":{"line":22,"column":5}},"14":{"start":{"line":19,"column":4},"end":{"line":21,"column":6}},"15":{"start":{"line":20,"column":5},"end":{"line":20,"column":75}},"16":{"start":{"line":25,"column":3},"end":{"line":29,"column":5}},"17":{"start":{"line":26,"column":4},"end":{"line":28,"column":6}},"18":{"start":{"line":27,"column":5},"end":{"line":27,"column":53}},"19":{"start":{"line":33,"column":9},"end":{"line":33,"column":13}}},"fnMap":{"0":{"name":"(anonymous_0)","decl":{"start":{"line":11,"column":1},"end":{"line":null,"column":-1}},"loc":{"start":{"line":11,"column":1},"end":{"line":31,"column":2}}},"1":{"name":"(anonymous_1)","decl":{"start":{"line":18,"column":54},"end":{"line":18,"column":54}},"loc":{"start":{"line":18,"column":64},"end":{"line":22,"column":4}}},"2":{"name":"(anonymous_2)","decl":{"start":{"line":19,"column":55},"end":{"line":19,"column":55}},"loc":{"start":{"line":19,"column":65},"end":{"line":21,"column":5}}},"3":{"name":"(anonymous_3)","decl":{"start":{"line":25,"column":30},"end":{"line":25,"column":30}},"loc":{"start":{"line":25,"column":40},"end":{"line":29,"column":4}}},"4":{"name":"(anonymous_4)","decl":{"start":{"line":26,"column":31},"end":{"line":26,"column":31}},"loc":{"start":{"line":26,"column":41},"end":{"line":28,"column":5}}}},"branchMap":{"0":{"loc":{"start":{"line":17,"column":2},"end":{"line":30,"column":3}},"type":"if","locations":[{"start":{"line":17,"column":2},"end":{"line":30,"column":3}},{"start":{"line":17,"column":2},"end":{"line":30,"column":3}}]}},"s":{"0":1,"1":1,"2":1,"3":1,"4":1,"5":1,"6":1,"7":5,"8":5,"9":5,"10":5,"11":5,"12":5,"13":1,"14":4,"15":16,"16":4,"17":8,"18":16,"19":1},"f":{"0":5,"1":4,"2":16,"3":8,"4":16},"b":{"0":[1,4]}}
,"C:\\Users\\Douglas Blumeyer\\workspace\\web-render\\src\\components\\index.ts": {"path":"C:\\Users\\Douglas Blumeyer\\workspace\\web-render\\src\\components\\index.ts","statementMap":{"0":{"start":{"line":1,"column":0},"end":{"line":1,"column":76}},"1":{"start":{"line":56,"column":1},"end":{"line":56,"column":29}},"2":{"start":{"line":2,"column":0},"end":{"line":2,"column":28}},"3":{"start":{"line":36,"column":1},"end":{"line":36,"column":5}},"4":{"start":{"line":3,"column":0},"end":{"line":3,"column":38}},"5":{"start":{"line":37,"column":1},"end":{"line":37,"column":10}},"6":{"start":{"line":4,"column":0},"end":{"line":4,"column":30}},"7":{"start":{"line":63,"column":1},"end":{"line":63,"column":6}},"8":{"start":{"line":5,"column":0},"end":{"line":5,"column":30}},"9":{"start":{"line":64,"column":1},"end":{"line":64,"column":6}},"10":{"start":{"line":6,"column":0},"end":{"line":6,"column":66}},"11":{"start":{"line":55,"column":1},"end":{"line":55,"column":24}},"12":{"start":{"line":7,"column":0},"end":{"line":7,"column":34}},"13":{"start":{"line":66,"column":1},"end":{"line":66,"column":8}},"14":{"start":{"line":8,"column":0},"end":{"line":8,"column":40}},"15":{"start":{"line":38,"column":1},"end":{"line":38,"column":11}},"16":{"start":{"line":9,"column":0},"end":{"line":33,"column":15}},"17":{"start":{"line":51,"column":1},"end":{"line":51,"column":15}},"18":{"start":{"line":54,"column":1},"end":{"line":54,"column":19}},"19":{"start":{"line":53,"column":1},"end":{"line":53,"column":16}}},"fnMap":{},"branchMap":{},"s":{"0":1,"1":1,"2":1,"3":1,"4":1,"5":1,"6":1,"7":1,"8":1,"9":1,"10":1,"11":1,"12":1,"13":1,"14":1,"15":1,"16":1,"17":1,"18":1,"19":1},"f":{},"b":{}}
,"C:\\Users\\Douglas Blumeyer\\workspace\\web-render\\src\\components\\isTileUniform.ts": {"path":"C:\\Users\\Douglas Blumeyer\\workspace\\web-render\\src\\components\\isTileUniform.ts","statementMap":{"0":{"start":{"line":1,"column":0},"end":{"line":1,"column":42}},"1":{"start":{"line":2,"column":0},"end":{"line":2,"column":56}},"2":{"start":{"line":6,"column":1},"end":{"line":16,"column":2}},"3":{"start":{"line":6,"column":4},"end":{"line":6,"column":21}},"4":{"start":{"line":7,"column":2},"end":{"line":13,"column":3}},"5":{"start":{"line":8,"column":27},"end":{"line":8,"column":70}},"6":{"start":{"line":9,"column":27},"end":{"line":9,"column":74}},"7":{"start":{"line":10,"column":3},"end":{"line":12,"column":4}},"8":{"start":{"line":11,"column":4},"end":{"line":11,"column":16}},"9":{"start":{"line":15,"column":2},"end":{"line":15,"column":13}},"10":{"start":{"line":18,"column":9},"end":{"line":18,"column":22}}},"fnMap":{"0":{"name":"(anonymous_0)","decl":{"start":{"line":6,"column":1},"end":{"line":6,"column":1}},"loc":{"start":{"line":6,"column":65},"end":{"line":16,"column":2}}}},"branchMap":{"0":{"loc":{"start":{"line":10,"column":3},"end":{"line":12,"column":4}},"type":"if","locations":[{"start":{"line":10,"column":3},"end":{"line":12,"column":4}},{"start":{"line":10,"column":3},"end":{"line":12,"column":4}}]}},"s":{"0":1,"1":1,"2":1,"3":2,"4":2,"5":6,"6":6,"7":6,"8":1,"9":1,"10":1},"f":{"0":2},"b":{"0":[1,5]}}
,"C:\\Users\\Douglas Blumeyer\\workspace\\web-render\\src\\components\\maybeTile.ts": {"path":"C:\\Users\\Douglas Blumeyer\\workspace\\web-render\\src\\components\\maybeTile.ts","statementMap":{"0":{"start":{"line":1,"column":0},"end":{"line":1,"column":60}},"1":{"start":{"line":2,"column":0},"end":{"line":2,"column":28}},"2":{"start":{"line":6,"column":1},"end":{"line":12,"column":2}},"3":{"start":{"line":6,"column":4},"end":{"line":6,"column":15}},"4":{"start":{"line":11,"column":2},"end":{"line":11,"column":71}},"5":{"start":{"line":14,"column":9},"end":{"line":14,"column":18}}},"fnMap":{"0":{"name":"(anonymous_0)","decl":{"start":{"line":6,"column":1},"end":{"line":6,"column":1}},"loc":{"start":{"line":6,"column":43},"end":{"line":12,"column":2}}}},"branchMap":{"0":{"loc":{"start":{"line":11,"column":2},"end":{"line":11,"column":12}},"type":"binary-expr","locations":[{"start":{"line":11,"column":2},"end":{"line":11,"column":12}},{"start":{"line":11,"column":16},"end":{"line":11,"column":24}},{"start":{"line":11,"column":28},"end":{"line":11,"column":71}}]}},"s":{"0":1,"1":1,"2":1,"3":1,"4":1,"5":1},"f":{"0":1},"b":{"0":[1,1,1]}}
,"C:\\Users\\Douglas Blumeyer\\workspace\\web-render\\src\\components\\perStripe.ts": {"path":"C:\\Users\\Douglas Blumeyer\\workspace\\web-render\\src\\components\\perStripe.ts","statementMap":{"0":{"start":{"line":1,"column":0},"end":{"line":1,"column":46}},"1":{"start":{"line":2,"column":0},"end":{"line":2,"column":53}},"2":{"start":{"line":3,"column":0},"end":{"line":3,"column":52}},"3":{"start":{"line":4,"column":0},"end":{"line":4,"column":40}},"4":{"start":{"line":5,"column":0},"end":{"line":5,"column":36}},"5":{"start":{"line":9,"column":1},"end":{"line":17,"column":2}},"6":{"start":{"line":9,"column":4},"end":{"line":9,"column":21}},"7":{"start":{"line":10,"column":30},"end":{"line":10,"column":72}},"8":{"start":{"line":12,"column":2},"end":{"line":16,"column":49}},"9":{"start":{"line":13,"column":3},"end":{"line":16,"column":47}},"10":{"start":{"line":19,"column":9},"end":{"line":19,"column":18}}},"fnMap":{"0":{"name":"(anonymous_0)","decl":{"start":{"line":9,"column":1},"end":{"line":9,"column":1}},"loc":{"start":{"line":9,"column":65},"end":{"line":17,"column":2}}},"1":{"name":"(anonymous_1)","decl":{"start":{"line":12,"column":54},"end":{"line":12,"column":54}},"loc":{"start":{"line":12,"column":74},"end":{"line":16,"column":47}}}},"branchMap":{},"s":{"0":1,"1":1,"2":1,"3":1,"4":1,"5":1,"6":9,"7":9,"8":9,"9":64,"10":1},"f":{"0":9,"1":64},"b":{}}
[...]
:24,"column":1},"end":{"line":24,"column":1}},"loc":{"start":{"line":24,"column":12},"end":{"line":24,"column":30}}},"1":{"name":"(anonymous_1)","decl":{"start":{"line":26,"column":1},"end":{"line":26,"column":1}},"loc":{"start":{"line":26,"column":15},"end":{"line":26,"column":39}}},"2":{"name":"(anonymous_2)","decl":{"start":{"line":28,"column":1},"end":{"line":28,"column":1}},"loc":{"start":{"line":28,"column":15},"end":{"line":28,"column":39}}},"3":{"name":"(anonymous_3)","decl":{"start":{"line":30,"column":1},"end":{"line":30,"column":1}},"loc":{"start":{"line":30,"column":16},"end":{"line":30,"column":42}}},"4":{"name":"(anonymous_4)","decl":{"start":{"line":32,"column":1},"end":{"line":32,"column":1}},"loc":{"start":{"line":32,"column":25},"end":{"line":32,"column":69}}},"5":{"name":"(anonymous_5)","decl":{"start":{"line":34,"column":1},"end":{"line":34,"column":1}},"loc":{"start":{"line":34,"column":24},"end":{"line":34,"column":66}}},"6":{"name":"(anonymous_6)","decl":{"start":{"line":36,"column":1},"end":{"line":36,"column":1}},"loc":{"start":{"line":36,"column":14},"end":{"line":36,"column":36}}},"7":{"name":"(anonymous_7)","decl":{"start":{"line":38,"column":1},"end":{"line":38,"column":1}},"loc":{"start":{"line":38,"column":24},"end":{"line":38,"column":66}}},"8":{"name":"(anonymous_8)","decl":{"start":{"line":40,"column":1},"end":{"line":40,"column":1}},"loc":{"start":{"line":40,"column":22},"end":{"line":40,"column":69}}},"9":{"name":"(anonymous_9)","decl":{"start":{"line":46,"column":1},"end":{"line":46,"column":1}},"loc":{"start":{"line":46,"column":31},"end":{"line":46,"column":62}}},"10":{"name":"(anonymous_10)","decl":{"start":{"line":49,"column":1},"end":{"line":49,"column":1}},"loc":{"start":{"line":49,"column":52},"end":{"line":51,"column":26}}},"11":{"name":"(anonymous_11)","decl":{"start":{"line":50,"column":24},"end":{"line":50,"column":24}},"loc":{"start":{"line":50,"column":66},"end":{"line":51,"column":25}}},"12":{"name":"(anonymous_12)","decl":{"start":{"line":53,"column":1},"end":{"line":53,"column":1}},"loc":{"start":{"line":53,"column":49},"end":{"line":55,"column":45}}},"13":{"name":"(anonymous_13)","decl":{"start":{"line":54,"column":22},"end":{"line":54,"column":22}},"loc":{"start":{"line":54,"column":62},"end":{"line":55,"column":24}}},"14":{"name":"(anonymous_14)","decl":{"start":{"line":58,"column":1},"end":{"line":58,"column":1}},"loc":{"start":{"line":58,"column":41},"end":{"line":58,"column":69}}},"15":{"name":"(anonymous_15)","decl":{"start":{"line":60,"column":1},"end":{"line":60,"column":1}},"loc":{"start":{"line":60,"column":61},"end":{"line":60,"column":108}}},"16":{"name":"(anonymous_16)","decl":{"start":{"line":65,"column":1},"end":{"line":65,"column":1}},"loc":{"start":{"line":65,"column":50},"end":{"line":66,"column":24}}},"17":{"name":"(anonymous_17)","decl":{"start":{"line":68,"column":1},"end":{"line":68,"column":1}},"loc":{"start":{"line":68,"column":34},"end":{"line":69,"column":74}}},"18":{"name":"(anonymous_18)","decl":{"start":{"line":69,"column":17},"end":{"line":69,"column":17}},"loc":{"start":{"line":69,"column":37},"end":{"line":69,"column":59}}},"19":{"name":"(anonymous_19)","decl":{"start":{"line":71,"column":1},"end":{"line":71,"column":1}},"loc":{"start":{"line":71,"column":27},"end":{"line":71,"column":89}}},"20":{"name":"(anonymous_20)","decl":{"start":{"line":71,"column":49},"end":{"line":71,"column":49}},"loc":{"start":{"line":71,"column":65},"end":{"line":71,"column":79}}},"21":{"name":"(anonymous_21)","decl":{"start":{"line":73,"column":1},"end":{"line":73,"column":1}},"loc":{"start":{"line":73,"column":32},"end":{"line":74,"column":66}}},"22":{"name":"(anonymous_22)","decl":{"start":{"line":74,"column":17},"end":{"line":74,"column":17}},"loc":{"start":{"line":74,"column":33},"end":{"line":74,"column":51}}},"23":{"name":"(anonymous_23)","decl":{"start":{"line":78,"column":1},"end":{"line":78,"column":1}},"loc":{"start":{"line":78,"column":56},"end":{"line":84,"column":12}}},"24":{"name":"(anonymous_24)","decl":{"start":{"line":80,"column":30},"end":{"line":80,"column":30}},"loc":{"start":{"line":80,"column":83},"end":{"line":84,"column":4}}},"25":{"name":"(anonymous_25)","decl":{"start":{"line":89,"column":1},"end":{"line":89,"column":1}},"loc":{"start":{"line":89,"column":51},"end":{"line":89,"column":88}}},"26":{"name":"(anonymous_26)","decl":{"start":{"line":91,"column":1},"end":{"line":91,"column":1}},"loc":{"start":{"line":91,"column":19},"end":{"line":91,"column":54}}},"27":{"name":"(anonymous_27)","decl":{"start":{"line":93,"column":1},"end":{"line":93,"column":1}},"loc":{"start":{"line":93,"column":41},"end":{"line":93,"column":75}}}},"branchMap":{},"s":{"0":1,"1":27,"2":1,"3":1,"4":53,"5":1,"6":1,"7":84,"8":1,"9":1,"10":10,"11":1,"12":1,"13":25,"14":1,"15":1,"16":354,"17":1,"18":1,"19":610,"20":1,"21":1,"22":27,"23":1,"24":1,"25":1509,"26":1,"27":1,"28":7,"29":1,"30":1,"31":72,"32":160,"33":1,"34":1,"35":64,"36":163,"37":1,"38":1,"39":358,"40":1,"41":1,"42":2692,"43":1,"44":1,"45":10,"46":1,"47":1,"48":338,"49":664,"50":1,"51":1,"52":99,"53":198,"54":1,"55":1,"56":4,"57":8,"58":1,"59":1,"60":1,"61":2,"62":2,"63":2,"64":2,"65":1,"66":1,"67":29,"68":1,"69":1,"70":14,"71":1,"72":1,"73":24,"74":1},"f":{"0":27,"1":53,"2":84,"3":10,"4":25,"5":354,"6":610,"7":27,"8":1509,"9":7,"10":72,"11":160,"12":64,"13":163,"14":358,"15":2692,"16":10,"17":338,"18":664,"19":99,"20":198,"21":4,"22":8,"23":1,"24":2,"25":29,"26":14,"27":24},"b":{}}
,"C:\\Users\\Douglas Blumeyer\\workspace\\web-render\\src\\utilities\\windowWrapper.ts": {"path":"C:\\Users\\Douglas Blumeyer\\workspace\\web-render\\src\\utilities\\windowWrapper.ts","statementMap":{"0":{"start":{"line":3,"column":0},"end":{"line":3,"column":45}},"1":{"start":{"line":16,"column":31},"end":{"line":23,"column":1}},"2":{"start":{"line":31,"column":27},"end":{"line":38,"column":1}},"3":{"start":{"line":40,"column":28},"end":{"line":40,"column":35}},"4":{"start":{"line":49,"column":19},"end":{"line":49,"column":26}},"5":{"start":{"line":50,"column":20},"end":{"line":50,"column":28}},"6":{"start":{"line":51,"column":18},"end":{"line":51,"column":24}},"7":{"start":{"line":54,"column":9},"end":{"line":54,"column":22}}},"fnMap":{},"branchMap":{},"s":{"0":1,"1":1,"2":1,"3":1,"4":1,"5":1,"6":1,"7":1},"f":{},"b":{}}
,"C:\\Users\\Douglas Blumeyer\\workspace\\web-render\\src\\view\\applyBackgroundColor.ts": {"path":"C:\\Users\\Douglas Blumeyer\\workspace\\web-render\\src\\view\\applyBackgroundColor.ts","statementMap":{"0":{"start":{"line":3,"column":0},"end":{"line":3,"column":44}},"1":{"start":{"line":5,"column":0},"end":{"line":5,"column":44}},"2":{"start":{"line":6,"column":0},"end":{"line":6,"column":53}},"3":{"start":{"line":10,"column":1},"end":{"line":21,"column":2}},"4":{"start":{"line":11,"column":33},"end":{"line":11,"column":79}},"5":{"start":{"line":12,"column":2},"end":{"line":14,"column":3}},"6":{"start":{"line":13,"column":3},"end":{"line":13,"column":9}},"7":{"start":{"line":16,"column":25},"end":{"line":16,"column":66}},"8":{"start":{"line":18,"column":27},"end":{"line":18,"column":46}},"9":{"start":{"line":19,"column":2},"end":{"line":19,"column":49}},"10":{"start":{"line":20,"column":2},"end":{"line":20,"column":48}},"11":{"start":{"line":23,"column":9},"end":{"line":23,"column":29}}},"fnMap":{"0":{"name":"(anonymous_0)","decl":{"start":{"line":10,"column":1},"end":{"line":null,"column":-1}},"loc":{"start":{"line":10,"column":1},"end":{"line":21,"column":2}}}},"branchMap":{"0":{"loc":{"start":{"line":12,"column":2},"end":{"line":14,"column":3}},"type":"if","locations":[{"start":{"line":12,"column":2},"end":{"line":14,"column":3}},{"start":{"line":12,"column":2},"end":{"line":14,"column":3}}]}},"s":{"0":1,"1":1,"2":1,"3":1,"4":6,"5":6,"6":5,"7":1,"8":1,"9":1,"10":1,"11":1},"f":{"0":6},"b":{"0":[5,1]}}
,"C:\\Users\\Douglas Blumeyer\\workspace\\web-render\\src\\view\\applyOpacity.ts": {"path":"C:\\Users\\Douglas Blumeyer\\workspace\\web-render\\src\\view\\applyOpacity.ts","statementMap":{"0":{"start":{"line":1,"column":0},"end":{"line":1,"column":44}},"1":{"start":{"line":3,"column":0},"end":{"line":3,"column":53}},"2":{"start":{"line":7,"column":1},"end":{"line":15,"column":2}},"3":{"start":{"line":8,"column":26},"end":{"line":8,"column":64}},"4":{"start":{"line":9,"column":2},"end":{"line":11,"column":3}},"5":{"start":{"line":10,"column":3},"end":{"line":10,"column":9}},"6":{"start":{"line":13,"column":27},"end":{"line":13,"column":46}},"7":{"start":{"line":14,"column":2},"end":{"line":14,"column":31}},"8":{"start":{"line":17,"column":9},"end":{"line":17,"column":21}}},"fnMap":{"0":{"name":"(anonymous_0)","decl":{"start":{"line":7,"column":1},"end":{"line":null,"column":-1}},"loc":{"start":{"line":7,"column":1},"end":{"line":15,"column":2}}}},"branchMap":{"0":{"loc":{"start":{"line":9,"column":2},"end":{"line":11,"column":3}},"type":"if","locations":[{"start":{"line":9,"column":2},"end":{"line":11,"column":3}},{"start":{"line":9,"column":2},"end":{"line":11,"column":3}}]},"1":{"loc":{"start":{"line":9,"column":6},"end":{"line":9,"column":14}},"type":"binary-expr","locations":[{"start":{"line":9,"column":6},"end":{"line":9,"column":14}},{"start":{"line":9,"column":18},"end":{"line":9,"column":31}}]}},"s":{"0":1,"1":1,"2":1,"3":7,"4":7,"5":6,"6":1,"7":1,"8":1},"f":{"0":7},"b":{"0":[6,1],"1":[7,7]}}
,"C:\\Users\\Douglas Blumeyer\\workspace\\web-render\\src\\view\\applyScroll.ts": {"path":"C:\\Users\\Douglas Blumeyer\\workspace\\web-render\\src\\view\\applyScroll.ts","statementMap":{"0":{"start":{"line":2,"column":0},"end":{"line":2,"column":34}},"1":{"start":{"line":5,"column":0},"end":{"line":5,"column":53}},"2":{"start":{"line":6,"column":0},"end":{"line":6,"column":40}},"3":{"start":{"line":7,"column":0},"end":{"line":7,"column":36}},"4":{"start":{"line":10,"column":1},"end":{"line":19,"column":2}},"5":{"start":{"line":12,"column":57},"end":{"line":12,"column":125}},"6":{"start":{"line":14,"column":2},"end":{"line":16,"column":3}},"7":{"start":{"line":15,"column":3},"end":{"line":15,"column":14}},"8":{"start":{"line":18,"column":2},"end":{"line":18,"column":70}},"9":{"start":{"line":35,"column":9},"end":{"line":35,"column":20}},"10":{"start":{"line":22,"column":1},"end":{"line":33,"column":2}},"11":{"start":{"line":23,"column":25},"end":{"line":23,"column":66}},"12":{"start":{"line":24,"column":31},"end":{"line":24,"column":57}},"13":{"start":{"line":26,"column":25},"end":{"line":26,"column":64}},"14":{"start":{"line":27,"column":31},"end":{"line":27,"column":57}},"15":{"start":{"line":29,"column":2},"end":{"line":32,"column":4}}},"fnMap":{"0":{"name":"(anonymous_0)","decl":{"start":{"line":10,"column":1},"end":{"line":10,"column":1}},"loc":{"start":{"line":10,"column":12},"end":{"line":19,"column":2}}},"1":{"name":"(anonymous_1)","decl":{"start":{"line":22,"column":1},"end":{"line":22,"column":1}},"loc":{"start":{"line":22,"column":14},"end":{"line":33,"column":2}}}},"branchMap":{"0":{"loc":{"start":{"line":14,"column":2},"end":{"line":16,"column":3}},"type":"if","locations":[{"start":{"line":14,"column":2},"end":{"line":16,"column":3}},{"start":{"line":14,"column":2},"end":{"line":16,"column":3}}]}},"s":{"0":1,"1":1,"2":1,"3":1,"4":1,"5":2,"6":2,"7":1,"8":1,"9":1,"10":1,"11":3,"12":3,"13":3,"14":3,"15":3},"f":{"0":2,"1":3},"b":{"0":[1,1]}}
,"C:\\Users\\Douglas Blumeyer\\workspace\\web-render\\src\\view\\applyTilt.ts": {"path":"C:\\Users\\Douglas Blumeyer\\workspace\\web-render\\src\\view\\applyTilt.ts","statementMap":{"0":{"start":{"line":1,"column":0},"end":{"line":1,"column":34}},"1":{"start":{"line":5,"column":0},"end":{"line":5,"column":53}},"2":{"start":{"line":6,"column":0},"end":{"line":6,"column":40}},"3":{"start":{"line":7,"column":0},"end":{"line":7,"column":50}},"4":{"start":{"line":8,"column":0},"end":{"line":8,"column":36}},"5":{"start":{"line":11,"column":1},"end":{"line":26,"column":2}},"6":{"start":{"line":12,"column":25},"end":{"line":12,"column":66}},"7":{"start":{"line":13,"column":46},"end":{"line":13,"column":104}},"8":{"start":{"line":15,"column":2},"end":{"line":17,"column":3}},"9":{"start":{"line":16,"column":3},"end":{"line":16,"column":14}},"10":{"start":{"line":19,"column":30},"end":{"line":19,"column":98}},"11":{"start":{"line":21,"column":2},"end":{"line":25,"column":6}},"12":{"start":{"line":21,"column":51},"end":{"line":25,"column":4}},"13":{"start":{"line":32,"column":9},"end":{"line":32,"column":18}},"14":{"start":{"line":29,"column":1},"end":{"line":30,"column":94}},"15":{"start":{"line":29,"column":4},"end":{"line":29,"column":14}},"16":{"start":{"line":29,"column":16},"end":{"line":29,"column":21}},"17":{"start":{"line":29,"column":23},"end":{"line":29,"column":31}},"18":{"start":{"line":30,"column":2},"end":{"line":30,"column":94}}},"fnMap":{"0":{"name":"(anonymous_0)","decl":{"start":{"line":11,"column":1},"end":{"line":11,"column":1}},"loc":{"start":{"line":11,"column":12},"end":{"line":26,"column":2}}},"1":{"name":"(anonymous_1)","decl":{"start":{"line":21,"column":26},"end":{"line":21,"column":26}},"loc":{"start":{"line":21,"column":39},"end":{"line":25,"column":4}}},"2":{"name":"(anonymous_2)","decl":{"start":{"line":29,"column":1},"end":{"line":29,"column":1}},"loc":{"start":{"line":29,"column":88},"end":{"line":30,"column":94}}}},"branchMap":{"0":{"loc":{"start":{"line":15,"column":2},"end":{"line":17,"column":3}},"type":"if","locations":[{"start":{"line":15,"column":2},"end":{"line":17,"column":3}},{"start":{"line":15,"column":2},"end":{"line":17,"column":3}}]}},"s":{"0":1,"1":1,"2":1,"3":1,"4":1,"5":1,"6":2,"7":2,"8":2,"9":1,"10":1,"11":1,"12":3,"13":1,"14":1,"15":3,"16":3,"17":3,"18":3},"f":{"0":2,"1":3,"2":3},"b":{"0":[1,1]}}
,"C:\\Users\\Douglas Blumeyer\\workspace\\web-render\\src\\view\\applyView.ts": {"path":"C:\\Users\\Douglas Blumeyer\\workspace\\web-render\\src\\view\\applyView.ts","statementMap":{"0":{"start":{"line":3,"column":0},"end":{"line":3,"column":40}},"1":{"start":{"line":4,"column":0},"end":{"line":4,"column":36}},"2":{"start":{"line":5,"column":0},"end":{"line":5,"column":42}},"3":{"start":{"line":6,"column":0},"end":{"line":6,"column":38}},"4":{"start":{"line":7,"column":0},"end":{"line":7,"column":38}},"5":{"start":{"line":10,"column":1},"end":{"line":18,"column":2}},"6":{"start":{"line":11,"column":19},"end":{"line":11,"column":49}},"7":{"start":{"line":13,"column":2},"end":{"line":13,"column":24}},"8":{"start":{"line":14,"column":2},"end":{"line":14,"column":26}},"9":{"start":{"line":15,"column":2},"end":{"line":15,"column":24}},"10":{"start":{"line":17,"column":2},"end":{"line":17,"column":13}},"11":{"start":{"line":20,"column":9},"end":{"line":20,"column":18}}},"fnMap":{"0":{"name":"(anonymous_0)","decl":{"start":{"line":10,"column":1},"end":{"line":10,"column":1}},"loc":{"start":{"line":10,"column":18},"end":{"line":18,"column":2}}}},"branchMap":{},"s":{"0":1,"1":1,"2":1,"3":1,"4":1,"5":1,"6":1,"7":1,"8":1,"9":1,"10":1,"11":1},"f":{"0":1},"b":{}}
,"C:\\Users\\Douglas Blumeyer\\workspace\\web-render\\src\\view\\applyZoom.ts": {"path":"C:\\Users\\Douglas Blumeyer\\workspace\\web-render\\src\\view\\applyZoom.ts","statementMap":{"0":{"start":{"line":1,"column":0},"end":{"line":1,"column":34}},"1":{"start":{"line":4,"column":0},"end":{"line":4,"column":67}},"2":{"start":{"line":5,"column":0},"end":{"line":5,"column":40}},"3":{"start":{"line":6,"column":0},"end":{"line":6,"column":36}},"4":{"start":{"line":10,"column":1},"end":{"line":10,"column":60}},"5":{"start":{"line":10,"column":23},"end":{"line":10,"column":60}},"6":{"start":{"line":44,"column":9},"end":{"line":44,"column":18}},"7":{"start":{"line":13,"column":1},"end":{"line":24,"column":2}},"8":{"start":{"line":14,"column":8},"end":{"line":19,"column":63}},"9":{"start":{"line":15,"column":3},"end":{"line":15,"column":13}},"10":{"start":{"line":16,"column":3},"end":{"line":16,"column":40}},"11":{"start":{"line":17,"column":3},"end":{"line":17,"column":7}},"12":{"start":{"line":18,"column":3},"end":{"line":18,"column":21}},"13":{"start":{"line":20,"column":29},"end":{"line":20,"column":62}},"14":{"start":{"line":21,"column":44},"end":{"line":21,"column":104}},"15":{"start":{"line":23,"column":2},"end":{"line":23,"column":80}},"16":{"start":{"line":27,"column":1},"end":{"line":42,"column":2}},"17":{"start":{"line":27,"column":4},"end":{"line":27,"column":9}},"18":{"start":{"line":27,"column":11},"end":{"line":27,"column":35}},"19":{"start":{"line":27,"column":37},"end":{"line":27,"column":51}},"20":{"start":{"line":27,"column":53},"end":{"line":27,"column":57}},"21":{"start":{"line":28,"column":36},"end":{"line":28,"column":41}},"22":{"start":{"line":30,"column":2},"end":{"line":33,"column":3}},"23":{"start":{"line":31,"column":3},"end":{"line":32,"column":43}},"24":{"start":{"line":32,"column":4},"end":{"line":32,"column":41}},"25":{"start":{"line":34,"column":2},"end":{"line":35,"column":23}},"26":{"start":{"line":35,"column":3},"end":{"line":35,"column":21}},"27":{"start":{"line":36,"column":2},"end":{"line":39,"column":3}},"28":{"start":{"line":37,"column":3},"end":{"line":38,"column":43}},"29":{"start":{"line":38,"column":4},"end":{"line":38,"column":41}},"30":{"start":{"line":41,"column":2},"end":{"line":41,"column":29}}},"fnMap":{"0":{"name":"(anonymous_0)","decl":{"start":{"line":10,"column":1},"end":{"line":10,"column":1}},"loc":{"start":{"line":10,"column":12},"end":{"line":10,"column":60}}},"1":{"name":"(anonymous_1)","decl":{"start":{"line":13,"column":1},"end":{"line":13,"column":1}},"loc":{"start":{"line":13,"column":14},"end":{"line":24,"column":2}}},"2":{"name":"(anonymous_2)","decl":{"start":{"line":27,"column":1},"end":{"line":27,"column":1}},"loc":{"start":{"line":27,"column":79},"end":{"line":42,"column":2}}},"3":{"name":"(anonymous_3)","decl":{"start":{"line":31,"column":60},"end":{"line":31,"column":60}},"loc":{"start":{"line":31,"column":67},"end":{"line":32,"column":41}}},"4":{"name":"(anonymous_4)","decl":{"start":{"line":34,"column":59},"end":{"line":34,"column":59}},"loc":{"start":{"line":34,"column":66},"end":{"line":35,"column":21}}},"5":{"name":"(anonymous_5)","decl":{"start":{"line":37,"column":60},"end":{"line":37,"column":60}},"loc":{"start":{"line":37,"column":67},"end":{"line":38,"column":41}}}},"branchMap":{"0":{"loc":{"start":{"line":21,"column":44},"end":{"line":21,"column":62}},"type":"binary-expr","locations":[{"start":{"line":21,"column":44},"end":{"line":21,"column":62}},{"start":{"line":21,"column":66},"end":{"line":21,"column":104}}]},"1":{"loc":{"start":{"line":30,"column":2},"end":{"line":33,"column":3}},"type":"if","locations":[{"start":{"line":30,"column":2},"end":{"line":33,"column":3}},{"start":{"line":30,"column":2},"end":{"line":33,"column":3}}]},"2":{"loc":{"start":{"line":36,"column":2},"end":{"line":39,"column":3}},"type":"if","locations":[{"start":{"line":36,"column":2},"end":{"line":39,"column":3}},{"start":{"line":36,"column":2},"end":{"line":39,"column":3}}]}},"s":{"0":1,"1":1,"2":1,"3":1,"4":1,"5":3,"6":1,"7":1,"8":12,"9":12,"10":12,"11":12,"12":12,"13":12,"14":12,"15":12,"16":1,"17":12,"18":12,"19":12,"20":12,"21":12,"22":12,"23":8,"24":16,"25":12,"26":24,"27":12,"28":8,"29":16,"30":12},"f":{"0":3,"1":12,"2":12,"3":16,"4":24,"5":16},"b":{"0":[12,8],"1":[8,4],"2":[8,4]}}
,"C:\\Users\\Douglas Blumeyer\\workspace\\web-render\\src\\view\\index.ts": {"path":"C:\\Users\\Douglas Blumeyer\\workspace\\web-render\\src\\view\\index.ts","statementMap":{"0":{"start":{"line":1,"column":0},"end":{"line":1,"column":60}},"1":{"start":{"line":6,"column":1},"end":{"line":6,"column":21}},"2":{"start":{"line":2,"column":0},"end":{"line":2,"column":44}},"3":{"start":{"line":7,"column":1},"end":{"line":7,"column":13}},"4":{"start":{"line":3,"column":0},"end":{"line":3,"column":38}},"5":{"start":{"line":8,"column":1},"end":{"line":8,"column":10}}},"fnMap":{},"branchMap":{},"s":{"0":1,"1":1,"2":1,"3":1,"4":1,"5":1},"f":{},"b":{}}
}
