{"/Users/pivotal/workspace/web-render/effects/cmyktooth/pattern/index.ts": {"path":"/Users/pivotal/workspace/web-render/effects/cmyktooth/pattern/index.ts","statementMap":{"0":{"start":{"line":1,"column":0},"end":{"line":1,"column":66}},"1":{"start":{"line":1,"column":9},"end":{"line":1,"column":26}},"2":{"start":{"line":1,"column":28},"end":{"line":1,"column":50}},"3":{"start":{"line":2,"column":0},"end":{"line":2,"column":41}},"4":{"start":{"line":2,"column":9},"end":{"line":2,"column":26}},"5":{"start":{"line":3,"column":0},"end":{"line":3,"column":80}},"6":{"start":{"line":3,"column":9},"end":{"line":3,"column":25}},"7":{"start":{"line":3,"column":27},"end":{"line":3,"column":65}}},"fnMap":{},"branchMap":{},"s":{"0":1,"1":1,"2":1,"3":1,"4":1,"5":1,"6":1,"7":1},"f":{},"b":{}}
,"/Users/pivotal/workspace/web-render/effects/cmyktooth/pattern/color/cmyktoothColorSet.ts": {"path":"/Users/pivotal/workspace/web-render/effects/cmyktooth/pattern/color/cmyktoothColorSet.ts","statementMap":{"0":{"start":{"line":1,"column":0},"end":{"line":1,"column":69}},"1":{"start":{"line":3,"column":8},"end":{"line":3,"column":13}},"2":{"start":{"line":3,"column":15},"end":{"line":3,"column":19}},"3":{"start":{"line":3,"column":21},"end":{"line":3,"column":28}},"4":{"start":{"line":3,"column":30},"end":{"line":3,"column":36}},"5":{"start":{"line":3,"column":38},"end":{"line":3,"column":49}},"6":{"start":{"line":5,"column":35},"end":{"line":5,"column":80}},"7":{"start":{"line":7,"column":38},"end":{"line":7,"column":61}},"8":{"start":{"line":10,"column":1},"end":{"line":13,"column":3}},"9":{"start":{"line":10,"column":17},"end":{"line":13,"column":3}},"10":{"start":{"line":15,"column":30},"end":{"line":15,"column":34}}},"fnMap":{"0":{"name":"(anonymous_0)","decl":{"start":{"line":10,"column":1},"end":{"line":10,"column":16}},"loc":{"start":{"line":10,"column":1},"end":{"line":13,"column":3}}}},"branchMap":{},"s":{"0":1,"1":1,"2":1,"3":1,"4":1,"5":1,"6":1,"7":1,"8":1,"9":8,"10":1},"f":{"0":8},"b":{}}
,"/Users/pivotal/workspace/web-render/effects/cmyktooth/pattern/color/cmyktoothOffsetAddress.ts": {"path":"/Users/pivotal/workspace/web-render/effects/cmyktooth/pattern/color/cmyktoothOffsetAddress.ts","statementMap":{"0":{"start":{"line":1,"column":0},"end":{"line":1,"column":44}},"1":{"start":{"line":4,"column":1},"end":{"line":4,"column":36}},"2":{"start":{"line":4,"column":16},"end":{"line":4,"column":36}},"3":{"start":{"line":6,"column":35},"end":{"line":6,"column":39}}},"fnMap":{"0":{"name":"(anonymous_0)","decl":{"start":{"line":4,"column":1},"end":{"line":4,"column":15}},"loc":{"start":{"line":4,"column":1},"end":{"line":4,"column":36}}}},"branchMap":{},"s":{"0":1,"1":1,"2":1,"3":1},"f":{"0":1},"b":{}}
,"/Users/pivotal/workspace/web-render/effects/cmyktooth/pattern/color/index.ts": {"path":"/Users/pivotal/workspace/web-render/effects/cmyktooth/pattern/color/index.ts","statementMap":{"0":{"start":{"line":1,"column":0},"end":{"line":1,"column":55}},"1":{"start":{"line":5,"column":1},"end":{"line":5,"column":18}},"2":{"start":{"line":2,"column":0},"end":{"line":2,"column":65}},"3":{"start":{"line":6,"column":1},"end":{"line":6,"column":23}}},"fnMap":{},"branchMap":{},"s":{"0":1,"1":1,"2":1,"3":1},"f":{},"b":{}}
,"/Users/pivotal/workspace/web-render/effects/cmyktooth/pattern/tile/cmyktoothTileSize.ts": {"path":"/Users/pivotal/workspace/web-render/effects/cmyktooth/pattern/tile/cmyktoothTileSize.ts","statementMap":{"0":{"start":{"line":1,"column":0},"end":{"line":1,"column":58}},"1":{"start":{"line":4,"column":1},"end":{"line":4,"column":60}},"2":{"start":{"line":4,"column":20},"end":{"line":4,"column":60}},"3":{"start":{"line":6,"column":30},"end":{"line":6,"column":34}}},"fnMap":{"0":{"name":"(anonymous_0)","decl":{"start":{"line":4,"column":1},"end":{"line":4,"column":1}},"loc":{"start":{"line":4,"column":9},"end":{"line":4,"column":60}}}},"branchMap":{},"s":{"0":1,"1":1,"2":2,"3":1},"f":{"0":2},"b":{}}
,"/Users/pivotal/workspace/web-render/effects/cmyktooth/pattern/tile/index.ts": {"path":"/Users/pivotal/workspace/web-render/effects/cmyktooth/pattern/tile/index.ts","statementMap":{"0":{"start":{"line":1,"column":0},"end":{"line":1,"column":55}},"1":{"start":{"line":4,"column":1},"end":{"line":4,"column":18}}},"fnMap":{},"branchMap":{},"s":{"0":1,"1":1},"f":{},"b":{}}
,"/Users/pivotal/workspace/web-render/effects/cmyktooth/pattern/view/cmyktoothOpacity.ts": {"path":"/Users/pivotal/workspace/web-render/effects/cmyktooth/pattern/view/cmyktoothOpacity.ts","statementMap":{"0":{"start":{"line":1,"column":0},"end":{"line":1,"column":44}},"1":{"start":{"line":3,"column":60},"end":{"line":3,"column":61}},"2":{"start":{"line":6,"column":1},"end":{"line":6,"column":97}},"3":{"start":{"line":6,"column":15},"end":{"line":6,"column":97}},"4":{"start":{"line":8,"column":29},"end":{"line":8,"column":33}}},"fnMap":{"0":{"name":"(anonymous_0)","decl":{"start":{"line":6,"column":1},"end":{"line":6,"column":14}},"loc":{"start":{"line":6,"column":1},"end":{"line":6,"column":97}}}},"branchMap":{},"s":{"0":1,"1":1,"2":1,"3":8,"4":1},"f":{"0":8},"b":{}}
,"/Users/pivotal/workspace/web-render/effects/cmyktooth/pattern/view/cmyktoothViewRotationAboutCanvasCenter.ts": {"path":"/Users/pivotal/workspace/web-render/effects/cmyktooth/pattern/view/cmyktoothViewRotationAboutCanvasCenter.ts","statementMap":{"0":{"start":{"line":1,"column":0},"end":{"line":1,"column":60}},"1":{"start":{"line":4,"column":1},"end":{"line":4,"column":100}},"2":{"start":{"line":4,"column":24},"end":{"line":4,"column":100}},"3":{"start":{"line":6,"column":51},"end":{"line":6,"column":55}}},"fnMap":{"0":{"name":"(anonymous_0)","decl":{"start":{"line":4,"column":1},"end":{"line":4,"column":1}},"loc":{"start":{"line":4,"column":11},"end":{"line":4,"column":100}}}},"branchMap":{},"s":{"0":1,"1":1,"2":2,"3":1},"f":{"0":2},"b":{}}
,"/Users/pivotal/workspace/web-render/effects/cmyktooth/pattern/view/index.ts": {"path":"/Users/pivotal/workspace/web-render/effects/cmyktooth/pattern/view/index.ts","statementMap":{"0":{"start":{"line":1,"column":0},"end":{"line":1,"column":53}},"1":{"start":{"line":5,"column":1},"end":{"line":5,"column":17}},"2":{"start":{"line":2,"column":0},"end":{"line":2,"column":97}},"3":{"start":{"line":6,"column":1},"end":{"line":6,"column":39}}},"fnMap":{},"branchMap":{},"s":{"0":1,"1":1,"2":1,"3":1},"f":{},"b":{}}
,"/Users/pivotal/workspace/web-render/effects/cmyktooth/test/unit/color/cmyktoothColorSetTest.ts": {"path":"/Users/pivotal/workspace/web-render/effects/cmyktooth/test/unit/color/cmyktoothColorSetTest.ts","statementMap":{"0":{"start":{"line":1,"column":0},"end":{"line":1,"column":56}},"1":{"start":{"line":2,"column":0},"end":{"line":2,"column":51}},"2":{"start":{"line":4,"column":8},"end":{"line":4,"column":13}},"3":{"start":{"line":4,"column":15},"end":{"line":4,"column":19}},"4":{"start":{"line":4,"column":21},"end":{"line":4,"column":28}},"5":{"start":{"line":4,"column":30},"end":{"line":4,"column":41}},"6":{"start":{"line":4,"column":43},"end":{"line":4,"column":49}},"7":{"start":{"line":6,"column":0},"end":{"line":25,"column":2}},"8":{"start":{"line":7,"column":1},"end":{"line":24,"column":3}},"9":{"start":{"line":8,"column":2},"end":{"line":8,"column":34}},"10":{"start":{"line":9,"column":2},"end":{"line":9,"column":67}},"11":{"start":{"line":10,"column":2},"end":{"line":10,"column":34}},"12":{"start":{"line":11,"column":2},"end":{"line":11,"column":66}},"13":{"start":{"line":12,"column":2},"end":{"line":12,"column":34}},"14":{"start":{"line":13,"column":2},"end":{"line":13,"column":65}},"15":{"start":{"line":14,"column":2},"end":{"line":14,"column":34}},"16":{"start":{"line":15,"column":2},"end":{"line":15,"column":68}},"17":{"start":{"line":16,"column":2},"end":{"line":16,"column":34}},"18":{"start":{"line":17,"column":2},"end":{"line":17,"column":67}},"19":{"start":{"line":18,"column":2},"end":{"line":18,"column":34}},"20":{"start":{"line":19,"column":2},"end":{"line":19,"column":66}},"21":{"start":{"line":20,"column":2},"end":{"line":20,"column":34}},"22":{"start":{"line":21,"column":2},"end":{"line":21,"column":65}},"23":{"start":{"line":22,"column":2},"end":{"line":22,"column":34}},"24":{"start":{"line":23,"column":2},"end":{"line":23,"column":68}}},"fnMap":{"0":{"name":"(anonymous_0)","decl":{"start":{"line":6,"column":32},"end":{"line":null,"column":-1}},"loc":{"start":{"line":6,"column":32},"end":{"line":25,"column":1}}},"1":{"name":"(anonymous_1)","decl":{"start":{"line":7,"column":96},"end":{"line":null,"column":-1}},"loc":{"start":{"line":7,"column":96},"end":{"line":24,"column":2}}}},"branchMap":{},"s":{"0":1,"1":1,"2":1,"3":1,"4":1,"5":1,"6":1,"7":1,"8":1,"9":1,"10":1,"11":1,"12":1,"13":1,"14":1,"15":1,"16":1,"17":1,"18":1,"19":1,"20":1,"21":1,"22":1,"23":1,"24":1},"f":{"0":1,"1":1},"b":{}}
,"/Users/pivotal/workspace/web-render/effects/cmyktooth/test/unit/color/cmyktoothOffsetAddressTest.ts": {"path":"/Users/pivotal/workspace/web-render/effects/cmyktooth/test/unit/color/cmyktoothOffsetAddressTest.ts","statementMap":{"0":{"start":{"line":1,"column":0},"end":{"line":1,"column":38}},"1":{"start":{"line":2,"column":0},"end":{"line":2,"column":56}},"2":{"start":{"line":4,"column":0},"end":{"line":8,"column":2}},"3":{"start":{"line":5,"column":1},"end":{"line":7,"column":3}},"4":{"start":{"line":6,"column":2},"end":{"line":6,"column":69}}},"fnMap":{"0":{"name":"(anonymous_0)","decl":{"start":{"line":4,"column":37},"end":{"line":null,"column":-1}},"loc":{"start":{"line":4,"column":37},"end":{"line":8,"column":1}}},"1":{"name":"(anonymous_1)","decl":{"start":{"line":5,"column":24},"end":{"line":null,"column":-1}},"loc":{"start":{"line":5,"column":24},"end":{"line":7,"column":2}}}},"branchMap":{},"s":{"0":1,"1":1,"2":1,"3":1,"4":1},"f":{"0":1,"1":1},"b":{}}
,"/Users/pivotal/workspace/web-render/effects/cmyktooth/test/unit/tile/cmyktoothTileSizeTest.ts": {"path":"/Users/pivotal/workspace/web-render/effects/cmyktooth/test/unit/tile/cmyktoothTileSizeTest.ts","statementMap":{"0":{"start":{"line":1,"column":0},"end":{"line":1,"column":55}},"1":{"start":{"line":2,"column":0},"end":{"line":2,"column":46}},"2":{"start":{"line":3,"column":0},"end":{"line":3,"column":51}},"3":{"start":{"line":5,"column":8},"end":{"line":5,"column":14}},"4":{"start":{"line":7,"column":0},"end":{"line":12,"column":2}},"5":{"start":{"line":8,"column":1},"end":{"line":11,"column":3}},"6":{"start":{"line":9,"column":2},"end":{"line":9,"column":85}},"7":{"start":{"line":10,"column":2},"end":{"line":10,"column":85}}},"fnMap":{"0":{"name":"(anonymous_0)","decl":{"start":{"line":7,"column":32},"end":{"line":null,"column":-1}},"loc":{"start":{"line":7,"column":32},"end":{"line":12,"column":1}}},"1":{"name":"(anonymous_1)","decl":{"start":{"line":8,"column":61},"end":{"line":null,"column":-1}},"loc":{"start":{"line":8,"column":61},"end":{"line":11,"column":2}}}},"branchMap":{},"s":{"0":1,"1":1,"2":1,"3":1,"4":1,"5":1,"6":1,"7":1},"f":{"0":1,"1":1},"b":{}}
,"/Users/pivotal/workspace/web-render/effects/cmyktooth/test/unit/view/cmyktoothOpacityTest.ts": {"path":"/Users/pivotal/workspace/web-render/effects/cmyktooth/test/unit/view/cmyktoothOpacityTest.ts","statementMap":{"0":{"start":{"line":1,"column":0},"end":{"line":1,"column":45}},"1":{"start":{"line":2,"column":0},"end":{"line":2,"column":50}},"2":{"start":{"line":4,"column":0},"end":{"line":23,"column":2}},"3":{"start":{"line":5,"column":1},"end":{"line":22,"column":3}},"4":{"start":{"line":6,"column":2},"end":{"line":6,"column":34}},"5":{"start":{"line":7,"column":2},"end":{"line":7,"column":45}},"6":{"start":{"line":8,"column":2},"end":{"line":8,"column":34}},"7":{"start":{"line":9,"column":2},"end":{"line":9,"column":45}},"8":{"start":{"line":10,"column":2},"end":{"line":10,"column":34}},"9":{"start":{"line":11,"column":2},"end":{"line":11,"column":45}},"10":{"start":{"line":12,"column":2},"end":{"line":12,"column":34}},"11":{"start":{"line":13,"column":2},"end":{"line":13,"column":45}},"12":{"start":{"line":14,"column":2},"end":{"line":14,"column":34}},"13":{"start":{"line":15,"column":2},"end":{"line":15,"column":45}},"14":{"start":{"line":16,"column":2},"end":{"line":16,"column":34}},"15":{"start":{"line":17,"column":2},"end":{"line":17,"column":45}},"16":{"start":{"line":18,"column":2},"end":{"line":18,"column":34}},"17":{"start":{"line":19,"column":2},"end":{"line":19,"column":45}},"18":{"start":{"line":20,"column":2},"end":{"line":20,"column":34}},"19":{"start":{"line":21,"column":2},"end":{"line":21,"column":45}}},"fnMap":{"0":{"name":"(anonymous_0)","decl":{"start":{"line":4,"column":30},"end":{"line":null,"column":-1}},"loc":{"start":{"line":4,"column":30},"end":{"line":23,"column":1}}},"1":{"name":"(anonymous_1)","decl":{"start":{"line":5,"column":50},"end":{"line":null,"column":-1}},"loc":{"start":{"line":5,"column":50},"end":{"line":22,"column":2}}}},"branchMap":{},"s":{"0":1,"1":1,"2":1,"3":1,"4":1,"5":1,"6":1,"7":1,"8":1,"9":1,"10":1,"11":1,"12":1,"13":1,"14":1,"15":1,"16":1,"17":1,"18":1,"19":1},"f":{"0":1,"1":1},"b":{}}
,"/Users/pivotal/workspace/web-render/effects/cmyktooth/test/unit/view/cmyktoothViewRotationAboutCanvasCenterTest.ts": {"path":"/Users/pivotal/workspace/web-render/effects/cmyktooth/test/unit/view/cmyktoothViewRotationAboutCanvasCenterTest.ts","statementMap":{"0":{"start":{"line":1,"column":0},"end":{"line":1,"column":49}},"1":{"start":{"line":2,"column":0},"end":{"line":2,"column":72}},"2":{"start":{"line":4,"column":8},"end":{"line":4,"column":33}},"3":{"start":{"line":4,"column":35},"end":{"line":4,"column":58}},"4":{"start":{"line":6,"column":0},"end":{"line":11,"column":2}},"5":{"start":{"line":7,"column":1},"end":{"line":10,"column":3}},"6":{"start":{"line":8,"column":2},"end":{"line":8,"column":99}},"7":{"start":{"line":9,"column":2},"end":{"line":9,"column":110}}},"fnMap":{"0":{"name":"(anonymous_0)","decl":{"start":{"line":6,"column":56},"end":{"line":null,"column":-1}},"loc":{"start":{"line":6,"column":56},"end":{"line":11,"column":1}}},"1":{"name":"(anonymous_1)","decl":{"start":{"line":7,"column":61},"end":{"line":null,"column":-1}},"loc":{"start":{"line":7,"column":61},"end":{"line":10,"column":2}}}},"branchMap":{},"s":{"0":1,"1":1,"2":1,"3":1,"4":1,"5":1,"6":1,"7":1},"f":{"0":1,"1":1},"b":{}}
,"/Users/pivotal/workspace/web-render/effects/derasterized/test/unit/stripe/getDerasterizedByAreaStripePositionsTest.ts": {"path":"/Users/pivotal/workspace/web-render/effects/derasterized/test/unit/stripe/getDerasterizedByAreaStripePositionsTest.ts","statementMap":{"0":{"start":{"line":1,"column":0},"end":{"line":5,"column":2}},"1":{"start":{"line":2,"column":1},"end":{"line":4,"column":3}},"2":{"start":{"line":3,"column":2},"end":{"line":3,"column":25}}},"fnMap":{"0":{"name":"(anonymous_0)","decl":{"start":{"line":1,"column":25},"end":{"line":null,"column":-1}},"loc":{"start":{"line":1,"column":25},"end":{"line":5,"column":1}}},"1":{"name":"(anonymous_1)","decl":{"start":{"line":2,"column":14},"end":{"line":null,"column":-1}},"loc":{"start":{"line":2,"column":14},"end":{"line":4,"column":2}}}},"branchMap":{},"s":{"0":1,"1":1,"2":1},"f":{"0":1,"1":1},"b":{}}
,"/Users/pivotal/workspace/web-render/effects/gingham-chevron-continuum/pattern/index.ts": {"path":"/Users/pivotal/workspace/web-render/effects/gingham-chevron-continuum/pattern/index.ts","statementMap":{"0":{"start":{"line":1,"column":0},"end":{"line":1,"column":111}},"1":{"start":{"line":1,"column":9},"end":{"line":1,"column":59}},"2":{"start":{"line":1,"column":61},"end":{"line":1,"column":95}},"3":{"start":{"line":2,"column":0},"end":{"line":2,"column":80}},"4":{"start":{"line":2,"column":9},"end":{"line":2,"column":37}},"5":{"start":{"line":2,"column":39},"end":{"line":2,"column":65}},"6":{"start":{"line":3,"column":0},"end":{"line":3,"column":67}},"7":{"start":{"line":3,"column":9},"end":{"line":3,"column":50}}},"fnMap":{},"branchMap":{},"s":{"0":1,"1":1,"2":1,"3":1,"4":1,"5":1,"6":1,"7":1},"f":{},"b":{}}
,"/Users/pivotal/workspace/web-render/effects/gingham-chevron-continuum/pattern/color/index.ts": {"path":"/Users/pivotal/workspace/web-render/effects/gingham-chevron-continuum/pattern/color/index.ts","statementMap":{"0":{"start":{"line":1,"column":0},"end":{"line":1,"column":89}},"1":{"start":{"line":7,"column":1},"end":{"line":7,"column":35}},"2":{"start":{"line":3,"column":0},"end":{"line":3,"column":121}},"3":{"start":{"line":6,"column":1},"end":{"line":6,"column":51}}},"fnMap":{},"branchMap":{},"s":{"0":1,"1":1,"2":1,"3":1},"f":{},"b":{}}
,"/Users/pivotal/workspace/web-render/effects/gingham-chevron-continuum/pattern/color/indexOfFirstStripeCrossingThisTile.ts": {"path":"/Users/pivotal/workspace/web-render/effects/gingham-chevron-continuum/pattern/color/indexOfFirstStripeCrossingThisTile.ts","statementMap":{"0":{"start":{"line":1,"column":0},"end":{"line":1,"column":101}},"1":{"start":{"line":2,"column":0},"end":{"line":2,"column":53}},"2":{"start":{"line":5,"column":1},"end":{"line":22,"column":2}},"3":{"start":{"line":5,"column":4},"end":{"line":5,"column":15}},"4":{"start":{"line":6,"column":37},"end":{"line":6,"column":91}},"5":{"start":{"line":7,"column":35},"end":{"line":7,"column":87}},"6":{"start":{"line":9,"column":2},"end":{"line":19,"column":3}},"7":{"start":{"line":10,"column":34},"end":{"line":14,"column":55}},"8":{"start":{"line":15,"column":9},"end":{"line":15,"column":55}},"9":{"start":{"line":15,"column":11},"end":{"line":15,"column":12}},"10":{"start":{"line":15,"column":14},"end":{"line":15,"column":15}},"11":{"start":{"line":16,"column":3},"end":{"line":18,"column":4}},"12":{"start":{"line":17,"column":4},"end":{"line":17,"column":22}},"13":{"start":{"line":21,"column":2},"end":{"line":21,"column":10}},"14":{"start":{"line":24,"column":47},"end":{"line":24,"column":51}}},"fnMap":{"0":{"name":"(anonymous_0)","decl":{"start":{"line":5,"column":1},"end":{"line":5,"column":1}},"loc":{"start":{"line":5,"column":43},"end":{"line":22,"column":2}}}},"branchMap":{"0":{"loc":{"start":{"line":16,"column":3},"end":{"line":18,"column":4}},"type":"if","locations":[{"start":{"line":16,"column":3},"end":{"line":18,"column":4}},{"start":{"line":16,"column":3},"end":{"line":18,"column":4}}]}},"s":{"0":1,"1":1,"2":1,"3":3,"4":3,"5":3,"6":3,"7":43,"8":43,"9":43,"10":43,"11":43,"12":2,"13":1,"14":1},"f":{"0":3},"b":{"0":[2,41]}}
,"/Users/pivotal/workspace/web-render/effects/gingham-chevron-continuum/pattern/color/realignShapeColorIndicesForGinghamChevronContinuum.ts": {"path":"/Users/pivotal/workspace/web-render/effects/gingham-chevron-continuum/pattern/color/realignShapeColorIndicesForGinghamChevronContinuum.ts","statementMap":{"0":{"start":{"line":1,"column":0},"end":{"line":8,"column":23}},"1":{"start":{"line":9,"column":0},"end":{"line":9,"column":96}},"2":{"start":{"line":12,"column":1},"end":{"line":20,"column":2}},"3":{"start":{"line":12,"column":4},"end":{"line":12,"column":15}},"4":{"start":{"line":12,"column":17},"end":{"line":12,"column":34}},"5":{"start":{"line":13,"column":30},"end":{"line":13,"column":81}},"6":{"start":{"line":15,"column":56},"end":{"line":17,"column":22}},"7":{"start":{"line":19,"column":2},"end":{"line":19,"column":57}},"8":{"start":{"line":22,"column":63},"end":{"line":22,"column":67}}},"fnMap":{"0":{"name":"(anonymous_0)","decl":{"start":{"line":12,"column":1},"end":{"line":12,"column":1}},"loc":{"start":{"line":12,"column":70},"end":{"line":20,"column":2}}}},"branchMap":{"0":{"loc":{"start":{"line":16,"column":5},"end":{"line":16,"column":46}},"type":"cond-expr","locations":[{"start":{"line":16,"column":5},"end":{"line":16,"column":46}},{"start":{"line":17,"column":5},"end":{"line":17,"column":22}}]}},"s":{"0":1,"1":1,"2":1,"3":2,"4":2,"5":2,"6":2,"7":2,"8":1},"f":{"0":2},"b":{"0":[1,1]}}
,"/Users/pivotal/workspace/web-render/effects/gingham-chevron-continuum/pattern/grid/getDistanceFromHomeAddress.ts": {"path":"/Users/pivotal/workspace/web-render/effects/gingham-chevron-continuum/pattern/grid/getDistanceFromHomeAddress.ts","statementMap":{"0":{"start":{"line":1,"column":0},"end":{"line":1,"column":46}},"1":{"start":{"line":4,"column":1},"end":{"line":5,"column":98}},"2":{"start":{"line":4,"column":4},"end":{"line":4,"column":15}},"3":{"start":{"line":5,"column":2},"end":{"line":5,"column":98}},"4":{"start":{"line":5,"column":69},"end":{"line":5,"column":94}},"5":{"start":{"line":7,"column":39},"end":{"line":7,"column":43}}},"fnMap":{"0":{"name":"(anonymous_0)","decl":{"start":{"line":4,"column":1},"end":{"line":4,"column":1}},"loc":{"start":{"line":4,"column":43},"end":{"line":5,"column":98}}},"1":{"name":"(anonymous_1)","decl":{"start":{"line":5,"column":35},"end":{"line":5,"column":35}},"loc":{"start":{"line":5,"column":56},"end":{"line":5,"column":94}}}},"branchMap":{},"s":{"0":1,"1":1,"2":48,"3":48,"4":97,"5":1},"f":{"0":48,"1":97},"b":{}}
,"/Users/pivotal/workspace/web-render/effects/gingham-chevron-continuum/pattern/grid/index.ts": {"path":"/Users/pivotal/workspace/web-render/effects/gingham-chevron-continuum/pattern/grid/index.ts","statementMap":{"0":{"start":{"line":1,"column":0},"end":{"line":1,"column":73}},"1":{"start":{"line":5,"column":1},"end":{"line":5,"column":27}},"2":{"start":{"line":2,"column":0},"end":{"line":2,"column":77}},"3":{"start":{"line":6,"column":1},"end":{"line":6,"column":29}}},"fnMap":{},"branchMap":{},"s":{"0":1,"1":1,"2":1,"3":1},"f":{},"b":{}}
,"/Users/pivotal/workspace/web-render/effects/gingham-chevron-continuum/pattern/grid/neededStripeCountToCoverGrid.ts": {"path":"/Users/pivotal/workspace/web-render/effects/gingham-chevron-continuum/pattern/grid/neededStripeCountToCoverGrid.ts","statementMap":{"0":{"start":{"line":1,"column":0},"end":{"line":1,"column":75}},"1":{"start":{"line":4,"column":1},"end":{"line":10,"column":2}},"2":{"start":{"line":5,"column":37},"end":{"line":5,"column":91}},"3":{"start":{"line":6,"column":35},"end":{"line":6,"column":87}},"4":{"start":{"line":7,"column":33},"end":{"line":7,"column":83}},"5":{"start":{"line":9,"column":2},"end":{"line":9,"column":95}},"6":{"start":{"line":12,"column":41},"end":{"line":12,"column":45}}},"fnMap":{"0":{"name":"(anonymous_0)","decl":{"start":{"line":4,"column":1},"end":{"line":null,"column":-1}},"loc":{"start":{"line":4,"column":1},"end":{"line":10,"column":2}}}},"branchMap":{},"s":{"0":1,"1":1,"2":574,"3":574,"4":574,"5":574,"6":1},"f":{"0":574},"b":{}}
,"/Users/pivotal/workspace/web-render/effects/gingham-chevron-continuum/pattern/stripe/getGinghamChevronContinuumStripePositions.ts": {"path":"/Users/pivotal/workspace/web-render/effects/gingham-chevron-continuum/pattern/stripe/getGinghamChevronContinuumStripePositions.ts","statementMap":{"0":{"start":{"line":1,"column":0},"end":{"line":10,"column":23}},"1":{"start":{"line":11,"column":0},"end":{"line":11,"column":81}},"2":{"start":{"line":15,"column":1},"end":{"line":22,"column":2}},"3":{"start":{"line":15,"column":4},"end":{"line":15,"column":15}},"4":{"start":{"line":16,"column":37},"end":{"line":16,"column":91}},"5":{"start":{"line":17,"column":35},"end":{"line":17,"column":87}},"6":{"start":{"line":19,"column":42},"end":{"line":19,"column":90}},"7":{"start":{"line":21,"column":2},"end":{"line":21,"column":94}},"8":{"start":{"line":48,"column":54},"end":{"line":48,"column":58}},"9":{"start":{"line":25,"column":1},"end":{"line":46,"column":2}},"10":{"start":{"line":25,"column":4},"end":{"line":25,"column":20}},"11":{"start":{"line":25,"column":22},"end":{"line":25,"column":45}},"12":{"start":{"line":25,"column":47},"end":{"line":25,"column":65}},"13":{"start":{"line":26,"column":44},"end":{"line":26,"column":69}},"14":{"start":{"line":28,"column":2},"end":{"line":43,"column":3}},"15":{"start":{"line":29,"column":42},"end":{"line":33,"column":55}},"16":{"start":{"line":35,"column":3},"end":{"line":37,"column":4}},"17":{"start":{"line":36,"column":4},"end":{"line":36,"column":26}},"18":{"start":{"line":38,"column":3},"end":{"line":42,"column":4}},"19":{"start":{"line":39,"column":39},"end":{"line":39,"column":87}},"20":{"start":{"line":40,"column":40},"end":{"line":40,"column":108}},"21":{"start":{"line":41,"column":4},"end":{"line":41,"column":64}},"22":{"start":{"line":45,"column":2},"end":{"line":45,"column":24}}},"fnMap":{"0":{"name":"(anonymous_0)","decl":{"start":{"line":15,"column":1},"end":{"line":15,"column":1}},"loc":{"start":{"line":15,"column":43},"end":{"line":22,"column":2}}},"1":{"name":"(anonymous_1)","decl":{"start":{"line":25,"column":1},"end":{"line":25,"column":1}},"loc":{"start":{"line":25,"column":93},"end":{"line":46,"column":2}}}},"branchMap":{"0":{"loc":{"start":{"line":35,"column":3},"end":{"line":37,"column":4}},"type":"if","locations":[{"start":{"line":35,"column":3},"end":{"line":37,"column":4}},{"start":{"line":35,"column":3},"end":{"line":37,"column":4}}]},"1":{"loc":{"start":{"line":38,"column":3},"end":{"line":42,"column":4}},"type":"if","locations":[{"start":{"line":38,"column":3},"end":{"line":42,"column":4}},{"start":{"line":38,"column":3},"end":{"line":42,"column":4}}]}},"s":{"0":1,"1":1,"2":1,"3":41,"4":41,"5":41,"6":41,"7":41,"8":1,"9":1,"10":41,"11":41,"12":41,"13":41,"14":41,"15":530,"16":530,"17":40,"18":490,"19":198,"20":198,"21":198,"22":1},"f":{"0":41,"1":41},"b":{"0":[40,490],"1":[198,292]}}
,"/Users/pivotal/workspace/web-render/effects/gingham-chevron-continuum/pattern/stripe/index.ts": {"path":"/Users/pivotal/workspace/web-render/effects/gingham-chevron-continuum/pattern/stripe/index.ts","statementMap":{"0":{"start":{"line":1,"column":0},"end":{"line":1,"column":103}},"1":{"start":{"line":4,"column":1},"end":{"line":4,"column":42}}},"fnMap":{},"branchMap":{},"s":{"0":1,"1":1},"f":{},"b":{}}
,"/Users/pivotal/workspace/web-render/effects/gingham-chevron-continuum/test/unit/color/indexOfFirstStripeCrossingThisTileTest.ts": {"path":"/Users/pivotal/workspace/web-render/effects/gingham-chevron-continuum/test/unit/color/indexOfFirstStripeCrossingThisTileTest.ts","statementMap":{"0":{"start":{"line":1,"column":0},"end":{"line":1,"column":62}},"1":{"start":{"line":2,"column":0},"end":{"line":2,"column":98}},"2":{"start":{"line":4,"column":0},"end":{"line":54,"column":2}},"3":{"start":{"line":5,"column":1},"end":{"line":24,"column":3}},"4":{"start":{"line":6,"column":2},"end":{"line":20,"column":4}},"5":{"start":{"line":22,"column":25},"end":{"line":22,"column":103}},"6":{"start":{"line":23,"column":2},"end":{"line":23,"column":36}},"7":{"start":{"line":26,"column":1},"end":{"line":46,"column":3}},"8":{"start":{"line":27,"column":2},"end":{"line":41,"column":4}},"9":{"start":{"line":43,"column":25},"end":{"line":43,"column":103}},"10":{"start":{"line":45,"column":2},"end":{"line":45,"column":52}},"11":{"start":{"line":48,"column":1},"end":{"line":53,"column":3}},"12":{"start":{"line":49,"column":2},"end":{"line":49,"column":64}},"13":{"start":{"line":51,"column":25},"end":{"line":51,"column":103}},"14":{"start":{"line":52,"column":2},"end":{"line":52,"column":24}}},"fnMap":{"0":{"name":"(anonymous_0)","decl":{"start":{"line":4,"column":58},"end":{"line":null,"column":-1}},"loc":{"start":{"line":4,"column":58},"end":{"line":54,"column":1}}},"1":{"name":"(anonymous_1)","decl":{"start":{"line":5,"column":18},"end":{"line":null,"column":-1}},"loc":{"start":{"line":5,"column":18},"end":{"line":24,"column":2}}},"2":{"name":"(anonymous_2)","decl":{"start":{"line":26,"column":23},"end":{"line":null,"column":-1}},"loc":{"start":{"line":26,"column":23},"end":{"line":46,"column":2}}},"3":{"name":"(anonymous_3)","decl":{"start":{"line":48,"column":17},"end":{"line":null,"column":-1}},"loc":{"start":{"line":48,"column":17},"end":{"line":53,"column":2}}}},"branchMap":{},"s":{"0":1,"1":1,"2":1,"3":1,"4":1,"5":1,"6":1,"7":1,"8":1,"9":1,"10":1,"11":1,"12":1,"13":1,"14":1},"f":{"0":1,"1":1,"2":1,"3":1},"b":{}}
,"/Users/pivotal/workspace/web-render/effects/gingham-chevron-continuum/test/unit/color/realignShapeColorIndicesForGinghamChevronContinuumTest.ts": {"path":"/Users/pivotal/workspace/web-render/effects/gingham-chevron-continuum/test/unit/color/realignShapeColorIndicesForGinghamChevronContinuumTest.ts","statementMap":{"0":{"start":{"line":1,"column":0},"end":{"line":1,"column":88}},"1":{"start":{"line":3,"column":0},"end":{"line":6,"column":24}},"2":{"start":{"line":9,"column":0},"end":{"line":51,"column":2}},"3":{"start":{"line":10,"column":46},"end":{"line":10,"column":77}},"4":{"start":{"line":11,"column":30},"end":{"line":11,"column":50}},"5":{"start":{"line":12,"column":1},"end":{"line":28,"column":3}},"6":{"start":{"line":13,"column":2},"end":{"line":27,"column":4}},"7":{"start":{"line":30,"column":1},"end":{"line":39,"column":3}},"8":{"start":{"line":31,"column":2},"end":{"line":38,"column":4}},"9":{"start":{"line":32,"column":3},"end":{"line":32,"column":71}},"10":{"start":{"line":33,"column":37},"end":{"line":36,"column":5}},"11":{"start":{"line":37,"column":3},"end":{"line":37,"column":58}},"12":{"start":{"line":41,"column":1},"end":{"line":50,"column":3}},"13":{"start":{"line":42,"column":2},"end":{"line":49,"column":4}},"14":{"start":{"line":43,"column":3},"end":{"line":43,"column":71}},"15":{"start":{"line":44,"column":37},"end":{"line":47,"column":5}},"16":{"start":{"line":48,"column":3},"end":{"line":48,"column":58}}},"fnMap":{"0":{"name":"(anonymous_0)","decl":{"start":{"line":9,"column":250},"end":{"line":null,"column":-1}},"loc":{"start":{"line":9,"column":250},"end":{"line":51,"column":1}}},"1":{"name":"(anonymous_1)","decl":{"start":{"line":12,"column":12},"end":{"line":null,"column":-1}},"loc":{"start":{"line":12,"column":12},"end":{"line":28,"column":2}}},"2":{"name":"(anonymous_2)","decl":{"start":{"line":30,"column":80},"end":{"line":null,"column":-1}},"loc":{"start":{"line":30,"column":80},"end":{"line":39,"column":2}}},"3":{"name":"(anonymous_3)","decl":{"start":{"line":31,"column":52},"end":{"line":null,"column":-1}},"loc":{"start":{"line":31,"column":52},"end":{"line":38,"column":3}}},"4":{"name":"(anonymous_4)","decl":{"start":{"line":41,"column":79},"end":{"line":null,"column":-1}},"loc":{"start":{"line":41,"column":79},"end":{"line":50,"column":2}}},"5":{"name":"(anonymous_5)","decl":{"start":{"line":42,"column":99},"end":{"line":null,"column":-1}},"loc":{"start":{"line":42,"column":99},"end":{"line":49,"column":3}}}},"branchMap":{},"s":{"0":1,"1":1,"2":1,"3":1,"4":1,"5":1,"6":2,"7":1,"8":1,"9":1,"10":1,"11":1,"12":1,"13":1,"14":1,"15":1,"16":1},"f":{"0":1,"1":2,"2":1,"3":1,"4":1,"5":1},"b":{}}
,"/Users/pivotal/workspace/web-render/effects/gingham-chevron-continuum/test/unit/grid/getDistanceFromHomeAddressTest.ts": {"path":"/Users/pivotal/workspace/web-render/effects/gingham-chevron-continuum/test/unit/grid/getDistanceFromHomeAddressTest.ts","statementMap":{"0":{"start":{"line":1,"column":0},"end":{"line":1,"column":38}},"1":{"start":{"line":2,"column":0},"end":{"line":2,"column":60}},"2":{"start":{"line":4,"column":0},"end":{"line":20,"column":2}},"3":{"start":{"line":5,"column":1},"end":{"line":10,"column":3}},"4":{"start":{"line":6,"column":2},"end":{"line":6,"column":88}},"5":{"start":{"line":7,"column":2},"end":{"line":7,"column":88}},"6":{"start":{"line":8,"column":2},"end":{"line":8,"column":88}},"7":{"start":{"line":9,"column":2},"end":{"line":9,"column":88}},"8":{"start":{"line":12,"column":1},"end":{"line":14,"column":3}},"9":{"start":{"line":13,"column":2},"end":{"line":13,"column":91}},"10":{"start":{"line":16,"column":1},"end":{"line":19,"column":3}},"11":{"start":{"line":17,"column":2},"end":{"line":17,"column":90}},"12":{"start":{"line":18,"column":2},"end":{"line":18,"column":89}}},"fnMap":{"0":{"name":"(anonymous_0)","decl":{"start":{"line":4,"column":43},"end":{"line":null,"column":-1}},"loc":{"start":{"line":4,"column":43},"end":{"line":20,"column":1}}},"1":{"name":"(anonymous_1)","decl":{"start":{"line":5,"column":72},"end":{"line":null,"column":-1}},"loc":{"start":{"line":5,"column":72},"end":{"line":10,"column":2}}},"2":{"name":"(anonymous_2)","decl":{"start":{"line":12,"column":53},"end":{"line":null,"column":-1}},"loc":{"start":{"line":12,"column":53},"end":{"line":14,"column":2}}},"3":{"name":"(anonymous_3)","decl":{"start":{"line":16,"column":79},"end":{"line":null,"column":-1}},"loc":{"start":{"line":16,"column":79},"end":{"line":19,"column":2}}}},"branchMap":{},"s":{"0":1,"1":1,"2":1,"3":1,"4":1,"5":1,"6":1,"7":1,"8":1,"9":1,"10":1,"11":1,"12":1},"f":{"0":1,"1":1,"2":1,"3":1},"b":{}}
,"/Users/pivotal/workspace/web-render/effects/gingham-chevron-continuum/test/unit/grid/neededStripeCountToCoverGridTest.ts": {"path":"/Users/pivotal/workspace/web-render/effects/gingham-chevron-continuum/test/unit/grid/neededStripeCountToCoverGridTest.ts","statementMap":{"0":{"start":{"line":1,"column":0},"end":{"line":1,"column":58}},"1":{"start":{"line":2,"column":0},"end":{"line":2,"column":62}},"2":{"start":{"line":4,"column":0},"end":{"line":33,"column":2}},"3":{"start":{"line":5,"column":1},"end":{"line":32,"column":3}},"4":{"start":{"line":6,"column":37},"end":{"line":6,"column":40}},"5":{"start":{"line":7,"column":35},"end":{"line":7,"column":37}},"6":{"start":{"line":8,"column":33},"end":{"line":8,"column":34}},"7":{"start":{"line":9,"column":51},"end":{"line":9,"column":68}},"8":{"start":{"line":11,"column":2},"end":{"line":28,"column":4}},"9":{"start":{"line":30,"column":38},"end":{"line":30,"column":110}},"10":{"start":{"line":31,"column":2},"end":{"line":31,"column":71}}},"fnMap":{"0":{"name":"(anonymous_0)","decl":{"start":{"line":4,"column":46},"end":{"line":null,"column":-1}},"loc":{"start":{"line":4,"column":46},"end":{"line":33,"column":1}}},"1":{"name":"(anonymous_1)","decl":{"start":{"line":5,"column":84},"end":{"line":null,"column":-1}},"loc":{"start":{"line":5,"column":84},"end":{"line":32,"column":2}}}},"branchMap":{},"s":{"0":1,"1":1,"2":1,"3":1,"4":1,"5":1,"6":1,"7":1,"8":1,"9":1,"10":1},"f":{"0":1,"1":1},"b":{}}
,"/Users/pivotal/workspace/web-render/effects/gingham-chevron-continuum/test/unit/stripe/getGinghamChevronContinuumStripePositionsTest.ts": {"path":"/Users/pivotal/workspace/web-render/effects/gingham-chevron-continuum/test/unit/stripe/getGinghamChevronContinuumStripePositionsTest.ts","statementMap":{"0":{"start":{"line":3,"column":0},"end":{"line":3,"column":78}},"1":{"start":{"line":4,"column":0},"end":{"line":4,"column":105}},"2":{"start":{"line":6,"column":0},"end":{"line":28,"column":2}},"3":{"start":{"line":7,"column":1},"end":{"line":20,"column":3}},"4":{"start":{"line":8,"column":2},"end":{"line":8,"column":29}},"5":{"start":{"line":9,"column":2},"end":{"line":9,"column":29}},"6":{"start":{"line":10,"column":2},"end":{"line":10,"column":29}},"7":{"start":{"line":13,"column":2},"end":{"line":13,"column":29}},"8":{"start":{"line":14,"column":2},"end":{"line":14,"column":29}},"9":{"start":{"line":15,"column":2},"end":{"line":15,"column":29}},"10":{"start":{"line":16,"column":2},"end":{"line":16,"column":29}},"11":{"start":{"line":17,"column":2},"end":{"line":17,"column":29}},"12":{"start":{"line":18,"column":2},"end":{"line":18,"column":29}},"13":{"start":{"line":19,"column":2},"end":{"line":19,"column":29}},"14":{"start":{"line":22,"column":1},"end":{"line":27,"column":3}},"15":{"start":{"line":23,"column":2},"end":{"line":23,"column":64}},"16":{"start":{"line":25,"column":35},"end":{"line":25,"column":120}},"17":{"start":{"line":26,"column":2},"end":{"line":26,"column":51}},"18":{"start":{"line":31,"column":1},"end":{"line":60,"column":2}},"19":{"start":{"line":32,"column":2},"end":{"line":46,"column":4}},"20":{"start":{"line":48,"column":2},"end":{"line":50,"column":29}},"21":{"start":{"line":51,"column":2},"end":{"line":53,"column":41}},"22":{"start":{"line":54,"column":2},"end":{"line":56,"column":41}},"23":{"start":{"line":57,"column":2},"end":{"line":59,"column":41}}},"fnMap":{"0":{"name":"(anonymous_0)","decl":{"start":{"line":6,"column":220},"end":{"line":null,"column":-1}},"loc":{"start":{"line":6,"column":220},"end":{"line":28,"column":1}}},"1":{"name":"(anonymous_1)","decl":{"start":{"line":7,"column":128},"end":{"line":null,"column":-1}},"loc":{"start":{"line":7,"column":128},"end":{"line":20,"column":2}}},"2":{"name":"(anonymous_2)","decl":{"start":{"line":22,"column":17},"end":{"line":null,"column":-1}},"loc":{"start":{"line":22,"column":17},"end":{"line":27,"column":2}}},"3":{"name":"(anonymous_3)","decl":{"start":{"line":31,"column":1},"end":{"line":31,"column":1}},"loc":{"start":{"line":31,"column":32},"end":{"line":60,"column":2}}}},"branchMap":{},"s":{"0":1,"1":1,"2":1,"3":1,"4":1,"5":1,"6":1,"7":1,"8":1,"9":1,"10":1,"11":1,"12":1,"13":1,"14":1,"15":1,"16":1,"17":1,"18":1,"19":10,"20":10,"21":10,"22":10,"23":10},"f":{"0":1,"1":1,"2":1,"3":10},"b":{}}
,"/Users/pivotal/workspace/web-render/effects/gongram/constants.ts": {"path":"/Users/pivotal/workspace/web-render/effects/gongram/constants.ts","statementMap":{"0":{"start":{"line":1,"column":0},"end":{"line":1,"column":50}},"1":{"start":{"line":3,"column":8},"end":{"line":3,"column":13}},"2":{"start":{"line":3,"column":15},"end":{"line":3,"column":19}},"3":{"start":{"line":3,"column":21},"end":{"line":3,"column":26}},"4":{"start":{"line":3,"column":28},"end":{"line":3,"column":31}},"5":{"start":{"line":3,"column":33},"end":{"line":3,"column":38}},"6":{"start":{"line":5,"column":36},"end":{"line":5,"column":83}},"7":{"start":{"line":13,"column":1},"end":{"line":13,"column":18}},"8":{"start":{"line":7,"column":36},"end":{"line":7,"column":60}},"9":{"start":{"line":14,"column":1},"end":{"line":14,"column":20}},"10":{"start":{"line":9,"column":31},"end":{"line":9,"column":32}},"11":{"start":{"line":12,"column":1},"end":{"line":12,"column":15}}},"fnMap":{},"branchMap":{},"s":{"0":1,"1":1,"2":1,"3":1,"4":1,"5":1,"6":1,"7":1,"8":1,"9":1,"10":1,"11":1},"f":{},"b":{}}
,"/Users/pivotal/workspace/web-render/effects/gongram/pattern/index.ts": {"path":"/Users/pivotal/workspace/web-render/effects/gongram/pattern/index.ts","statementMap":{"0":{"start":{"line":1,"column":0},"end":{"line":1,"column":54}},"1":{"start":{"line":1,"column":9},"end":{"line":1,"column":25}},"2":{"start":{"line":1,"column":27},"end":{"line":1,"column":39}}},"fnMap":{},"branchMap":{},"s":{"0":1,"1":1,"2":1},"f":{},"b":{}}
,"/Users/pivotal/workspace/web-render/effects/gongram/pattern/grid/gongramSupertile.ts": {"path":"/Users/pivotal/workspace/web-render/effects/gongram/pattern/grid/gongramSupertile.ts","statementMap":{"0":{"start":{"line":1,"column":0},"end":{"line":1,"column":78}},"1":{"start":{"line":2,"column":0},"end":{"line":2,"column":68}},"2":{"start":{"line":5,"column":1},"end":{"line":7,"column":75}},"3":{"start":{"line":5,"column":18},"end":{"line":7,"column":75}},"4":{"start":{"line":6,"column":2},"end":{"line":7,"column":73}},"5":{"start":{"line":7,"column":3},"end":{"line":7,"column":72}},"6":{"start":{"line":9,"column":29},"end":{"line":9,"column":33}}},"fnMap":{"0":{"name":"(anonymous_0)","decl":{"start":{"line":5,"column":1},"end":{"line":5,"column":17}},"loc":{"start":{"line":5,"column":1},"end":{"line":7,"column":75}}},"1":{"name":"(anonymous_1)","decl":{"start":{"line":5,"column":79},"end":{"line":5,"column":79}},"loc":{"start":{"line":5,"column":89},"end":{"line":7,"column":73}}},"2":{"name":"(anonymous_2)","decl":{"start":{"line":6,"column":50},"end":{"line":6,"column":50}},"loc":{"start":{"line":6,"column":60},"end":{"line":7,"column":72}}}},"branchMap":{},"s":{"0":1,"1":1,"2":1,"3":1,"4":5,"5":25,"6":1},"f":{"0":1,"1":5,"2":25},"b":{}}
,"/Users/pivotal/workspace/web-render/effects/gongram/pattern/grid/gongramWeave.ts": {"path":"/Users/pivotal/workspace/web-render/effects/gongram/pattern/grid/gongramWeave.ts","statementMap":{"0":{"start":{"line":1,"column":0},"end":{"line":1,"column":53}},"1":{"start":{"line":2,"column":0},"end":{"line":2,"column":68}},"2":{"start":{"line":5,"column":1},"end":{"line":9,"column":3}},"3":{"start":{"line":5,"column":14},"end":{"line":9,"column":3}},"4":{"start":{"line":8,"column":3},"end":{"line":8,"column":43}},"5":{"start":{"line":11,"column":25},"end":{"line":11,"column":29}}},"fnMap":{"0":{"name":"(anonymous_0)","decl":{"start":{"line":5,"column":1},"end":{"line":5,"column":13}},"loc":{"start":{"line":5,"column":1},"end":{"line":9,"column":3}}},"1":{"name":"(anonymous_1)","decl":{"start":{"line":7,"column":56},"end":{"line":7,"column":56}},"loc":{"start":{"line":7,"column":66},"end":{"line":8,"column":43}}}},"branchMap":{},"s":{"0":1,"1":1,"2":1,"3":1,"4":5,"5":1},"f":{"0":1,"1":5},"b":{}}
,"/Users/pivotal/workspace/web-render/effects/gongram/pattern/grid/index.ts": {"path":"/Users/pivotal/workspace/web-render/effects/gongram/pattern/grid/index.ts","statementMap":{"0":{"start":{"line":1,"column":0},"end":{"line":1,"column":53}},"1":{"start":{"line":5,"column":1},"end":{"line":5,"column":17}},"2":{"start":{"line":2,"column":0},"end":{"line":2,"column":45}},"3":{"start":{"line":6,"column":1},"end":{"line":6,"column":13}}},"fnMap":{},"branchMap":{},"s":{"0":1,"1":1,"2":1,"3":1},"f":{},"b":{}}
,"/Users/pivotal/workspace/web-render/effects/gongram/test/unit/grid/gongramSupertileTest.ts": {"path":"/Users/pivotal/workspace/web-render/effects/gongram/test/unit/grid/gongramSupertileTest.ts","statementMap":{"0":{"start":{"line":1,"column":0},"end":{"line":1,"column":49}},"1":{"start":{"line":2,"column":0},"end":{"line":2,"column":50}},"2":{"start":{"line":4,"column":0},"end":{"line":18,"column":2}},"3":{"start":{"line":5,"column":1},"end":{"line":17,"column":3}},"4":{"start":{"line":6,"column":37},"end":{"line":6,"column":60}},"5":{"start":{"line":8,"column":39},"end":{"line":14,"column":4}},"6":{"start":{"line":16,"column":2},"end":{"line":16,"column":52}}},"fnMap":{"0":{"name":"(anonymous_0)","decl":{"start":{"line":4,"column":30},"end":{"line":null,"column":-1}},"loc":{"start":{"line":4,"column":30},"end":{"line":18,"column":1}}},"1":{"name":"(anonymous_1)","decl":{"start":{"line":5,"column":95},"end":{"line":null,"column":-1}},"loc":{"start":{"line":5,"column":95},"end":{"line":17,"column":2}}}},"branchMap":{},"s":{"0":1,"1":1,"2":1,"3":1,"4":1,"5":1,"6":1},"f":{"0":1,"1":1},"b":{}}
,"/Users/pivotal/workspace/web-render/effects/gongram/test/unit/grid/gongramWeaveTest.ts": {"path":"/Users/pivotal/workspace/web-render/effects/gongram/test/unit/grid/gongramWeaveTest.ts","statementMap":{"0":{"start":{"line":2,"column":0},"end":{"line":2,"column":46}},"1":{"start":{"line":4,"column":0},"end":{"line":15,"column":2}},"2":{"start":{"line":5,"column":1},"end":{"line":14,"column":3}},"3":{"start":{"line":6,"column":29},"end":{"line":6,"column":48}},"4":{"start":{"line":8,"column":31},"end":{"line":11,"column":3}},"5":{"start":{"line":13,"column":2},"end":{"line":13,"column":44}}},"fnMap":{"0":{"name":"(anonymous_0)","decl":{"start":{"line":4,"column":26},"end":{"line":null,"column":-1}},"loc":{"start":{"line":4,"column":26},"end":{"line":15,"column":1}}},"1":{"name":"(anonymous_1)","decl":{"start":{"line":5,"column":39},"end":{"line":null,"column":-1}},"loc":{"start":{"line":5,"column":39},"end":{"line":14,"column":2}}}},"branchMap":{},"s":{"0":1,"1":1,"2":1,"3":1,"4":1,"5":1},"f":{"0":1,"1":1},"b":{}}
,"/Users/pivotal/workspace/web-render/effects/harmonitooth/pattern/index.ts": {"path":"/Users/pivotal/workspace/web-render/effects/harmonitooth/pattern/index.ts","statementMap":{"0":{"start":{"line":1,"column":0},"end":{"line":1,"column":105}},"1":{"start":{"line":1,"column":9},"end":{"line":1,"column":44}},"2":{"start":{"line":1,"column":46},"end":{"line":1,"column":88}}},"fnMap":{},"branchMap":{},"s":{"0":1,"1":1,"2":1},"f":{},"b":{}}
,"/Users/pivotal/workspace/web-render/effects/harmonitooth/pattern/stripe/getHarmonicContinuumSegmentStripePositions.ts": {"path":"/Users/pivotal/workspace/web-render/effects/harmonitooth/pattern/stripe/getHarmonicContinuumSegmentStripePositions.ts","statementMap":{"0":{"start":{"line":1,"column":0},"end":{"line":1,"column":116}},"1":{"start":{"line":4,"column":1},"end":{"line":4,"column":102}},"2":{"start":{"line":4,"column":25},"end":{"line":4,"column":102}},"3":{"start":{"line":15,"column":55},"end":{"line":15,"column":59}},"4":{"start":{"line":7,"column":1},"end":{"line":13,"column":2}},"5":{"start":{"line":7,"column":4},"end":{"line":7,"column":15}},"6":{"start":{"line":7,"column":17},"end":{"line":7,"column":28}},"7":{"start":{"line":8,"column":41},"end":{"line":8,"column":56}},"8":{"start":{"line":9,"column":46},"end":{"line":9,"column":100}},"9":{"start":{"line":10,"column":40},"end":{"line":10,"column":111}},"10":{"start":{"line":12,"column":2},"end":{"line":12,"column":74}}},"fnMap":{"0":{"name":"(anonymous_0)","decl":{"start":{"line":4,"column":1},"end":{"line":4,"column":24}},"loc":{"start":{"line":4,"column":1},"end":{"line":4,"column":102}}},"1":{"name":"(anonymous_1)","decl":{"start":{"line":7,"column":1},"end":{"line":7,"column":1}},"loc":{"start":{"line":7,"column":76},"end":{"line":13,"column":2}}}},"branchMap":{},"s":{"0":1,"1":1,"2":1,"3":1,"4":1,"5":9,"6":9,"7":9,"8":9,"9":9,"10":9},"f":{"0":1,"1":9},"b":{}}
,"/Users/pivotal/workspace/web-render/effects/harmonitooth/pattern/stripe/getHarmonicContinuumStripePositions.ts": {"path":"/Users/pivotal/workspace/web-render/effects/harmonitooth/pattern/stripe/getHarmonicContinuumStripePositions.ts","statementMap":{"0":{"start":{"line":1,"column":0},"end":{"line":1,"column":116}},"1":{"start":{"line":4,"column":1},"end":{"line":4,"column":95}},"2":{"start":{"line":4,"column":25},"end":{"line":4,"column":95}},"3":{"start":{"line":10,"column":48},"end":{"line":10,"column":52}},"4":{"start":{"line":7,"column":1},"end":{"line":8,"column":106}},"5":{"start":{"line":7,"column":4},"end":{"line":7,"column":15}},"6":{"start":{"line":7,"column":17},"end":{"line":7,"column":28}},"7":{"start":{"line":8,"column":2},"end":{"line":8,"column":106}}},"fnMap":{"0":{"name":"(anonymous_0)","decl":{"start":{"line":4,"column":1},"end":{"line":4,"column":24}},"loc":{"start":{"line":4,"column":1},"end":{"line":4,"column":95}}},"1":{"name":"(anonymous_1)","decl":{"start":{"line":7,"column":1},"end":{"line":7,"column":1}},"loc":{"start":{"line":7,"column":76},"end":{"line":8,"column":106}}}},"branchMap":{},"s":{"0":1,"1":1,"2":4,"3":1,"4":1,"5":40,"6":40,"7":40},"f":{"0":4,"1":40},"b":{}}
,"/Users/pivotal/workspace/web-render/effects/harmonitooth/pattern/stripe/index.ts": {"path":"/Users/pivotal/workspace/web-render/effects/harmonitooth/pattern/stripe/index.ts","statementMap":{"0":{"start":{"line":1,"column":0},"end":{"line":1,"column":105}},"1":{"start":{"line":6,"column":1},"end":{"line":6,"column":43}},"2":{"start":{"line":2,"column":0},"end":{"line":2,"column":91}},"3":{"start":{"line":5,"column":1},"end":{"line":5,"column":36}}},"fnMap":{},"branchMap":{},"s":{"0":1,"1":1,"2":1,"3":1},"f":{},"b":{}}
,"/Users/pivotal/workspace/web-render/effects/harmonitooth/test/unit/stripe/getHarmonicContinuumSegmentStripePositionsTest.ts": {"path":"/Users/pivotal/workspace/web-render/effects/harmonitooth/test/unit/stripe/getHarmonicContinuumSegmentStripePositionsTest.ts","statementMap":{"0":{"start":{"line":1,"column":0},"end":{"line":1,"column":62}},"1":{"start":{"line":3,"column":0},"end":{"line":3,"column":76}},"2":{"start":{"line":5,"column":0},"end":{"line":32,"column":2}},"3":{"start":{"line":7,"column":1},"end":{"line":31,"column":3}},"4":{"start":{"line":8,"column":2},"end":{"line":18,"column":4}},"5":{"start":{"line":20,"column":2},"end":{"line":30,"column":5}}},"fnMap":{"0":{"name":"(anonymous_0)","decl":{"start":{"line":5,"column":60},"end":{"line":null,"column":-1}},"loc":{"start":{"line":5,"column":60},"end":{"line":32,"column":1}}},"1":{"name":"(anonymous_1)","decl":{"start":{"line":7,"column":205},"end":{"line":null,"column":-1}},"loc":{"start":{"line":7,"column":205},"end":{"line":31,"column":2}}}},"branchMap":{},"s":{"0":1,"1":1,"2":1,"3":1,"4":1,"5":1},"f":{"0":1,"1":1},"b":{}}
,"/Users/pivotal/workspace/web-render/effects/harmonitooth/test/unit/stripe/getHarmonicContinuumStripePositionsTest.ts": {"path":"/Users/pivotal/workspace/web-render/effects/harmonitooth/test/unit/stripe/getHarmonicContinuumStripePositionsTest.ts","statementMap":{"0":{"start":{"line":1,"column":0},"end":{"line":1,"column":62}},"1":{"start":{"line":2,"column":0},"end":{"line":2,"column":69}},"2":{"start":{"line":4,"column":0},"end":{"line":24,"column":2}},"3":{"start":{"line":6,"column":1},"end":{"line":23,"column":3}},"4":{"start":{"line":7,"column":2},"end":{"line":17,"column":4}},"5":{"start":{"line":19,"column":2},"end":{"line":19,"column":84}},"6":{"start":{"line":20,"column":2},"end":{"line":20,"column":88}},"7":{"start":{"line":21,"column":2},"end":{"line":21,"column":84}},"8":{"start":{"line":22,"column":2},"end":{"line":22,"column":88}}},"fnMap":{"0":{"name":"(anonymous_0)","decl":{"start":{"line":4,"column":52},"end":{"line":null,"column":-1}},"loc":{"start":{"line":4,"column":52},"end":{"line":24,"column":1}}},"1":{"name":"(anonymous_1)","decl":{"start":{"line":6,"column":135},"end":{"line":null,"column":-1}},"loc":{"start":{"line":6,"column":135},"end":{"line":23,"column":2}}}},"branchMap":{},"s":{"0":1,"1":1,"2":1,"3":1,"4":1,"5":1,"6":1,"7":1,"8":1},"f":{"0":1,"1":1},"b":{}}
,"/Users/pivotal/workspace/web-render/effects/houndazzle/pattern/constants.ts": {"path":"/Users/pivotal/workspace/web-render/effects/houndazzle/pattern/constants.ts","statementMap":{"0":{"start":{"line":1,"column":32},"end":{"line":1,"column":34}},"1":{"start":{"line":5,"column":1},"end":{"line":5,"column":16}},"2":{"start":{"line":2,"column":61},"end":{"line":2,"column":62}},"3":{"start":{"line":6,"column":1},"end":{"line":6,"column":45}}},"fnMap":{},"branchMap":{},"s":{"0":1,"1":1,"2":1,"3":1},"f":{},"b":{}}
,"/Users/pivotal/workspace/web-render/effects/houndazzle/pattern/index.ts": {"path":"/Users/pivotal/workspace/web-render/effects/houndazzle/pattern/index.ts","statementMap":{"0":{"start":{"line":1,"column":0},"end":{"line":1,"column":113}},"1":{"start":{"line":1,"column":9},"end":{"line":1,"column":25}},"2":{"start":{"line":1,"column":27},"end":{"line":1,"column":49}},"3":{"start":{"line":1,"column":51},"end":{"line":1,"column":67}},"4":{"start":{"line":1,"column":69},"end":{"line":1,"column":78}}},"fnMap":{},"branchMap":{},"s":{"0":1,"1":1,"2":1,"3":1,"4":1},"f":{},"b":{}}
,"/Users/pivotal/workspace/web-render/effects/houndazzle/pattern/texture/index.ts": {"path":"/Users/pivotal/workspace/web-render/effects/houndazzle/pattern/texture/index.ts","statementMap":{"0":{"start":{"line":1,"column":0},"end":{"line":1,"column":65}},"1":{"start":{"line":8,"column":1},"end":{"line":8,"column":23}},"2":{"start":{"line":2,"column":0},"end":{"line":2,"column":39}},"3":{"start":{"line":12,"column":1},"end":{"line":12,"column":10}},"4":{"start":{"line":3,"column":0},"end":{"line":3,"column":53}},"5":{"start":{"line":9,"column":1},"end":{"line":9,"column":17}},"6":{"start":{"line":4,"column":0},"end":{"line":4,"column":53}},"7":{"start":{"line":11,"column":1},"end":{"line":11,"column":17}}},"fnMap":{},"branchMap":{},"s":{"0":1,"1":1,"2":1,"3":1,"4":1,"5":1,"6":1,"7":1},"f":{},"b":{}}
,"/Users/pivotal/workspace/web-render/effects/houndazzle/pattern/texture/orientSubstripeOutline.ts": {"path":"/Users/pivotal/workspace/web-render/effects/houndazzle/pattern/texture/orientSubstripeOutline.ts","statementMap":{"0":{"start":{"line":1,"column":0},"end":{"line":12,"column":23}},"1":{"start":{"line":15,"column":1},"end":{"line":25,"column":2}},"2":{"start":{"line":15,"column":4},"end":{"line":15,"column":11}},"3":{"start":{"line":15,"column":13},"end":{"line":15,"column":28}},"4":{"start":{"line":16,"column":33},"end":{"line":16,"column":84}},"5":{"start":{"line":17,"column":31},"end":{"line":17,"column":55}},"6":{"start":{"line":18,"column":27},"end":{"line":18,"column":90}},"7":{"start":{"line":20,"column":2},"end":{"line":24,"column":5}},"8":{"start":{"line":20,"column":49},"end":{"line":24,"column":4}},"9":{"start":{"line":36,"column":35},"end":{"line":36,"column":39}},"10":{"start":{"line":28,"column":1},"end":{"line":34,"column":2}},"11":{"start":{"line":29,"column":33},"end":{"line":29,"column":83}},"12":{"start":{"line":30,"column":25},"end":{"line":30,"column":69}},"13":{"start":{"line":31,"column":29},"end":{"line":31,"column":82}},"14":{"start":{"line":33,"column":2},"end":{"line":33,"column":50}}},"fnMap":{"0":{"name":"(anonymous_0)","decl":{"start":{"line":15,"column":1},"end":{"line":15,"column":1}},"loc":{"start":{"line":15,"column":47},"end":{"line":25,"column":2}}},"1":{"name":"(anonymous_1)","decl":{"start":{"line":20,"column":21},"end":{"line":20,"column":21}},"loc":{"start":{"line":20,"column":44},"end":{"line":24,"column":4}}},"2":{"name":"(anonymous_2)","decl":{"start":{"line":28,"column":1},"end":{"line":null,"column":-1}},"loc":{"start":{"line":28,"column":1},"end":{"line":34,"column":2}}}},"branchMap":{},"s":{"0":1,"1":1,"2":1,"3":1,"4":1,"5":1,"6":1,"7":1,"8":1,"9":1,"10":1,"11":1,"12":1,"13":1,"14":1},"f":{"0":1,"1":1,"2":1},"b":{}}
,"/Users/pivotal/workspace/web-render/effects/houndazzle/pattern/texture/substripe.ts": {"path":"/Users/pivotal/workspace/web-render/effects/houndazzle/pattern/texture/substripe.ts","statementMap":{"0":{"start":{"line":1,"column":0},"end":{"line":1,"column":51}},"1":{"start":{"line":2,"column":0},"end":{"line":2,"column":72}},"2":{"start":{"line":3,"column":0},"end":{"line":3,"column":60}},"3":{"start":{"line":7,"column":1},"end":{"line":12,"column":2}},"4":{"start":{"line":8,"column":10},"end":{"line":8,"column":18}},"5":{"start":{"line":8,"column":20},"end":{"line":8,"column":35}},"6":{"start":{"line":8,"column":37},"end":{"line":8,"column":51}},"7":{"start":{"line":8,"column":53},"end":{"line":8,"column":67}},"8":{"start":{"line":9,"column":25},"end":{"line":9,"column":87}},"9":{"start":{"line":10,"column":2},"end":{"line":10,"column":64}},"10":{"start":{"line":11,"column":2},"end":{"line":11,"column":78}},"11":{"start":{"line":14,"column":22},"end":{"line":14,"column":26}}},"fnMap":{"0":{"name":"(anonymous_0)","decl":{"start":{"line":7,"column":1},"end":{"line":7,"column":1}},"loc":{"start":{"line":7,"column":25},"end":{"line":12,"column":2}}}},"branchMap":{},"s":{"0":1,"1":1,"2":1,"3":1,"4":3,"5":3,"6":3,"7":3,"8":3,"9":3,"10":3,"11":1},"f":{"0":3},"b":{}}
,"/Users/pivotal/workspace/web-render/effects/houndazzle/pattern/texture/substripeOutline.ts": {"path":"/Users/pivotal/workspace/web-render/effects/houndazzle/pattern/texture/substripeOutline.ts","statementMap":{"0":{"start":{"line":1,"column":0},"end":{"line":1,"column":85}},"1":{"start":{"line":2,"column":0},"end":{"line":2,"column":74}},"2":{"start":{"line":5,"column":32},"end":{"line":5,"column":33}},"3":{"start":{"line":6,"column":36},"end":{"line":6,"column":37}},"4":{"start":{"line":7,"column":29},"end":{"line":7,"column":115}},"5":{"start":{"line":10,"column":1},"end":{"line":35,"column":2}},"6":{"start":{"line":10,"column":4},"end":{"line":10,"column":18}},"7":{"start":{"line":10,"column":20},"end":{"line":10,"column":34}},"8":{"start":{"line":10,"column":36},"end":{"line":10,"column":44}},"9":{"start":{"line":11,"column":25},"end":{"line":11,"column":50}},"10":{"start":{"line":12,"column":31},"end":{"line":14,"column":3}},"11":{"start":{"line":15,"column":31},"end":{"line":15,"column":74}},"12":{"start":{"line":17,"column":2},"end":{"line":34,"column":4}},"13":{"start":{"line":41,"column":29},"end":{"line":41,"column":33}},"14":{"start":{"line":38,"column":1},"end":{"line":39,"column":83}},"15":{"start":{"line":38,"column":4},"end":{"line":38,"column":12}},"16":{"start":{"line":39,"column":2},"end":{"line":39,"column":83}}},"fnMap":{"0":{"name":"(anonymous_0)","decl":{"start":{"line":10,"column":1},"end":{"line":10,"column":1}},"loc":{"start":{"line":10,"column":70},"end":{"line":35,"column":2}}},"1":{"name":"(anonymous_1)","decl":{"start":{"line":38,"column":1},"end":{"line":38,"column":1}},"loc":{"start":{"line":38,"column":34},"end":{"line":39,"column":83}}}},"branchMap":{},"s":{"0":1,"1":1,"2":1,"3":1,"4":1,"5":1,"6":1,"7":1,"8":1,"9":1,"10":1,"11":1,"12":1,"13":1,"14":1,"15":1,"16":1},"f":{"0":1,"1":1},"b":{}}
,"/Users/pivotal/workspace/web-render/effects/houndazzle/pattern/texture/substripeTexture.ts": {"path":"/Users/pivotal/workspace/web-render/effects/houndazzle/pattern/texture/substripeTexture.ts","statementMap":{"0":{"start":{"line":1,"column":0},"end":{"line":1,"column":97}},"1":{"start":{"line":2,"column":0},"end":{"line":2,"column":91}},"2":{"start":{"line":3,"column":0},"end":{"line":3,"column":46}},"3":{"start":{"line":6,"column":1},"end":{"line":18,"column":2}},"4":{"start":{"line":6,"column":4},"end":{"line":6,"column":19}},"5":{"start":{"line":6,"column":21},"end":{"line":6,"column":29}},"6":{"start":{"line":7,"column":33},"end":{"line":7,"column":83}},"7":{"start":{"line":8,"column":33},"end":{"line":8,"column":112}},"8":{"start":{"line":10,"column":2},"end":{"line":17,"column":4}},"9":{"start":{"line":11,"column":3},"end":{"line":16,"column":5}},"10":{"start":{"line":20,"column":29},"end":{"line":20,"column":33}}},"fnMap":{"0":{"name":"(anonymous_0)","decl":{"start":{"line":6,"column":1},"end":{"line":6,"column":1}},"loc":{"start":{"line":6,"column":53},"end":{"line":18,"column":2}}},"1":{"name":"(anonymous_1)","decl":{"start":{"line":10,"column":49},"end":{"line":10,"column":49}},"loc":{"start":{"line":10,"column":72},"end":{"line":17,"column":3}}}},"branchMap":{},"s":{"0":1,"1":1,"2":1,"3":1,"4":2,"5":2,"6":2,"7":2,"8":2,"9":128,"10":1},"f":{"0":2,"1":128},"b":{}}
,"/Users/pivotal/workspace/web-render/effects/houndazzle/test/unit/texture/orientSubstripeOutlineTest.ts": {"path":"/Users/pivotal/workspace/web-render/effects/houndazzle/test/unit/texture/orientSubstripeOutlineTest.ts","statementMap":{"0":{"start":{"line":3,"column":0},"end":{"line":3,"column":106}},"1":{"start":{"line":5,"column":0},"end":{"line":5,"column":46}},"2":{"start":{"line":6,"column":0},"end":{"line":6,"column":56}},"3":{"start":{"line":8,"column":0},"end":{"line":32,"column":2}},"4":{"start":{"line":9,"column":1},"end":{"line":31,"column":3}},"5":{"start":{"line":10,"column":40},"end":{"line":10,"column":57}},"6":{"start":{"line":11,"column":35},"end":{"line":11,"column":101}},"7":{"start":{"line":13,"column":2},"end":{"line":13,"column":38}},"8":{"start":{"line":14,"column":2},"end":{"line":14,"column":41}},"9":{"start":{"line":16,"column":33},"end":{"line":16,"column":50}},"10":{"start":{"line":18,"column":2},"end":{"line":18,"column":66}},"11":{"start":{"line":19,"column":43},"end":{"line":19,"column":64}},"12":{"start":{"line":20,"column":27},"end":{"line":20,"column":53}},"13":{"start":{"line":22,"column":33},"end":{"line":25,"column":4}},"14":{"start":{"line":27,"column":2},"end":{"line":27,"column":87}},"15":{"start":{"line":28,"column":2},"end":{"line":28,"column":109}},"16":{"start":{"line":29,"column":2},"end":{"line":29,"column":91}},"17":{"start":{"line":30,"column":2},"end":{"line":30,"column":52}}},"fnMap":{"0":{"name":"(anonymous_0)","decl":{"start":{"line":8,"column":37},"end":{"line":null,"column":-1}},"loc":{"start":{"line":8,"column":37},"end":{"line":32,"column":1}}},"1":{"name":"(anonymous_1)","decl":{"start":{"line":9,"column":98},"end":{"line":null,"column":-1}},"loc":{"start":{"line":9,"column":98},"end":{"line":31,"column":2}}}},"branchMap":{},"s":{"0":1,"1":1,"2":1,"3":1,"4":1,"5":1,"6":1,"7":1,"8":1,"9":1,"10":1,"11":1,"12":1,"13":1,"14":1,"15":1,"16":1,"17":1},"f":{"0":1,"1":1},"b":{}}
,"/Users/pivotal/workspace/web-render/effects/houndazzle/test/unit/texture/substripeOutlineTest.ts": {"path":"/Users/pivotal/workspace/web-render/effects/houndazzle/test/unit/texture/substripeOutlineTest.ts","statementMap":{"0":{"start":{"line":1,"column":0},"end":{"line":1,"column":65}},"1":{"start":{"line":2,"column":0},"end":{"line":2,"column":50}},"2":{"start":{"line":4,"column":0},"end":{"line":22,"column":2}},"3":{"start":{"line":5,"column":1},"end":{"line":21,"column":3}},"4":{"start":{"line":6,"column":2},"end":{"line":6,"column":39}},"5":{"start":{"line":7,"column":25},"end":{"line":7,"column":35}},"6":{"start":{"line":8,"column":33},"end":{"line":8,"column":34}},"7":{"start":{"line":9,"column":33},"end":{"line":9,"column":34}},"8":{"start":{"line":11,"column":35},"end":{"line":16,"column":4}},"9":{"start":{"line":18,"column":27},"end":{"line":18,"column":94}},"10":{"start":{"line":20,"column":2},"end":{"line":20,"column":42}}},"fnMap":{"0":{"name":"(anonymous_0)","decl":{"start":{"line":4,"column":30},"end":{"line":null,"column":-1}},"loc":{"start":{"line":4,"column":30},"end":{"line":22,"column":1}}},"1":{"name":"(anonymous_1)","decl":{"start":{"line":5,"column":45},"end":{"line":null,"column":-1}},"loc":{"start":{"line":5,"column":45},"end":{"line":21,"column":2}}}},"branchMap":{},"s":{"0":1,"1":1,"2":1,"3":1,"4":1,"5":1,"6":1,"7":1,"8":1,"9":1,"10":1},"f":{"0":1,"1":1},"b":{}}
,"/Users/pivotal/workspace/web-render/effects/houndazzle/test/unit/texture/substripeTest.ts": {"path":"/Users/pivotal/workspace/web-render/effects/houndazzle/test/unit/texture/substripeTest.ts","statementMap":{"0":{"start":{"line":1,"column":0},"end":{"line":1,"column":77}},"1":{"start":{"line":2,"column":0},"end":{"line":2,"column":85}},"2":{"start":{"line":4,"column":0},"end":{"line":42,"column":2}},"3":{"start":{"line":5,"column":24},"end":{"line":5,"column":35}},"4":{"start":{"line":6,"column":42},"end":{"line":6,"column":63}},"5":{"start":{"line":7,"column":32},"end":{"line":7,"column":33}},"6":{"start":{"line":8,"column":32},"end":{"line":8,"column":34}},"7":{"start":{"line":10,"column":26},"end":{"line":10,"column":28}},"8":{"start":{"line":11,"column":34},"end":{"line":11,"column":36}},"9":{"start":{"line":13,"column":1},"end":{"line":19,"column":3}},"10":{"start":{"line":14,"column":2},"end":{"line":14,"column":58}},"11":{"start":{"line":15,"column":2},"end":{"line":15,"column":72}},"12":{"start":{"line":16,"column":2},"end":{"line":16,"column":22}},"13":{"start":{"line":18,"column":2},"end":{"line":18,"column":79}},"14":{"start":{"line":21,"column":1},"end":{"line":27,"column":3}},"15":{"start":{"line":22,"column":2},"end":{"line":26,"column":4}},"16":{"start":{"line":29,"column":1},"end":{"line":34,"column":3}},"17":{"start":{"line":30,"column":2},"end":{"line":33,"column":4}},"18":{"start":{"line":36,"column":1},"end":{"line":41,"column":3}},"19":{"start":{"line":37,"column":2},"end":{"line":40,"column":4}}},"fnMap":{"0":{"name":"(anonymous_0)","decl":{"start":{"line":4,"column":22},"end":{"line":null,"column":-1}},"loc":{"start":{"line":4,"column":22},"end":{"line":42,"column":1}}},"1":{"name":"(anonymous_1)","decl":{"start":{"line":13,"column":12},"end":{"line":null,"column":-1}},"loc":{"start":{"line":13,"column":12},"end":{"line":19,"column":2}}},"2":{"name":"(anonymous_2)","decl":{"start":{"line":21,"column":34},"end":{"line":null,"column":-1}},"loc":{"start":{"line":21,"column":34},"end":{"line":27,"column":2}}},"3":{"name":"(anonymous_3)","decl":{"start":{"line":29,"column":27},"end":{"line":null,"column":-1}},"loc":{"start":{"line":29,"column":27},"end":{"line":34,"column":2}}},"4":{"name":"(anonymous_4)","decl":{"start":{"line":36,"column":62},"end":{"line":null,"column":-1}},"loc":{"start":{"line":36,"column":62},"end":{"line":41,"column":2}}}},"branchMap":{},"s":{"0":1,"1":1,"2":1,"3":1,"4":1,"5":1,"6":1,"7":1,"8":1,"9":1,"10":3,"11":3,"12":3,"13":3,"14":1,"15":1,"16":1,"17":1,"18":1,"19":1},"f":{"0":1,"1":3,"2":1,"3":1,"4":1},"b":{}}
,"/Users/pivotal/workspace/web-render/effects/houndazzle/test/unit/texture/substripeTextureTest.ts": {"path":"/Users/pivotal/workspace/web-render/effects/houndazzle/test/unit/texture/substripeTextureTest.ts","statementMap":{"0":{"start":{"line":1,"column":0},"end":{"line":1,"column":73}},"1":{"start":{"line":4,"column":0},"end":{"line":4,"column":78}},"2":{"start":{"line":6,"column":0},"end":{"line":36,"column":2}},"3":{"start":{"line":7,"column":24},"end":{"line":7,"column":35}},"4":{"start":{"line":8,"column":42},"end":{"line":8,"column":63}},"5":{"start":{"line":11,"column":1},"end":{"line":19,"column":3}},"6":{"start":{"line":12,"column":2},"end":{"line":12,"column":38}},"7":{"start":{"line":14,"column":28},"end":{"line":14,"column":52}},"8":{"start":{"line":16,"column":2},"end":{"line":16,"column":54}},"9":{"start":{"line":18,"column":2},"end":{"line":18,"column":43}},"10":{"start":{"line":22,"column":1},"end":{"line":24,"column":3}},"11":{"start":{"line":23,"column":2},"end":{"line":23,"column":40}},"12":{"start":{"line":26,"column":1},"end":{"line":35,"column":3}},"13":{"start":{"line":27,"column":2},"end":{"line":34,"column":4}},"14":{"start":{"line":28,"column":36},"end":{"line":28,"column":45}},"15":{"start":{"line":30,"column":3},"end":{"line":30,"column":43}},"16":{"start":{"line":31,"column":3},"end":{"line":31,"column":57}},"17":{"start":{"line":32,"column":3},"end":{"line":32,"column":50}},"18":{"start":{"line":33,"column":3},"end":{"line":33,"column":43}}},"fnMap":{"0":{"name":"(anonymous_0)","decl":{"start":{"line":6,"column":30},"end":{"line":null,"column":-1}},"loc":{"start":{"line":6,"column":30},"end":{"line":36,"column":1}}},"1":{"name":"(anonymous_1)","decl":{"start":{"line":11,"column":12},"end":{"line":null,"column":-1}},"loc":{"start":{"line":11,"column":12},"end":{"line":19,"column":2}}},"2":{"name":"(anonymous_2)","decl":{"start":{"line":22,"column":210},"end":{"line":null,"column":-1}},"loc":{"start":{"line":22,"column":210},"end":{"line":24,"column":2}}},"3":{"name":"(anonymous_3)","decl":{"start":{"line":26,"column":61},"end":{"line":null,"column":-1}},"loc":{"start":{"line":26,"column":61},"end":{"line":35,"column":2}}},"4":{"name":"(anonymous_4)","decl":{"start":{"line":27,"column":25},"end":{"line":27,"column":25}},"loc":{"start":{"line":27,"column":59},"end":{"line":34,"column":3}}}},"branchMap":{},"s":{"0":1,"1":1,"2":1,"3":1,"4":1,"5":1,"6":2,"7":2,"8":2,"9":2,"10":1,"11":1,"12":1,"13":1,"14":64,"15":64,"16":64,"17":64,"18":64},"f":{"0":1,"1":2,"2":1,"3":1,"4":64},"b":{}}
,"/Users/pivotal/workspace/web-render/effects/houndsmorphosis/pattern/index.ts": {"path":"/Users/pivotal/workspace/web-render/effects/houndsmorphosis/pattern/index.ts","statementMap":{"0":{"start":{"line":1,"column":0},"end":{"line":1,"column":55}},"1":{"start":{"line":1,"column":9},"end":{"line":1,"column":40}},"2":{"start":{"line":2,"column":0},"end":{"line":2,"column":59}},"3":{"start":{"line":2,"column":9},"end":{"line":2,"column":44}}},"fnMap":{},"branchMap":{},"s":{"0":1,"1":1,"2":1,"3":1},"f":{},"b":{}}
,"/Users/pivotal/workspace/web-render/effects/houndsmorphosis/pattern/grid/getHoundsmorphosisAddressOffset.ts": {"path":"/Users/pivotal/workspace/web-render/effects/houndsmorphosis/pattern/grid/getHoundsmorphosisAddressOffset.ts","statementMap":{"0":{"start":{"line":1,"column":0},"end":{"line":1,"column":66}},"1":{"start":{"line":4,"column":1},"end":{"line":19,"column":2}},"2":{"start":{"line":4,"column":4},"end":{"line":4,"column":15}},"3":{"start":{"line":5,"column":32},"end":{"line":5,"column":52}},"4":{"start":{"line":6,"column":32},"end":{"line":6,"column":52}},"5":{"start":{"line":7,"column":10},"end":{"line":7,"column":11}},"6":{"start":{"line":7,"column":13},"end":{"line":7,"column":14}},"7":{"start":{"line":9,"column":2},"end":{"line":12,"column":3}},"8":{"start":{"line":10,"column":3},"end":{"line":10,"column":64}},"9":{"start":{"line":11,"column":3},"end":{"line":11,"column":64}},"10":{"start":{"line":14,"column":2},"end":{"line":16,"column":3}},"11":{"start":{"line":15,"column":3},"end":{"line":15,"column":64}},"12":{"start":{"line":18,"column":2},"end":{"line":18,"column":41}},"13":{"start":{"line":21,"column":44},"end":{"line":21,"column":48}}},"fnMap":{"0":{"name":"(anonymous_0)","decl":{"start":{"line":4,"column":1},"end":{"line":4,"column":1}},"loc":{"start":{"line":4,"column":43},"end":{"line":19,"column":2}}}},"branchMap":{"0":{"loc":{"start":{"line":9,"column":2},"end":{"line":12,"column":3}},"type":"if","locations":[{"start":{"line":9,"column":2},"end":{"line":12,"column":3}},{"start":{"line":9,"column":2},"end":{"line":12,"column":3}}]},"1":{"loc":{"start":{"line":14,"column":2},"end":{"line":16,"column":3}},"type":"if","locations":[{"start":{"line":14,"column":2},"end":{"line":16,"column":3}},{"start":{"line":14,"column":2},"end":{"line":16,"column":3}}]}},"s":{"0":1,"1":1,"2":9,"3":9,"4":9,"5":9,"6":9,"7":9,"8":3,"9":3,"10":9,"11":3,"12":9,"13":1},"f":{"0":9},"b":{"0":[3,6],"1":[3,6]}}
,"/Users/pivotal/workspace/web-render/effects/houndsmorphosis/pattern/grid/index.ts": {"path":"/Users/pivotal/workspace/web-render/effects/houndsmorphosis/pattern/grid/index.ts","statementMap":{"0":{"start":{"line":1,"column":0},"end":{"line":1,"column":83}},"1":{"start":{"line":4,"column":1},"end":{"line":4,"column":32}}},"fnMap":{},"branchMap":{},"s":{"0":1,"1":1},"f":{},"b":{}}
,"/Users/pivotal/workspace/web-render/effects/houndsmorphosis/pattern/tile/getHoundsmorphosisTileOriginAndSize.ts": {"path":"/Users/pivotal/workspace/web-render/effects/houndsmorphosis/pattern/tile/getHoundsmorphosisTileOriginAndSize.ts","statementMap":{"0":{"start":{"line":1,"column":0},"end":{"line":1,"column":102}},"1":{"start":{"line":4,"column":31},"end":{"line":4,"column":32}},"2":{"start":{"line":7,"column":1},"end":{"line":28,"column":2}},"3":{"start":{"line":7,"column":4},"end":{"line":7,"column":15}},"4":{"start":{"line":8,"column":8},"end":{"line":8,"column":54}},"5":{"start":{"line":8,"column":10},"end":{"line":8,"column":11}},"6":{"start":{"line":8,"column":13},"end":{"line":8,"column":14}},"7":{"start":{"line":9,"column":2},"end":{"line":11,"column":3}},"8":{"start":{"line":10,"column":3},"end":{"line":10,"column":19}},"9":{"start":{"line":13,"column":28},"end":{"line":13,"column":39}},"10":{"start":{"line":14,"column":28},"end":{"line":14,"column":39}},"11":{"start":{"line":16,"column":25},"end":{"line":16,"column":72}},"12":{"start":{"line":18,"column":25},"end":{"line":18,"column":84}},"13":{"start":{"line":19,"column":33},"end":{"line":25,"column":4}},"14":{"start":{"line":27,"column":2},"end":{"line":27,"column":33}},"15":{"start":{"line":52,"column":48},"end":{"line":52,"column":52}},"16":{"start":{"line":31,"column":1},"end":{"line":32,"column":97}},"17":{"start":{"line":31,"column":4},"end":{"line":31,"column":13}},"18":{"start":{"line":31,"column":15},"end":{"line":31,"column":24}},"19":{"start":{"line":31,"column":26},"end":{"line":31,"column":34}},"20":{"start":{"line":32,"column":2},"end":{"line":32,"column":97}},"21":{"start":{"line":35,"column":1},"end":{"line":50,"column":2}},"22":{"start":{"line":35,"column":4},"end":{"line":35,"column":13}},"23":{"start":{"line":35,"column":15},"end":{"line":35,"column":24}},"24":{"start":{"line":35,"column":26},"end":{"line":35,"column":34}},"25":{"start":{"line":35,"column":36},"end":{"line":35,"column":47}},"26":{"start":{"line":35,"column":49},"end":{"line":35,"column":57}},"27":{"start":{"line":36,"column":18},"end":{"line":36,"column":104}},"28":{"start":{"line":37,"column":18},"end":{"line":37,"column":102}},"29":{"start":{"line":39,"column":8},"end":{"line":39,"column":68}},"30":{"start":{"line":39,"column":10},"end":{"line":39,"column":18}},"31":{"start":{"line":39,"column":20},"end":{"line":39,"column":28}},"32":{"start":{"line":40,"column":2},"end":{"line":43,"column":3}},"33":{"start":{"line":41,"column":3},"end":{"line":41,"column":10}},"34":{"start":{"line":42,"column":3},"end":{"line":42,"column":27}},"35":{"start":{"line":44,"column":2},"end":{"line":47,"column":3}},"36":{"start":{"line":45,"column":3},"end":{"line":45,"column":10}},"37":{"start":{"line":46,"column":3},"end":{"line":46,"column":27}},"38":{"start":{"line":49,"column":2},"end":{"line":49,"column":32}}},"fnMap":{"0":{"name":"(anonymous_0)","decl":{"start":{"line":7,"column":1},"end":{"line":7,"column":1}},"loc":{"start":{"line":7,"column":43},"end":{"line":28,"column":2}}},"1":{"name":"(anonymous_1)","decl":{"start":{"line":31,"column":1},"end":{"line":31,"column":1}},"loc":{"start":{"line":31,"column":94},"end":{"line":32,"column":97}}},"2":{"name":"(anonymous_2)","decl":{"start":{"line":35,"column":1},"end":{"line":35,"column":1}},"loc":{"start":{"line":35,"column":92},"end":{"line":50,"column":2}}}},"branchMap":{"0":{"loc":{"start":{"line":9,"column":2},"end":{"line":11,"column":3}},"type":"if","locations":[{"start":{"line":9,"column":2},"end":{"line":11,"column":3}},{"start":{"line":9,"column":2},"end":{"line":11,"column":3}}]},"1":{"loc":{"start":{"line":9,"column":6},"end":{"line":9,"column":13}},"type":"binary-expr","locations":[{"start":{"line":9,"column":6},"end":{"line":9,"column":13}},{"start":{"line":9,"column":17},"end":{"line":9,"column":24}}]},"2":{"loc":{"start":{"line":32,"column":43},"end":{"line":32,"column":74}},"type":"cond-expr","locations":[{"start":{"line":32,"column":43},"end":{"line":32,"column":74}},{"start":{"line":32,"column":77},"end":{"line":32,"column":96}}]},"3":{"loc":{"start":{"line":40,"column":2},"end":{"line":43,"column":3}},"type":"if","locations":[{"start":{"line":40,"column":2},"end":{"line":43,"column":3}},{"start":{"line":40,"column":2},"end":{"line":43,"column":3}}]},"4":{"loc":{"start":{"line":44,"column":2},"end":{"line":47,"column":3}},"type":"if","locations":[{"start":{"line":44,"column":2},"end":{"line":47,"column":3}},{"start":{"line":44,"column":2},"end":{"line":47,"column":3}}]}},"s":{"0":1,"1":1,"2":1,"3":196,"4":196,"5":196,"6":196,"7":196,"8":4,"9":192,"10":192,"11":192,"12":192,"13":192,"14":192,"15":1,"16":1,"17":192,"18":192,"19":192,"20":192,"21":1,"22":192,"23":192,"24":192,"25":192,"26":192,"27":192,"28":192,"29":192,"30":192,"31":192,"32":192,"33":96,"34":96,"35":192,"36":96,"37":96,"38":192},"f":{"0":196,"1":192,"2":192},"b":{"0":[4,192],"1":[196,194],"2":[96,96],"3":[96,96],"4":[96,96]}}
,"/Users/pivotal/workspace/web-render/effects/houndsmorphosis/pattern/tile/index.ts": {"path":"/Users/pivotal/workspace/web-render/effects/houndsmorphosis/pattern/tile/index.ts","statementMap":{"0":{"start":{"line":1,"column":0},"end":{"line":1,"column":91}},"1":{"start":{"line":4,"column":1},"end":{"line":4,"column":36}}},"fnMap":{},"branchMap":{},"s":{"0":1,"1":1},"f":{},"b":{}}
,"/Users/pivotal/workspace/web-render/effects/houndsmorphosis/test/unit/grid/getHoundsmorphosisAddressOffsetTest.ts": {"path":"/Users/pivotal/workspace/web-render/effects/houndsmorphosis/test/unit/grid/getHoundsmorphosisAddressOffsetTest.ts","statementMap":{"0":{"start":{"line":1,"column":0},"end":{"line":1,"column":38}},"1":{"start":{"line":2,"column":0},"end":{"line":2,"column":65}},"2":{"start":{"line":5,"column":0},"end":{"line":34,"column":2}},"3":{"start":{"line":6,"column":1},"end":{"line":10,"column":3}},"4":{"start":{"line":7,"column":2},"end":{"line":9,"column":4}},"5":{"start":{"line":8,"column":3},"end":{"line":8,"column":118}},"6":{"start":{"line":12,"column":1},"end":{"line":17,"column":3}},"7":{"start":{"line":13,"column":2},"end":{"line":16,"column":4}},"8":{"start":{"line":14,"column":3},"end":{"line":14,"column":117}},"9":{"start":{"line":15,"column":3},"end":{"line":15,"column":117}},"10":{"start":{"line":19,"column":1},"end":{"line":24,"column":3}},"11":{"start":{"line":20,"column":2},"end":{"line":23,"column":4}},"12":{"start":{"line":21,"column":3},"end":{"line":21,"column":117}},"13":{"start":{"line":22,"column":3},"end":{"line":22,"column":117}},"14":{"start":{"line":26,"column":1},"end":{"line":33,"column":3}},"15":{"start":{"line":27,"column":2},"end":{"line":32,"column":4}},"16":{"start":{"line":28,"column":3},"end":{"line":28,"column":116}},"17":{"start":{"line":29,"column":3},"end":{"line":29,"column":116}},"18":{"start":{"line":30,"column":3},"end":{"line":30,"column":116}},"19":{"start":{"line":31,"column":3},"end":{"line":31,"column":116}}},"fnMap":{"0":{"name":"(anonymous_0)","decl":{"start":{"line":5,"column":169},"end":{"line":null,"column":-1}},"loc":{"start":{"line":5,"column":169},"end":{"line":34,"column":1}}},"1":{"name":"(anonymous_1)","decl":{"start":{"line":6,"column":44},"end":{"line":null,"column":-1}},"loc":{"start":{"line":6,"column":44},"end":{"line":10,"column":2}}},"2":{"name":"(anonymous_2)","decl":{"start":{"line":7,"column":91},"end":{"line":null,"column":-1}},"loc":{"start":{"line":7,"column":91},"end":{"line":9,"column":3}}},"3":{"name":"(anonymous_3)","decl":{"start":{"line":12,"column":55},"end":{"line":null,"column":-1}},"loc":{"start":{"line":12,"column":55},"end":{"line":17,"column":2}}},"4":{"name":"(anonymous_4)","decl":{"start":{"line":13,"column":91},"end":{"line":null,"column":-1}},"loc":{"start":{"line":13,"column":91},"end":{"line":16,"column":3}}},"5":{"name":"(anonymous_5)","decl":{"start":{"line":19,"column":55},"end":{"line":null,"column":-1}},"loc":{"start":{"line":19,"column":55},"end":{"line":24,"column":2}}},"6":{"name":"(anonymous_6)","decl":{"start":{"line":20,"column":91},"end":{"line":null,"column":-1}},"loc":{"start":{"line":20,"column":91},"end":{"line":23,"column":3}}},"7":{"name":"(anonymous_7)","decl":{"start":{"line":26,"column":49},"end":{"line":null,"column":-1}},"loc":{"start":{"line":26,"column":49},"end":{"line":33,"column":2}}},"8":{"name":"(anonymous_8)","decl":{"start":{"line":27,"column":24},"end":{"line":null,"column":-1}},"loc":{"start":{"line":27,"column":24},"end":{"line":32,"column":3}}}},"branchMap":{},"s":{"0":1,"1":1,"2":1,"3":1,"4":1,"5":1,"6":1,"7":1,"8":1,"9":1,"10":1,"11":1,"12":1,"13":1,"14":1,"15":1,"16":1,"17":1,"18":1,"19":1},"f":{"0":1,"1":1,"2":1,"3":1,"4":1,"5":1,"6":1,"7":1,"8":1},"b":{}}
,"/Users/pivotal/workspace/web-render/effects/houndsmorphosis/test/unit/tile/getHoundsmorphosisTileOriginAndSizeTest.ts": {"path":"/Users/pivotal/workspace/web-render/effects/houndsmorphosis/test/unit/tile/getHoundsmorphosisTileOriginAndSizeTest.ts","statementMap":{"0":{"start":{"line":3,"column":0},"end":{"line":3,"column":57}},"1":{"start":{"line":4,"column":0},"end":{"line":4,"column":69}},"2":{"start":{"line":8,"column":0},"end":{"line":585,"column":2}},"3":{"start":{"line":9,"column":1},"end":{"line":16,"column":3}},"4":{"start":{"line":10,"column":2},"end":{"line":15,"column":4}},"5":{"start":{"line":11,"column":3},"end":{"line":11,"column":109}},"6":{"start":{"line":12,"column":3},"end":{"line":12,"column":109}},"7":{"start":{"line":13,"column":3},"end":{"line":13,"column":110}},"8":{"start":{"line":14,"column":3},"end":{"line":14,"column":110}},"9":{"start":{"line":18,"column":1},"end":{"line":158,"column":3}},"10":{"start":{"line":19,"column":2},"end":{"line":52,"column":4}},"11":{"start":{"line":20,"column":3},"end":{"line":29,"column":5}},"12":{"start":{"line":21,"column":4},"end":{"line":21,"column":92}},"13":{"start":{"line":22,"column":4},"end":{"line":22,"column":57}},"14":{"start":{"line":23,"column":4},"end":{"line":23,"column":92}},"15":{"start":{"line":24,"column":4},"end":{"line":24,"column":57}},"16":{"start":{"line":25,"column":4},"end":{"line":25,"column":92}},"17":{"start":{"line":26,"column":4},"end":{"line":26,"column":57}},"18":{"start":{"line":27,"column":4},"end":{"line":27,"column":92}},"19":{"start":{"line":28,"column":4},"end":{"line":28,"column":57}},"20":{"start":{"line":31,"column":3},"end":{"line":40,"column":5}},"21":{"start":{"line":32,"column":4},"end":{"line":32,"column":92}},"22":{"start":{"line":33,"column":4},"end":{"line":33,"column":64}},"23":{"start":{"line":34,"column":4},"end":{"line":34,"column":92}},"24":{"start":{"line":35,"column":4},"end":{"line":35,"column":64}},"25":{"start":{"line":36,"column":4},"end":{"line":36,"column":92}},"26":{"start":{"line":37,"column":4},"end":{"line":37,"column":64}},"27":{"start":{"line":38,"column":4},"end":{"line":38,"column":92}},"28":{"start":{"line":39,"column":4},"end":{"line":39,"column":64}},"29":{"start":{"line":42,"column":3},"end":{"line":51,"column":5}},"30":{"start":{"line":43,"column":4},"end":
[...]
,"/Users/pivotal/workspace/web-render/src/pattern/view/index.ts": {"path":"/Users/pivotal/workspace/web-render/src/pattern/view/index.ts","statementMap":{"0":{"start":{"line":1,"column":0},"end":{"line":1,"column":61}},"1":{"start":{"line":11,"column":1},"end":{"line":11,"column":21}},"2":{"start":{"line":2,"column":0},"end":{"line":2,"column":45}},"3":{"start":{"line":12,"column":1},"end":{"line":12,"column":13}},"4":{"start":{"line":3,"column":0},"end":{"line":3,"column":43}},"5":{"start":{"line":16,"column":1},"end":{"line":16,"column":12}},"6":{"start":{"line":4,"column":0},"end":{"line":4,"column":39}},"7":{"start":{"line":17,"column":1},"end":{"line":17,"column":10}},"8":{"start":{"line":5,"column":0},"end":{"line":5,"column":53}},"9":{"start":{"line":14,"column":1},"end":{"line":14,"column":17}},"10":{"start":{"line":6,"column":0},"end":{"line":6,"column":55}},"11":{"start":{"line":13,"column":1},"end":{"line":13,"column":18}},"12":{"start":{"line":7,"column":0},"end":{"line":7,"column":39}},"13":{"start":{"line":18,"column":1},"end":{"line":18,"column":10}},"14":{"start":{"line":8,"column":0},"end":{"line":8,"column":45}},"15":{"start":{"line":15,"column":1},"end":{"line":15,"column":13}}},"fnMap":{},"branchMap":{},"s":{"0":1,"1":1,"2":1,"3":1,"4":1,"5":1,"6":1,"7":1,"8":1,"9":1,"10":1,"11":1,"12":1,"13":1,"14":1,"15":1},"f":{},"b":{}}
,"/Users/pivotal/workspace/web-render/src/pattern/view/viewSettings.ts": {"path":"/Users/pivotal/workspace/web-render/src/pattern/view/viewSettings.ts","statementMap":{"0":{"start":{"line":5,"column":0},"end":{"line":5,"column":98}},"1":{"start":{"line":6,"column":0},"end":{"line":6,"column":29}},"2":{"start":{"line":23,"column":32},"end":{"line":23,"column":42}},"3":{"start":{"line":55,"column":1},"end":{"line":55,"column":20}},"4":{"start":{"line":24,"column":71},"end":{"line":24,"column":76}},"5":{"start":{"line":25,"column":56},"end":{"line":25,"column":68}},"6":{"start":{"line":26,"column":29},"end":{"line":26,"column":30}},"7":{"start":{"line":27,"column":47},"end":{"line":27,"column":52}},"8":{"start":{"line":29,"column":44},"end":{"line":35,"column":1}},"9":{"start":{"line":54,"column":1},"end":{"line":54,"column":22}},"10":{"start":{"line":39,"column":59},"end":{"line":42,"column":2}},"11":{"start":{"line":57,"column":1},"end":{"line":57,"column":28}}},"fnMap":{},"branchMap":{},"s":{"0":1,"1":1,"2":1,"3":1,"4":1,"5":1,"6":1,"7":1,"8":1,"9":1,"10":1,"11":1},"f":{},"b":{}}
,"/Users/pivotal/workspace/web-render/src/utilities/codeUtilities.ts": {"path":"/Users/pivotal/workspace/web-render/src/utilities/codeUtilities.ts","statementMap":{"0":{"start":{"line":4,"column":1},"end":{"line":14,"column":2}},"1":{"start":{"line":4,"column":13},"end":{"line":4,"column":69}},"2":{"start":{"line":5,"column":23},"end":{"line":5,"column":25}},"3":{"start":{"line":6,"column":2},"end":{"line":8,"column":3}},"4":{"start":{"line":7,"column":3},"end":{"line":7,"column":15}},"5":{"start":{"line":9,"column":2},"end":{"line":11,"column":3}},"6":{"start":{"line":10,"column":3},"end":{"line":10,"column":48}},"7":{"start":{"line":10,"column":42},"end":{"line":10,"column":47}},"8":{"start":{"line":13,"column":2},"end":{"line":13,"column":13}},"9":{"start":{"line":90,"column":1},"end":{"line":90,"column":9}},"10":{"start":{"line":17,"column":1},"end":{"line":30,"column":2}},"11":{"start":{"line":17,"column":7},"end":{"line":17,"column":12}},"12":{"start":{"line":17,"column":14},"end":{"line":17,"column":23}},"13":{"start":{"line":19,"column":2},"end":{"line":27,"column":3}},"14":{"start":{"line":20,"column":3},"end":{"line":20,"column":52}},"15":{"start":{"line":21,"column":3},"end":{"line":23,"column":4}},"16":{"start":{"line":22,"column":4},"end":{"line":22,"column":9}},"17":{"start":{"line":26,"column":3},"end":{"line":26,"column":27}},"18":{"start":{"line":29,"column":2},"end":{"line":29,"column":19}},"19":{"start":{"line":91,"column":1},"end":{"line":91,"column":13}},"20":{"start":{"line":33,"column":1},"end":{"line":37,"column":2}},"21":{"start":{"line":34,"column":32},"end":{"line":34,"column":79}},"22":{"start":{"line":36,"column":2},"end":{"line":36,"column":114}},"23":{"start":{"line":36,"column":52},"end":{"line":36,"column":55}},"24":{"start":{"line":36,"column":57},"end":{"line":36,"column":62}},"25":{"start":{"line":36,"column":95},"end":{"line":36,"column":113}},"26":{"start":{"line":92,"column":1},"end":{"line":92,"column":13}},"27":{"start":{"line":40,"column":1},"end":{"line":49,"column":2}},"28":{"start":{"line":41,"column":28},"end":{"line":41,"column":37}},"29":{"start":{"line":42,"column":2},"end":{"line":45,"column":4}},"30":{"start":{"line":48,"column":2},"end":{"line":48,"column":21}},"31":{"start":{"line":93,"column":1},"end":{"line":93,"column":10}},"32":{"start":{"line":53,"column":1},"end":{"line":57,"column":2}},"33":{"start":{"line":53,"column":36},"end":{"line":53,"column":50}},"34":{"start":{"line":53,"column":52},"end":{"line":53,"column":72}},"35":{"start":{"line":54,"column":2},"end":{"line":56,"column":4}},"36":{"start":{"line":54,"column":50},"end":{"line":54,"column":53}},"37":{"start":{"line":54,"column":55},"end":{"line":54,"column":60}},"38":{"start":{"line":55,"column":3},"end":{"line":55,"column":57}},"39":{"start":{"line":60,"column":1},"end":{"line":73,"column":2}},"40":{"start":{"line":62,"column":2},"end":{"line":70,"column":3}},"41":{"start":{"line":63,"column":3},"end":{"line":63,"column":60}},"42":{"start":{"line":65,"column":7},"end":{"line":70,"column":3}},"43":{"start":{"line":66,"column":3},"end":{"line":66,"column":56}},"44":{"start":{"line":69,"column":3},"end":{"line":69,"column":45}},"45":{"start":{"line":72,"column":2},"end":{"line":72,"column":26}},"46":{"start":{"line":94,"column":1},"end":{"line":94,"column":24}},"47":{"start":{"line":75,"column":47},"end":{"line":75,"column":107}},"48":{"start":{"line":75,"column":76},"end":{"line":75,"column":107}},"49":{"start":{"line":95,"column":1},"end":{"line":95,"column":10}},"50":{"start":{"line":79,"column":1},"end":{"line":82,"column":2}},"51":{"start":{"line":79,"column":36},"end":{"line":79,"column":50}},"52":{"start":{"line":79,"column":52},"end":{"line":79,"column":72}},"53":{"start":{"line":80,"column":2},"end":{"line":80,"column":93}},"54":{"start":{"line":80,"column":64},"end":{"line":80,"column":92}},"55":{"start":{"line":81,"column":2},"end":{"line":81,"column":77}},"56":{"start":{"line":96,"column":1},"end":{"line":96,"column":21}},"57":{"start":{"line":84,"column":41},"end":{"line":84,"column":88}},"58":{"start":{"line":84,"column":65},"end":{"line":84,"column":88}},"59":{"start":{"line":97,"column":1},"end":{"line":97,"column":9}},"60":{"start":{"line":87,"column":1},"end":{"line":87,"column":95}},"61":{"start":{"line":87,"column":30},"end":{"line":87,"column":95}},"62":{"start":{"line":98,"column":1},"end":{"line":98,"column":8}}},"fnMap":{"0":{"name":"(anonymous_0)","decl":{"start":{"line":4,"column":1},"end":{"line":4,"column":1}},"loc":{"start":{"line":4,"column":69},"end":{"line":14,"column":2}}},"1":{"name":"(anonymous_1)","decl":{"start":{"line":10,"column":19},"end":{"line":10,"column":19}},"loc":{"start":{"line":10,"column":29},"end":{"line":10,"column":47}}},"2":{"name":"(anonymous_2)","decl":{"start":{"line":17,"column":1},"end":{"line":17,"column":4}},"loc":{"start":{"line":17,"column":57},"end":{"line":30,"column":2}}},"3":{"name":"(anonymous_3)","decl":{"start":{"line":33,"column":1},"end":{"line":33,"column":33}},"loc":{"start":{"line":33,"column":44},"end":{"line":37,"column":2}}},"4":{"name":"(anonymous_4)","decl":{"start":{"line":36,"column":49},"end":{"line":36,"column":49}},"loc":{"start":{"line":36,"column":81},"end":{"line":36,"column":113}}},"5":{"name":"(anonymous_5)","decl":{"start":{"line":40,"column":1},"end":{"line":40,"column":4}},"loc":{"start":{"line":40,"column":25},"end":{"line":49,"column":2}}},"6":{"name":"(anonymous_6)","decl":{"start":{"line":53,"column":1},"end":{"line":53,"column":33}},"loc":{"start":{"line":53,"column":122},"end":{"line":57,"column":2}}},"7":{"name":"(anonymous_7)","decl":{"start":{"line":54,"column":47},"end":{"line":54,"column":47}},"loc":{"start":{"line":54,"column":79},"end":{"line":56,"column":3}}},"8":{"name":"(anonymous_8)","decl":{"start":{"line":60,"column":1},"end":{"line":60,"column":4}},"loc":{"start":{"line":60,"column":30},"end":{"line":73,"column":2}}},"9":{"name":"(anonymous_9)","decl":{"start":{"line":75,"column":47},"end":{"line":75,"column":50}},"loc":{"start":{"line":75,"column":62},"end":{"line":75,"column":107}}},"10":{"name":"(anonymous_10)","decl":{"start":{"line":79,"column":1},"end":{"line":79,"column":33}},"loc":{"start":{"line":79,"column":122},"end":{"line":82,"column":2}}},"11":{"name":"(anonymous_11)","decl":{"start":{"line":80,"column":38},"end":{"line":80,"column":38}},"loc":{"start":{"line":80,"column":50},"end":{"line":80,"column":92}}},"12":{"name":"(anonymous_12)","decl":{"start":{"line":84,"column":41},"end":{"line":84,"column":44}},"loc":{"start":{"line":84,"column":55},"end":{"line":84,"column":88}}},"13":{"name":"(anonymous_13)","decl":{"start":{"line":87,"column":1},"end":{"line":87,"column":1}},"loc":{"start":{"line":87,"column":16},"end":{"line":87,"column":95}}}},"branchMap":{"0":{"loc":{"start":{"line":4,"column":13},"end":{"line":4,"column":69}},"type":"if","locations":[{"start":{"line":4,"column":13},"end":{"line":4,"column":69}},{"start":{"line":4,"column":13},"end":{"line":4,"column":69}}]},"1":{"loc":{"start":{"line":9,"column":2},"end":{"line":11,"column":3}},"type":"if","locations":[{"start":{"line":9,"column":2},"end":{"line":11,"column":3}},{"start":{"line":9,"column":2},"end":{"line":11,"column":3}}]},"2":{"loc":{"start":{"line":17,"column":14},"end":{"line":17,"column":22}},"type":"cond-expr","locations":[{"start":{"line":17,"column":14},"end":{"line":17,"column":22}},{"start":{"line":17,"column":14},"end":{"line":17,"column":23}}]},"3":{"loc":{"start":{"line":19,"column":2},"end":{"line":27,"column":3}},"type":"if","locations":[{"start":{"line":19,"column":2},"end":{"line":27,"column":3}},{"start":{"line":19,"column":2},"end":{"line":27,"column":3}}]},"4":{"loc":{"start":{"line":21,"column":3},"end":{"line":23,"column":4}},"type":"if","locations":[{"start":{"line":21,"column":3},"end":{"line":23,"column":4}},{"start":{"line":21,"column":3},"end":{"line":23,"column":4}}]},"5":{"loc":{"start":{"line":36,"column":9},"end":{"line":36,"column":21}},"type":"binary-expr","locations":[{"start":{"line":36,"column":9},"end":{"line":36,"column":21}},{"start":{"line":36,"column":25},"end":{"line":36,"column":114}}]},"6":{"loc":{"start":{"line":62,"column":2},"end":{"line":70,"column":3}},"type":"if","locations":[{"start":{"line":62,"column":2},"end":{"line":70,"column":3}},{"start":{"line":62,"column":2},"end":{"line":70,"column":3}}]},"7":{"loc":{"start":{"line":65,"column":7},"end":{"line":70,"column":3}},"type":"if","locations":[{"start":{"line":65,"column":7},"end":{"line":70,"column":3}},{"start":{"line":65,"column":7},"end":{"line":70,"column":3}}]},"8":{"loc":{"start":{"line":65,"column":11},"end":{"line":65,"column":33}},"type":"binary-expr","locations":[{"start":{"line":65,"column":11},"end":{"line":65,"column":33}},{"start":{"line":65,"column":37},"end":{"line":65,"column":79}}]},"9":{"loc":{"start":{"line":87,"column":30},"end":{"line":87,"column":62}},"type":"binary-expr","locations":[{"start":{"line":87,"column":30},"end":{"line":87,"column":62}},{"start":{"line":87,"column":66},"end":{"line":87,"column":95}}]}},"s":{"0":1,"1":111,"2":56,"3":56,"4":350,"5":56,"6":1,"7":5,"8":56,"9":1,"10":1,"11":70,"12":140,"13":70,"14":2,"15":2,"16":1,"17":68,"18":70,"19":1,"20":1,"21":9,"22":9,"23":25,"24":25,"25":25,"26":1,"27":1,"28":7235,"29":7235,"30":7235,"31":1,"32":1,"33":7651,"34":7651,"35":7651,"36":29194,"37":29194,"38":29194,"39":1,"40":29197,"41":2540,"42":26657,"43":7212,"44":19445,"45":29197,"46":1,"47":1,"48":17381,"49":1,"50":1,"51":416,"52":416,"53":416,"54":7437,"55":416,"56":1,"57":1,"58":8,"59":1,"60":1,"61":2,"62":1},"f":{"0":56,"1":5,"2":70,"3":9,"4":25,"5":7235,"6":7651,"7":29194,"8":29197,"9":17381,"10":416,"11":7437,"12":8,"13":2},"b":{"0":[55,1],"1":[1,55],"2":[1,69],"3":[2,68],"4":[1,1],"5":[9,8],"6":[2540,26657],"7":[7212,19445],"8":[26657,14463],"9":[2,1]}}
,"/Users/pivotal/workspace/web-render/src/utilities/index.ts": {"path":"/Users/pivotal/workspace/web-render/src/utilities/index.ts","statementMap":{"0":{"start":{"line":1,"column":0},"end":{"line":1,"column":47}},"1":{"start":{"line":13,"column":1},"end":{"line":13,"column":14}},"2":{"start":{"line":2,"column":0},"end":{"line":2,"column":47}},"3":{"start":{"line":12,"column":1},"end":{"line":12,"column":14}},"4":{"start":{"line":3,"column":0},"end":{"line":3,"column":29}},"5":{"start":{"line":17,"column":1},"end":{"line":17,"column":5}},"6":{"start":{"line":9,"column":0},"end":{"line":9,"column":79}},"7":{"start":{"line":20,"column":1},"end":{"line":20,"column":15}},"8":{"start":{"line":19,"column":1},"end":{"line":19,"column":16}},"9":{"start":{"line":18,"column":1},"end":{"line":18,"column":14}}},"fnMap":{},"branchMap":{},"s":{"0":1,"1":1,"2":1,"3":1,"4":1,"5":1,"6":1,"7":1,"8":1,"9":1},"f":{},"b":{}}
,"/Users/pivotal/workspace/web-render/src/utilities/mathUtilities.ts": {"path":"/Users/pivotal/workspace/web-render/src/utilities/mathUtilities.ts","statementMap":{"0":{"start":{"line":3,"column":0},"end":{"line":3,"column":30}},"1":{"start":{"line":7,"column":1},"end":{"line":7,"column":36}},"2":{"start":{"line":7,"column":25},"end":{"line":7,"column":36}},"3":{"start":{"line":50,"column":1},"end":{"line":50,"column":6}},"4":{"start":{"line":10,"column":1},"end":{"line":10,"column":39}},"5":{"start":{"line":10,"column":24},"end":{"line":10,"column":39}},"6":{"start":{"line":52,"column":1},"end":{"line":52,"column":17}},"7":{"start":{"line":13,"column":1},"end":{"line":13,"column":56}},"8":{"start":{"line":13,"column":24},"end":{"line":13,"column":56}},"9":{"start":{"line":53,"column":1},"end":{"line":53,"column":15}},"10":{"start":{"line":16,"column":1},"end":{"line":16,"column":54}},"11":{"start":{"line":16,"column":24},"end":{"line":16,"column":54}},"12":{"start":{"line":54,"column":1},"end":{"line":54,"column":20}},"13":{"start":{"line":19,"column":1},"end":{"line":20,"column":60}},"14":{"start":{"line":19,"column":4},"end":{"line":19,"column":10}},"15":{"start":{"line":19,"column":12},"end":{"line":19,"column":17}},"16":{"start":{"line":20,"column":2},"end":{"line":20,"column":60}},"17":{"start":{"line":51,"column":1},"end":{"line":51,"column":18}},"18":{"start":{"line":23,"column":1},"end":{"line":30,"column":2}},"19":{"start":{"line":23,"column":4},"end":{"line":23,"column":5}},"20":{"start":{"line":23,"column":7},"end":{"line":23,"column":17}},"21":{"start":{"line":23,"column":19},"end":{"line":23,"column":29}},"22":{"start":{"line":24,"column":20},"end":{"line":24,"column":34}},"23":{"start":{"line":25,"column":20},"end":{"line":25,"column":47}},"24":{"start":{"line":26,"column":20},"end":{"line":26,"column":38}},"25":{"start":{"line":27,"column":20},"end":{"line":27,"column":34}},"26":{"start":{"line":29,"column":2},"end":{"line":29,"column":48}},"27":{"start":{"line":55,"column":1},"end":{"line":55,"column":12}},"28":{"start":{"line":33,"column":1},"end":{"line":47,"column":2}},"29":{"start":{"line":33,"column":4},"end":{"line":33,"column":14}},"30":{"start":{"line":33,"column":16},"end":{"line":33,"column":21}},"31":{"start":{"line":33,"column":23},"end":{"line":33,"column":31}},"32":{"start":{"line":34,"column":22},"end":{"line":34,"column":53}},"33":{"start":{"line":35,"column":22},"end":{"line":35,"column":53}},"34":{"start":{"line":37,"column":25},"end":{"line":37,"column":40}},"35":{"start":{"line":38,"column":25},"end":{"line":38,"column":40}},"36":{"start":{"line":40,"column":28},"end":{"line":40,"column":47}},"37":{"start":{"line":41,"column":28},"end":{"line":41,"column":47}},"38":{"start":{"line":43,"column":2},"end":{"line":46,"column":3}},"39":{"start":{"line":56,"column":1},"end":{"line":56,"column":7}}},"fnMap":{"0":{"name":"(anonymous_0)","decl":{"start":{"line":7,"column":1},"end":{"line":7,"column":1}},"loc":{"start":{"line":7,"column":11},"end":{"line":7,"column":36}}},"1":{"name":"(anonymous_1)","decl":{"start":{"line":10,"column":1},"end":{"line":10,"column":1}},"loc":{"start":{"line":10,"column":11},"end":{"line":10,"column":39}}},"2":{"name":"(anonymous_2)","decl":{"start":{"line":13,"column":1},"end":{"line":13,"column":1}},"loc":{"start":{"line":13,"column":11},"end":{"line":13,"column":56}}},"3":{"name":"(anonymous_3)","decl":{"start":{"line":16,"column":1},"end":{"line":16,"column":1}},"loc":{"start":{"line":16,"column":11},"end":{"line":16,"column":54}}},"4":{"name":"(anonymous_4)","decl":{"start":{"line":19,"column":1},"end":{"line":19,"column":1}},"loc":{"start":{"line":19,"column":54},"end":{"line":20,"column":60}}},"5":{"name":"(anonymous_5)","decl":{"start":{"line":23,"column":1},"end":{"line":23,"column":1}},"loc":{"start":{"line":23,"column":86},"end":{"line":30,"column":2}}},"6":{"name":"(anonymous_6)","decl":{"start":{"line":33,"column":1},"end":{"line":33,"column":1}},"loc":{"start":{"line":33,"column":94},"end":{"line":47,"column":2}}}},"branchMap":{},"s":{"0":1,"1":1,"2":202,"3":1,"4":1,"5":1029,"6":1,"7":1,"8":101,"9":1,"10":1,"11":201,"12":1,"13":1,"14":217,"15":217,"16":217,"17":1,"18":1,"19":593,"20":593,"21":593,"22":593,"23":593,"24":593,"25":593,"26":593,"27":1,"28":1,"29":5,"30":5,"31":5,"32":5,"33":5,"34":5,"35":5,"36":5,"37":5,"38":5,"39":1},"f":{"0":202,"1":1029,"2":101,"3":201,"4":217,"5":593,"6":5},"b":{}}
,"/Users/pivotal/workspace/web-render/src/utilities/noop.ts": {"path":"/Users/pivotal/workspace/web-render/src/utilities/noop.ts","statementMap":{"0":{"start":{"line":4,"column":1},"end":{"line":4,"column":22}},"1":{"start":{"line":4,"column":13},"end":{"line":4,"column":22}},"2":{"start":{"line":6,"column":17},"end":{"line":6,"column":21}}},"fnMap":{"0":{"name":"(anonymous_0)","decl":{"start":{"line":4,"column":1},"end":{"line":4,"column":12}},"loc":{"start":{"line":4,"column":1},"end":{"line":4,"column":22}}}},"branchMap":{},"s":{"0":1,"1":34,"2":1},"f":{"0":34},"b":{}}
,"/Users/pivotal/workspace/web-render/src/utilities/windowWrapper.ts": {"path":"/Users/pivotal/workspace/web-render/src/utilities/windowWrapper.ts","statementMap":{"0":{"start":{"line":3,"column":0},"end":{"line":3,"column":36}},"1":{"start":{"line":16,"column":31},"end":{"line":23,"column":1}},"2":{"start":{"line":32,"column":27},"end":{"line":40,"column":1}},"3":{"start":{"line":42,"column":28},"end":{"line":42,"column":35}},"4":{"start":{"line":51,"column":1},"end":{"line":51,"column":15}},"5":{"start":{"line":52,"column":1},"end":{"line":52,"column":16}},"6":{"start":{"line":53,"column":1},"end":{"line":53,"column":14}}},"fnMap":{},"branchMap":{},"s":{"0":1,"1":1,"2":1,"3":1,"4":1,"5":1,"6":1},"f":{},"b":{}}
}
